ERROR - 2023-09-10 20:30:16 --> Error connecting to the database: mysqli_sql_exception: Access denied for user '	u214432491_proyecto'@'localhost' (using password: YES) in /home/u214432491/domains/jhonathan.online/public_html/system/Database/MySQLi/Connection.php:173
Stack trace:
#0 /home/u214432491/domains/jhonathan.online/public_html/system/Database/MySQLi/Connection.php(173): mysqli->real_connect()
#1 /home/u214432491/domains/jhonathan.online/public_html/system/Database/BaseConnection.php(391): CodeIgniter\Database\MySQLi\Connection->connect()
#2 /home/u214432491/domains/jhonathan.online/public_html/system/Database/BaseConnection.php(574): CodeIgniter\Database\BaseConnection->initialize()
#3 /home/u214432491/domains/jhonathan.online/public_html/system/Database/BaseBuilder.php(1616): CodeIgniter\Database\BaseConnection->query()
#4 /home/u214432491/domains/jhonathan.online/public_html/system/Model.php(241): CodeIgniter\Database\BaseBuilder->get()
#5 /home/u214432491/domains/jhonathan.online/public_html/system/BaseModel.php(618): CodeIgniter\Model->doFindAll()
#6 /home/u214432491/domains/jhonathan.online/public_html/app/Controllers/Libros.php(11): CodeIgniter\BaseModel->findAll()
#7 /home/u214432491/domains/jhonathan.online/public_html/system/CodeIgniter.php(934): App\Controllers\Libros->index()
#8 /home/u214432491/domains/jhonathan.online/public_html/system/CodeIgniter.php(499): CodeIgniter\CodeIgniter->runController()
#9 /home/u214432491/domains/jhonathan.online/public_html/system/CodeIgniter.php(368): CodeIgniter\CodeIgniter->handleRequest()
#10 /home/u214432491/domains/jhonathan.online/public_html/public/index.php(67): CodeIgniter\CodeIgniter->run()
#11 {main}

Next CodeIgniter\Database\Exceptions\DatabaseException: Access denied for user '****'@'localhost' (using password: YES) in /home/u214432491/domains/jhonathan.online/public_html/system/Database/MySQLi/Connection.php:218
Stack trace:
#0 /home/u214432491/domains/jhonathan.online/public_html/system/Database/BaseConnection.php(391): CodeIgniter\Database\MySQLi\Connection->connect()
#1 /home/u214432491/domains/jhonathan.online/public_html/system/Database/BaseConnection.php(574): CodeIgniter\Database\BaseConnection->initialize()
#2 /home/u214432491/domains/jhonathan.online/public_html/system/Database/BaseBuilder.php(1616): CodeIgniter\Database\BaseConnection->query()
#3 /home/u214432491/domains/jhonathan.online/public_html/system/Model.php(241): CodeIgniter\Database\BaseBuilder->get()
#4 /home/u214432491/domains/jhonathan.online/public_html/system/BaseModel.php(618): CodeIgniter\Model->doFindAll()
#5 /home/u214432491/domains/jhonathan.online/public_html/app/Controllers/Libros.php(11): CodeIgniter\BaseModel->findAll()
#6 /home/u214432491/domains/jhonathan.online/public_html/system/CodeIgniter.php(934): App\Controllers\Libros->index()
#7 /home/u214432491/domains/jhonathan.online/public_html/system/CodeIgniter.php(499): CodeIgniter\CodeIgniter->runController()
#8 /home/u214432491/domains/jhonathan.online/public_html/system/CodeIgniter.php(368): CodeIgniter\CodeIgniter->handleRequest()
#9 /home/u214432491/domains/jhonathan.online/public_html/public/index.php(67): CodeIgniter\CodeIgniter->run()
#10 {main}
CRITICAL - 2023-09-10 20:30:16 --> Unable to connect to the database.
Main connection [MySQLi]: Access denied for user '****'@'localhost' (using password: YES)
in SYSTEMPATH/Database/BaseConnection.php on line 427.
 1 SYSTEMPATH/Database/BaseConnection.php(574): CodeIgniter\Database\BaseConnection->initialize()
 2 SYSTEMPATH/Database/BaseBuilder.php(1616): CodeIgniter\Database\BaseConnection->query()
 3 SYSTEMPATH/Model.php(241): CodeIgniter\Database\BaseBuilder->get()
 4 SYSTEMPATH/BaseModel.php(618): CodeIgniter\Model->doFindAll()
 5 APPPATH/Controllers/Libros.php(11): CodeIgniter\BaseModel->findAll()
 6 SYSTEMPATH/CodeIgniter.php(934): App\Controllers\Libros->index()
 7 SYSTEMPATH/CodeIgniter.php(499): CodeIgniter\CodeIgniter->runController()
 8 SYSTEMPATH/CodeIgniter.php(368): CodeIgniter\CodeIgniter->handleRequest()
 9 FCPATH/index.php(67): CodeIgniter\CodeIgniter->run()
ERROR - 2023-09-10 20:37:02 --> Error connecting to the database: mysqli_sql_exception: Access denied for user '	u214432491_proyecto'@'localhost' (using password: YES) in /home/u214432491/domains/jhonathan.online/public_html/system/Database/MySQLi/Connection.php:173
Stack trace:
#0 /home/u214432491/domains/jhonathan.online/public_html/system/Database/MySQLi/Connection.php(173): mysqli->real_connect()
#1 /home/u214432491/domains/jhonathan.online/public_html/system/Database/BaseConnection.php(391): CodeIgniter\Database\MySQLi\Connection->connect()
#2 /home/u214432491/domains/jhonathan.online/public_html/system/Database/BaseConnection.php(574): CodeIgniter\Database\BaseConnection->initialize()
#3 /home/u214432491/domains/jhonathan.online/public_html/system/Database/BaseBuilder.php(1616): CodeIgniter\Database\BaseConnection->query()
#4 /home/u214432491/domains/jhonathan.online/public_html/system/Model.php(241): CodeIgniter\Database\BaseBuilder->get()
#5 /home/u214432491/domains/jhonathan.online/public_html/system/BaseModel.php(618): CodeIgniter\Model->doFindAll()
#6 /home/u214432491/domains/jhonathan.online/public_html/app/Controllers/Libros.php(11): CodeIgniter\BaseModel->findAll()
#7 /home/u214432491/domains/jhonathan.online/public_html/system/CodeIgniter.php(934): App\Controllers\Libros->index()
#8 /home/u214432491/domains/jhonathan.online/public_html/system/CodeIgniter.php(499): CodeIgniter\CodeIgniter->runController()
#9 /home/u214432491/domains/jhonathan.online/public_html/system/CodeIgniter.php(368): CodeIgniter\CodeIgniter->handleRequest()
#10 /home/u214432491/domains/jhonathan.online/public_html/public/index.php(67): CodeIgniter\CodeIgniter->run()
#11 {main}

Next CodeIgniter\Database\Exceptions\DatabaseException: Access denied for user '****'@'localhost' (using password: YES) in /home/u214432491/domains/jhonathan.online/public_html/system/Database/MySQLi/Connection.php:218
Stack trace:
#0 /home/u214432491/domains/jhonathan.online/public_html/system/Database/BaseConnection.php(391): CodeIgniter\Database\MySQLi\Connection->connect()
#1 /home/u214432491/domains/jhonathan.online/public_html/system/Database/BaseConnection.php(574): CodeIgniter\Database\BaseConnection->initialize()
#2 /home/u214432491/domains/jhonathan.online/public_html/system/Database/BaseBuilder.php(1616): CodeIgniter\Database\BaseConnection->query()
#3 /home/u214432491/domains/jhonathan.online/public_html/system/Model.php(241): CodeIgniter\Database\BaseBuilder->get()
#4 /home/u214432491/domains/jhonathan.online/public_html/system/BaseModel.php(618): CodeIgniter\Model->doFindAll()
#5 /home/u214432491/domains/jhonathan.online/public_html/app/Controllers/Libros.php(11): CodeIgniter\BaseModel->findAll()
#6 /home/u214432491/domains/jhonathan.online/public_html/system/CodeIgniter.php(934): App\Controllers\Libros->index()
#7 /home/u214432491/domains/jhonathan.online/public_html/system/CodeIgniter.php(499): CodeIgniter\CodeIgniter->runController()
#8 /home/u214432491/domains/jhonathan.online/public_html/system/CodeIgniter.php(368): CodeIgniter\CodeIgniter->handleRequest()
#9 /home/u214432491/domains/jhonathan.online/public_html/public/index.php(67): CodeIgniter\CodeIgniter->run()
#10 {main}
CRITICAL - 2023-09-10 20:37:02 --> Unable to connect to the database.
Main connection [MySQLi]: Access denied for user '****'@'localhost' (using password: YES)
in SYSTEMPATH/Database/BaseConnection.php on line 427.
 1 SYSTEMPATH/Database/BaseConnection.php(574): CodeIgniter\Database\BaseConnection->initialize()
 2 SYSTEMPATH/Database/BaseBuilder.php(1616): CodeIgniter\Database\BaseConnection->query()
 3 SYSTEMPATH/Model.php(241): CodeIgniter\Database\BaseBuilder->get()
 4 SYSTEMPATH/BaseModel.php(618): CodeIgniter\Model->doFindAll()
 5 APPPATH/Controllers/Libros.php(11): CodeIgniter\BaseModel->findAll()
 6 SYSTEMPATH/CodeIgniter.php(934): App\Controllers\Libros->index()
 7 SYSTEMPATH/CodeIgniter.php(499): CodeIgniter\CodeIgniter->runController()
 8 SYSTEMPATH/CodeIgniter.php(368): CodeIgniter\CodeIgniter->handleRequest()
 9 FCPATH/index.php(67): CodeIgniter\CodeIgniter->run()
CRITICAL - 2023-09-10 20:37:53 --> Invalid file: "Libros/editar.php"
in SYSTEMPATH/Exceptions/FrameworkException.php on line 33.
 1 SYSTEMPATH/View/View.php(201): CodeIgniter\Exceptions\FrameworkException::forInvalidFile()
 2 SYSTEMPATH/Common.php(1184): CodeIgniter\View\View->render()
 3 APPPATH/Controllers/Libros.php(96): view()
 4 SYSTEMPATH/CodeIgniter.php(934): App\Controllers\Libros->editar()
 5 SYSTEMPATH/CodeIgniter.php(499): CodeIgniter\CodeIgniter->runController()
 6 SYSTEMPATH/CodeIgniter.php(368): CodeIgniter\CodeIgniter->handleRequest()
 7 FCPATH/index.php(67): CodeIgniter\CodeIgniter->run()
