CRITICAL - 2023-05-21 00:34:43 --> unlink(../public/uploads/imagen note.jpg): No such file or directory
in APPPATH\Controllers\Libros.php on line 55.
 1 [internal function]: CodeIgniter\Debug\Exceptions->errorHandler(2, 'unlink(../public/uploads/imagen note.jpg): No such file or directory', 'C:\\xampp\\htdocs\\crudCodenaiter\\biblioteca\\app\\Controllers\\Libros.php', 55)
 2 APPPATH\Controllers\Libros.php(55): unlink('../public/uploads/imagen note.jpg')
 3 SYSTEMPATH\CodeIgniter.php(934): App\Controllers\Libros->borrar('2')
 4 SYSTEMPATH\CodeIgniter.php(499): CodeIgniter\CodeIgniter->runController(Object(App\Controllers\Libros))
 5 SYSTEMPATH\CodeIgniter.php(368): CodeIgniter\CodeIgniter->handleRequest(null, Object(Config\Cache), false)
 6 FCPATH\index.php(67): CodeIgniter\CodeIgniter->run()
CRITICAL - 2023-05-21 00:34:48 --> unlink(../public/uploads/imagen note.jpg): No such file or directory
in APPPATH\Controllers\Libros.php on line 55.
 1 [internal function]: CodeIgniter\Debug\Exceptions->errorHandler(2, 'unlink(../public/uploads/imagen note.jpg): No such file or directory', 'C:\\xampp\\htdocs\\crudCodenaiter\\biblioteca\\app\\Controllers\\Libros.php', 55)
 2 APPPATH\Controllers\Libros.php(55): unlink('../public/uploads/imagen note.jpg')
 3 SYSTEMPATH\CodeIgniter.php(934): App\Controllers\Libros->borrar('2')
 4 SYSTEMPATH\CodeIgniter.php(499): CodeIgniter\CodeIgniter->runController(Object(App\Controllers\Libros))
 5 SYSTEMPATH\CodeIgniter.php(368): CodeIgniter\CodeIgniter->handleRequest(null, Object(Config\Cache), false)
 6 FCPATH\index.php(67): CodeIgniter\CodeIgniter->run()
CRITICAL - 2023-05-21 00:36:58 --> unlink(../public/uploads/imagen note.jpg): No such file or directory
in APPPATH\Controllers\Libros.php on line 55.
 1 [internal function]: CodeIgniter\Debug\Exceptions->errorHandler(2, 'unlink(../public/uploads/imagen note.jpg): No such file or directory', 'C:\\xampp\\htdocs\\crudCodenaiter\\biblioteca\\app\\Controllers\\Libros.php', 55)
 2 APPPATH\Controllers\Libros.php(55): unlink('../public/uploads/imagen note.jpg')
 3 SYSTEMPATH\CodeIgniter.php(934): App\Controllers\Libros->borrar('2')
 4 SYSTEMPATH\CodeIgniter.php(499): CodeIgniter\CodeIgniter->runController(Object(App\Controllers\Libros))
 5 SYSTEMPATH\CodeIgniter.php(368): CodeIgniter\CodeIgniter->handleRequest(null, Object(Config\Cache), false)
 6 FCPATH\index.php(67): CodeIgniter\CodeIgniter->run()
CRITICAL - 2023-05-21 00:37:22 --> unlink(../public/uploads/imagen note.jpg): No such file or directory
in APPPATH\Controllers\Libros.php on line 55.
 1 [internal function]: CodeIgniter\Debug\Exceptions->errorHandler(2, 'unlink(../public/uploads/imagen note.jpg): No such file or directory', 'C:\\xampp\\htdocs\\crudCodenaiter\\biblioteca\\app\\Controllers\\Libros.php', 55)
 2 APPPATH\Controllers\Libros.php(55): unlink('../public/uploads/imagen note.jpg')
 3 SYSTEMPATH\CodeIgniter.php(934): App\Controllers\Libros->borrar('2')
 4 SYSTEMPATH\CodeIgniter.php(499): CodeIgniter\CodeIgniter->runController(Object(App\Controllers\Libros))
 5 SYSTEMPATH\CodeIgniter.php(368): CodeIgniter\CodeIgniter->handleRequest(null, Object(Config\Cache), false)
 6 FCPATH\index.php(67): CodeIgniter\CodeIgniter->run()
CRITICAL - 2023-05-21 00:37:30 --> unlink(../public/uploads/imagen note.jpg): No such file or directory
in APPPATH\Controllers\Libros.php on line 102.
 1 [internal function]: CodeIgniter\Debug\Exceptions->errorHandler(2, 'unlink(../public/uploads/imagen note.jpg): No such file or directory', 'C:\\xampp\\htdocs\\crudCodenaiter\\biblioteca\\app\\Controllers\\Libros.php', 102)
 2 APPPATH\Controllers\Libros.php(102): unlink('../public/uploads/imagen note.jpg')
 3 SYSTEMPATH\CodeIgniter.php(934): App\Controllers\Libros->actualizar()
 4 SYSTEMPATH\CodeIgniter.php(499): CodeIgniter\CodeIgniter->runController(Object(App\Controllers\Libros))
 5 SYSTEMPATH\CodeIgniter.php(368): CodeIgniter\CodeIgniter->handleRequest(null, Object(Config\Cache), false)
 6 FCPATH\index.php(67): CodeIgniter\CodeIgniter->run()
CRITICAL - 2023-05-21 00:37:39 --> unlink(../public/uploads/imagen note.jpg): No such file or directory
in APPPATH\Controllers\Libros.php on line 102.
 1 [internal function]: CodeIgniter\Debug\Exceptions->errorHandler(2, 'unlink(../public/uploads/imagen note.jpg): No such file or directory', 'C:\\xampp\\htdocs\\crudCodenaiter\\biblioteca\\app\\Controllers\\Libros.php', 102)
 2 APPPATH\Controllers\Libros.php(102): unlink('../public/uploads/imagen note.jpg')
 3 SYSTEMPATH\CodeIgniter.php(934): App\Controllers\Libros->actualizar()
 4 SYSTEMPATH\CodeIgniter.php(499): CodeIgniter\CodeIgniter->runController(Object(App\Controllers\Libros))
 5 SYSTEMPATH\CodeIgniter.php(368): CodeIgniter\CodeIgniter->handleRequest(null, Object(Config\Cache), false)
 6 FCPATH\index.php(67): CodeIgniter\CodeIgniter->run()
CRITICAL - 2023-05-21 02:52:13 --> Undefined array key ""
in APPPATH\Views\libros\editar.php on line 10.
 1 APPPATH\Views\libros\editar.php(10): CodeIgniter\Debug\Exceptions->errorHandler(2, 'Undefined array key ""', 'C:\\xampp\\htdocs\\crudCodenaiter\\biblioteca\\app\\Views\\libros\\editar.php', 10)
 2 SYSTEMPATH\View\View.php(213): include('C:\\xampp\\htdocs\\crudCodenaiter\\biblioteca\\app\\Views\\libros\\editar.php')
 3 SYSTEMPATH\View\View.php(216): CodeIgniter\View\View->CodeIgniter\View\{closure}()
 4 SYSTEMPATH\Common.php(1184): CodeIgniter\View\View->render('Libros/editar', [], true)
 5 APPPATH\Controllers\Libros.php(85): view('Libros/editar', [...])
 6 SYSTEMPATH\CodeIgniter.php(934): App\Controllers\Libros->editar('7')
 7 SYSTEMPATH\CodeIgniter.php(499): CodeIgniter\CodeIgniter->runController(Object(App\Controllers\Libros))
 8 SYSTEMPATH\CodeIgniter.php(368): CodeIgniter\CodeIgniter->handleRequest(null, Object(Config\Cache), false)
 9 FCPATH\index.php(67): CodeIgniter\CodeIgniter->run()
