CRITICAL - 2023-05-20 21:45:15 --> Undefined variable $libro
in APPPATH\Views\libros\editar.php on line 5.
 1 APPPATH\Views\libros\editar.php(5): CodeIgniter\Debug\Exceptions->errorHandler(2, 'Undefined variable $libro', 'C:\\xampp\\htdocs\\crudCodenaiter\\biblioteca\\app\\Views\\libros\\editar.php', 5)
 2 SYSTEMPATH\View\View.php(213): include('C:\\xampp\\htdocs\\crudCodenaiter\\biblioteca\\app\\Views\\libros\\editar.php')
 3 SYSTEMPATH\View\View.php(216): CodeIgniter\View\View->CodeIgniter\View\{closure}()
 4 SYSTEMPATH\Common.php(1184): CodeIgniter\View\View->render('Libros/editar', [], true)
 5 APPPATH\Controllers\Libros.php(71): view('Libros/editar', [...])
 6 SYSTEMPATH\CodeIgniter.php(934): App\Controllers\Libros->editar('5')
 7 SYSTEMPATH\CodeIgniter.php(499): CodeIgniter\CodeIgniter->runController(Object(App\Controllers\Libros))
 8 SYSTEMPATH\CodeIgniter.php(368): CodeIgniter\CodeIgniter->handleRequest(null, Object(Config\Cache), false)
 9 FCPATH\index.php(67): CodeIgniter\CodeIgniter->run()
CRITICAL - 2023-05-20 21:45:48 --> print_r() expects at least 1 argument, 0 given
in APPPATH\Controllers\Libros.php on line 63.
 1 APPPATH\Controllers\Libros.php(63): print_r()
 2 SYSTEMPATH\CodeIgniter.php(934): App\Controllers\Libros->editar('5')
 3 SYSTEMPATH\CodeIgniter.php(499): CodeIgniter\CodeIgniter->runController(Object(App\Controllers\Libros))
 4 SYSTEMPATH\CodeIgniter.php(368): CodeIgniter\CodeIgniter->handleRequest(null, Object(Config\Cache), false)
 5 FCPATH\index.php(67): CodeIgniter\CodeIgniter->run()
CRITICAL - 2023-05-20 21:45:51 --> print_r() expects at least 1 argument, 0 given
in APPPATH\Controllers\Libros.php on line 63.
 1 APPPATH\Controllers\Libros.php(63): print_r()
 2 SYSTEMPATH\CodeIgniter.php(934): App\Controllers\Libros->editar('2')
 3 SYSTEMPATH\CodeIgniter.php(499): CodeIgniter\CodeIgniter->runController(Object(App\Controllers\Libros))
 4 SYSTEMPATH\CodeIgniter.php(368): CodeIgniter\CodeIgniter->handleRequest(null, Object(Config\Cache), false)
 5 FCPATH\index.php(67): CodeIgniter\CodeIgniter->run()
CRITICAL - 2023-05-20 21:46:17 --> Undefined variable $libro
in APPPATH\Views\libros\editar.php on line 5.
 1 APPPATH\Views\libros\editar.php(5): CodeIgniter\Debug\Exceptions->errorHandler(2, 'Undefined variable $libro', 'C:\\xampp\\htdocs\\crudCodenaiter\\biblioteca\\app\\Views\\libros\\editar.php', 5)
 2 SYSTEMPATH\View\View.php(213): include('C:\\xampp\\htdocs\\crudCodenaiter\\biblioteca\\app\\Views\\libros\\editar.php')
 3 SYSTEMPATH\View\View.php(216): CodeIgniter\View\View->CodeIgniter\View\{closure}()
 4 SYSTEMPATH\Common.php(1184): CodeIgniter\View\View->render('Libros/editar', [], true)
 5 APPPATH\Controllers\Libros.php(72): view('Libros/editar', [...])
 6 SYSTEMPATH\CodeIgniter.php(934): App\Controllers\Libros->editar('2')
 7 SYSTEMPATH\CodeIgniter.php(499): CodeIgniter\CodeIgniter->runController(Object(App\Controllers\Libros))
 8 SYSTEMPATH\CodeIgniter.php(368): CodeIgniter\CodeIgniter->handleRequest(null, Object(Config\Cache), false)
 9 FCPATH\index.php(67): CodeIgniter\CodeIgniter->run()
CRITICAL - 2023-05-20 21:47:09 --> Undefined variable $libro
in APPPATH\Views\libros\editar.php on line 5.
 1 APPPATH\Views\libros\editar.php(5): CodeIgniter\Debug\Exceptions->errorHandler(2, 'Undefined variable $libro', 'C:\\xampp\\htdocs\\crudCodenaiter\\biblioteca\\app\\Views\\libros\\editar.php', 5)
 2 SYSTEMPATH\View\View.php(213): include('C:\\xampp\\htdocs\\crudCodenaiter\\biblioteca\\app\\Views\\libros\\editar.php')
 3 SYSTEMPATH\View\View.php(216): CodeIgniter\View\View->CodeIgniter\View\{closure}()
 4 SYSTEMPATH\Common.php(1184): CodeIgniter\View\View->render('Libros/editar', [], true)
 5 APPPATH\Controllers\Libros.php(72): view('Libros/editar', [...])
 6 SYSTEMPATH\CodeIgniter.php(934): App\Controllers\Libros->editar('2')
 7 SYSTEMPATH\CodeIgniter.php(499): CodeIgniter\CodeIgniter->runController(Object(App\Controllers\Libros))
 8 SYSTEMPATH\CodeIgniter.php(368): CodeIgniter\CodeIgniter->handleRequest(null, Object(Config\Cache), false)
 9 FCPATH\index.php(67): CodeIgniter\CodeIgniter->run()
CRITICAL - 2023-05-20 21:47:10 --> Undefined variable $libro
in APPPATH\Views\libros\editar.php on line 5.
 1 APPPATH\Views\libros\editar.php(5): CodeIgniter\Debug\Exceptions->errorHandler(2, 'Undefined variable $libro', 'C:\\xampp\\htdocs\\crudCodenaiter\\biblioteca\\app\\Views\\libros\\editar.php', 5)
 2 SYSTEMPATH\View\View.php(213): include('C:\\xampp\\htdocs\\crudCodenaiter\\biblioteca\\app\\Views\\libros\\editar.php')
 3 SYSTEMPATH\View\View.php(216): CodeIgniter\View\View->CodeIgniter\View\{closure}()
 4 SYSTEMPATH\Common.php(1184): CodeIgniter\View\View->render('Libros/editar', [], true)
 5 APPPATH\Controllers\Libros.php(72): view('Libros/editar', [...])
 6 SYSTEMPATH\CodeIgniter.php(934): App\Controllers\Libros->editar('2')
 7 SYSTEMPATH\CodeIgniter.php(499): CodeIgniter\CodeIgniter->runController(Object(App\Controllers\Libros))
 8 SYSTEMPATH\CodeIgniter.php(368): CodeIgniter\CodeIgniter->handleRequest(null, Object(Config\Cache), false)
 9 FCPATH\index.php(67): CodeIgniter\CodeIgniter->run()
CRITICAL - 2023-05-20 21:47:10 --> Undefined variable $libro
in APPPATH\Views\libros\editar.php on line 5.
 1 APPPATH\Views\libros\editar.php(5): CodeIgniter\Debug\Exceptions->errorHandler(2, 'Undefined variable $libro', 'C:\\xampp\\htdocs\\crudCodenaiter\\biblioteca\\app\\Views\\libros\\editar.php', 5)
 2 SYSTEMPATH\View\View.php(213): include('C:\\xampp\\htdocs\\crudCodenaiter\\biblioteca\\app\\Views\\libros\\editar.php')
 3 SYSTEMPATH\View\View.php(216): CodeIgniter\View\View->CodeIgniter\View\{closure}()
 4 SYSTEMPATH\Common.php(1184): CodeIgniter\View\View->render('Libros/editar', [], true)
 5 APPPATH\Controllers\Libros.php(72): view('Libros/editar', [...])
 6 SYSTEMPATH\CodeIgniter.php(934): App\Controllers\Libros->editar('2')
 7 SYSTEMPATH\CodeIgniter.php(499): CodeIgniter\CodeIgniter->runController(Object(App\Controllers\Libros))
 8 SYSTEMPATH\CodeIgniter.php(368): CodeIgniter\CodeIgniter->handleRequest(null, Object(Config\Cache), false)
 9 FCPATH\index.php(67): CodeIgniter\CodeIgniter->run()
CRITICAL - 2023-05-20 21:48:48 --> Undefined variable $libro
in APPPATH\Views\libros\editar.php on line 5.
 1 APPPATH\Views\libros\editar.php(5): CodeIgniter\Debug\Exceptions->errorHandler(2, 'Undefined variable $libro', 'C:\\xampp\\htdocs\\crudCodenaiter\\biblioteca\\app\\Views\\libros\\editar.php', 5)
 2 SYSTEMPATH\View\View.php(213): include('C:\\xampp\\htdocs\\crudCodenaiter\\biblioteca\\app\\Views\\libros\\editar.php')
 3 SYSTEMPATH\View\View.php(216): CodeIgniter\View\View->CodeIgniter\View\{closure}()
 4 SYSTEMPATH\Common.php(1184): CodeIgniter\View\View->render('Libros/editar', [], true)
 5 APPPATH\Controllers\Libros.php(72): view('Libros/editar', [...])
 6 SYSTEMPATH\CodeIgniter.php(934): App\Controllers\Libros->editar('2')
 7 SYSTEMPATH\CodeIgniter.php(499): CodeIgniter\CodeIgniter->runController(Object(App\Controllers\Libros))
 8 SYSTEMPATH\CodeIgniter.php(368): CodeIgniter\CodeIgniter->handleRequest(null, Object(Config\Cache), false)
 9 FCPATH\index.php(67): CodeIgniter\CodeIgniter->run()
CRITICAL - 2023-05-20 21:48:49 --> Undefined variable $libro
in APPPATH\Views\libros\editar.php on line 5.
 1 APPPATH\Views\libros\editar.php(5): CodeIgniter\Debug\Exceptions->errorHandler(2, 'Undefined variable $libro', 'C:\\xampp\\htdocs\\crudCodenaiter\\biblioteca\\app\\Views\\libros\\editar.php', 5)
 2 SYSTEMPATH\View\View.php(213): include('C:\\xampp\\htdocs\\crudCodenaiter\\biblioteca\\app\\Views\\libros\\editar.php')
 3 SYSTEMPATH\View\View.php(216): CodeIgniter\View\View->CodeIgniter\View\{closure}()
 4 SYSTEMPATH\Common.php(1184): CodeIgniter\View\View->render('Libros/editar', [], true)
 5 APPPATH\Controllers\Libros.php(72): view('Libros/editar', [...])
 6 SYSTEMPATH\CodeIgniter.php(934): App\Controllers\Libros->editar('2')
 7 SYSTEMPATH\CodeIgniter.php(499): CodeIgniter\CodeIgniter->runController(Object(App\Controllers\Libros))
 8 SYSTEMPATH\CodeIgniter.php(368): CodeIgniter\CodeIgniter->handleRequest(null, Object(Config\Cache), false)
 9 FCPATH\index.php(67): CodeIgniter\CodeIgniter->run()
CRITICAL - 2023-05-20 21:48:49 --> Undefined variable $libro
in APPPATH\Views\libros\editar.php on line 5.
 1 APPPATH\Views\libros\editar.php(5): CodeIgniter\Debug\Exceptions->errorHandler(2, 'Undefined variable $libro', 'C:\\xampp\\htdocs\\crudCodenaiter\\biblioteca\\app\\Views\\libros\\editar.php', 5)
 2 SYSTEMPATH\View\View.php(213): include('C:\\xampp\\htdocs\\crudCodenaiter\\biblioteca\\app\\Views\\libros\\editar.php')
 3 SYSTEMPATH\View\View.php(216): CodeIgniter\View\View->CodeIgniter\View\{closure}()
 4 SYSTEMPATH\Common.php(1184): CodeIgniter\View\View->render('Libros/editar', [], true)
 5 APPPATH\Controllers\Libros.php(72): view('Libros/editar', [...])
 6 SYSTEMPATH\CodeIgniter.php(934): App\Controllers\Libros->editar('2')
 7 SYSTEMPATH\CodeIgniter.php(499): CodeIgniter\CodeIgniter->runController(Object(App\Controllers\Libros))
 8 SYSTEMPATH\CodeIgniter.php(368): CodeIgniter\CodeIgniter->handleRequest(null, Object(Config\Cache), false)
 9 FCPATH\index.php(67): CodeIgniter\CodeIgniter->run()
CRITICAL - 2023-05-20 21:48:50 --> Undefined variable $libro
in APPPATH\Views\libros\editar.php on line 5.
 1 APPPATH\Views\libros\editar.php(5): CodeIgniter\Debug\Exceptions->errorHandler(2, 'Undefined variable $libro', 'C:\\xampp\\htdocs\\crudCodenaiter\\biblioteca\\app\\Views\\libros\\editar.php', 5)
 2 SYSTEMPATH\View\View.php(213): include('C:\\xampp\\htdocs\\crudCodenaiter\\biblioteca\\app\\Views\\libros\\editar.php')
 3 SYSTEMPATH\View\View.php(216): CodeIgniter\View\View->CodeIgniter\View\{closure}()
 4 SYSTEMPATH\Common.php(1184): CodeIgniter\View\View->render('Libros/editar', [], true)
 5 APPPATH\Controllers\Libros.php(72): view('Libros/editar', [...])
 6 SYSTEMPATH\CodeIgniter.php(934): App\Controllers\Libros->editar('2')
 7 SYSTEMPATH\CodeIgniter.php(499): CodeIgniter\CodeIgniter->runController(Object(App\Controllers\Libros))
 8 SYSTEMPATH\CodeIgniter.php(368): CodeIgniter\CodeIgniter->handleRequest(null, Object(Config\Cache), false)
 9 FCPATH\index.php(67): CodeIgniter\CodeIgniter->run()
CRITICAL - 2023-05-20 21:48:50 --> Undefined variable $libro
in APPPATH\Views\libros\editar.php on line 5.
 1 APPPATH\Views\libros\editar.php(5): CodeIgniter\Debug\Exceptions->errorHandler(2, 'Undefined variable $libro', 'C:\\xampp\\htdocs\\crudCodenaiter\\biblioteca\\app\\Views\\libros\\editar.php', 5)
 2 SYSTEMPATH\View\View.php(213): include('C:\\xampp\\htdocs\\crudCodenaiter\\biblioteca\\app\\Views\\libros\\editar.php')
 3 SYSTEMPATH\View\View.php(216): CodeIgniter\View\View->CodeIgniter\View\{closure}()
 4 SYSTEMPATH\Common.php(1184): CodeIgniter\View\View->render('Libros/editar', [], true)
 5 APPPATH\Controllers\Libros.php(72): view('Libros/editar', [...])
 6 SYSTEMPATH\CodeIgniter.php(934): App\Controllers\Libros->editar('2')
 7 SYSTEMPATH\CodeIgniter.php(499): CodeIgniter\CodeIgniter->runController(Object(App\Controllers\Libros))
 8 SYSTEMPATH\CodeIgniter.php(368): CodeIgniter\CodeIgniter->handleRequest(null, Object(Config\Cache), false)
 9 FCPATH\index.php(67): CodeIgniter\CodeIgniter->run()
CRITICAL - 2023-05-20 21:48:50 --> Undefined variable $libro
in APPPATH\Views\libros\editar.php on line 5.
 1 APPPATH\Views\libros\editar.php(5): CodeIgniter\Debug\Exceptions->errorHandler(2, 'Undefined variable $libro', 'C:\\xampp\\htdocs\\crudCodenaiter\\biblioteca\\app\\Views\\libros\\editar.php', 5)
 2 SYSTEMPATH\View\View.php(213): include('C:\\xampp\\htdocs\\crudCodenaiter\\biblioteca\\app\\Views\\libros\\editar.php')
 3 SYSTEMPATH\View\View.php(216): CodeIgniter\View\View->CodeIgniter\View\{closure}()
 4 SYSTEMPATH\Common.php(1184): CodeIgniter\View\View->render('Libros/editar', [], true)
 5 APPPATH\Controllers\Libros.php(72): view('Libros/editar', [...])
 6 SYSTEMPATH\CodeIgniter.php(934): App\Controllers\Libros->editar('2')
 7 SYSTEMPATH\CodeIgniter.php(499): CodeIgniter\CodeIgniter->runController(Object(App\Controllers\Libros))
 8 SYSTEMPATH\CodeIgniter.php(368): CodeIgniter\CodeIgniter->handleRequest(null, Object(Config\Cache), false)
 9 FCPATH\index.php(67): CodeIgniter\CodeIgniter->run()
CRITICAL - 2023-05-20 21:48:50 --> Undefined variable $libro
in APPPATH\Views\libros\editar.php on line 5.
 1 APPPATH\Views\libros\editar.php(5): CodeIgniter\Debug\Exceptions->errorHandler(2, 'Undefined variable $libro', 'C:\\xampp\\htdocs\\crudCodenaiter\\biblioteca\\app\\Views\\libros\\editar.php', 5)
 2 SYSTEMPATH\View\View.php(213): include('C:\\xampp\\htdocs\\crudCodenaiter\\biblioteca\\app\\Views\\libros\\editar.php')
 3 SYSTEMPATH\View\View.php(216): CodeIgniter\View\View->CodeIgniter\View\{closure}()
 4 SYSTEMPATH\Common.php(1184): CodeIgniter\View\View->render('Libros/editar', [], true)
 5 APPPATH\Controllers\Libros.php(72): view('Libros/editar', [...])
 6 SYSTEMPATH\CodeIgniter.php(934): App\Controllers\Libros->editar('2')
 7 SYSTEMPATH\CodeIgniter.php(499): CodeIgniter\CodeIgniter->runController(Object(App\Controllers\Libros))
 8 SYSTEMPATH\CodeIgniter.php(368): CodeIgniter\CodeIgniter->handleRequest(null, Object(Config\Cache), false)
 9 FCPATH\index.php(67): CodeIgniter\CodeIgniter->run()
CRITICAL - 2023-05-20 21:49:11 --> Undefined variable $libro
in APPPATH\Views\libros\editar.php on line 5.
 1 APPPATH\Views\libros\editar.php(5): CodeIgniter\Debug\Exceptions->errorHandler(2, 'Undefined variable $libro', 'C:\\xampp\\htdocs\\crudCodenaiter\\biblioteca\\app\\Views\\libros\\editar.php', 5)
 2 SYSTEMPATH\View\View.php(213): include('C:\\xampp\\htdocs\\crudCodenaiter\\biblioteca\\app\\Views\\libros\\editar.php')
 3 SYSTEMPATH\View\View.php(216): CodeIgniter\View\View->CodeIgniter\View\{closure}()
 4 SYSTEMPATH\Common.php(1184): CodeIgniter\View\View->render('Libros/editar', [], true)
 5 APPPATH\Controllers\Libros.php(72): view('Libros/editar', [...])
 6 SYSTEMPATH\CodeIgniter.php(934): App\Controllers\Libros->editar('2')
 7 SYSTEMPATH\CodeIgniter.php(499): CodeIgniter\CodeIgniter->runController(Object(App\Controllers\Libros))
 8 SYSTEMPATH\CodeIgniter.php(368): CodeIgniter\CodeIgniter->handleRequest(null, Object(Config\Cache), false)
 9 FCPATH\index.php(67): CodeIgniter\CodeIgniter->run()
CRITICAL - 2023-05-20 21:50:57 --> Undefined variable $libro
in APPPATH\Views\libros\editar.php on line 5.
 1 APPPATH\Views\libros\editar.php(5): CodeIgniter\Debug\Exceptions->errorHandler(2, 'Undefined variable $libro', 'C:\\xampp\\htdocs\\crudCodenaiter\\biblioteca\\app\\Views\\libros\\editar.php', 5)
 2 SYSTEMPATH\View\View.php(213): include('C:\\xampp\\htdocs\\crudCodenaiter\\biblioteca\\app\\Views\\libros\\editar.php')
 3 SYSTEMPATH\View\View.php(216): CodeIgniter\View\View->CodeIgniter\View\{closure}()
 4 SYSTEMPATH\Common.php(1184): CodeIgniter\View\View->render('Libros/editar', [], true)
 5 APPPATH\Controllers\Libros.php(72): view('Libros/editar', [...])
 6 SYSTEMPATH\CodeIgniter.php(934): App\Controllers\Libros->editar('2')
 7 SYSTEMPATH\CodeIgniter.php(499): CodeIgniter\CodeIgniter->runController(Object(App\Controllers\Libros))
 8 SYSTEMPATH\CodeIgniter.php(368): CodeIgniter\CodeIgniter->handleRequest(null, Object(Config\Cache), false)
 9 FCPATH\index.php(67): CodeIgniter\CodeIgniter->run()
CRITICAL - 2023-05-20 21:50:57 --> Undefined variable $libro
in APPPATH\Views\libros\editar.php on line 5.
 1 APPPATH\Views\libros\editar.php(5): CodeIgniter\Debug\Exceptions->errorHandler(2, 'Undefined variable $libro', 'C:\\xampp\\htdocs\\crudCodenaiter\\biblioteca\\app\\Views\\libros\\editar.php', 5)
 2 SYSTEMPATH\View\View.php(213): include('C:\\xampp\\htdocs\\crudCodenaiter\\biblioteca\\app\\Views\\libros\\editar.php')
 3 SYSTEMPATH\View\View.php(216): CodeIgniter\View\View->CodeIgniter\View\{closure}()
 4 SYSTEMPATH\Common.php(1184): CodeIgniter\View\View->render('Libros/editar', [], true)
 5 APPPATH\Controllers\Libros.php(72): view('Libros/editar', [...])
 6 SYSTEMPATH\CodeIgniter.php(934): App\Controllers\Libros->editar('2')
 7 SYSTEMPATH\CodeIgniter.php(499): CodeIgniter\CodeIgniter->runController(Object(App\Controllers\Libros))
 8 SYSTEMPATH\CodeIgniter.php(368): CodeIgniter\CodeIgniter->handleRequest(null, Object(Config\Cache), false)
 9 FCPATH\index.php(67): CodeIgniter\CodeIgniter->run()
CRITICAL - 2023-05-20 21:51:22 --> Undefined variable $libro
in APPPATH\Views\libros\editar.php on line 3.
 1 APPPATH\Views\libros\editar.php(3): CodeIgniter\Debug\Exceptions->errorHandler(2, 'Undefined variable $libro', 'C:\\xampp\\htdocs\\crudCodenaiter\\biblioteca\\app\\Views\\libros\\editar.php', 3)
 2 SYSTEMPATH\View\View.php(213): include('C:\\xampp\\htdocs\\crudCodenaiter\\biblioteca\\app\\Views\\libros\\editar.php')
 3 SYSTEMPATH\View\View.php(216): CodeIgniter\View\View->CodeIgniter\View\{closure}()
 4 SYSTEMPATH\Common.php(1184): CodeIgniter\View\View->render('Libros/editar', [], true)
 5 APPPATH\Controllers\Libros.php(72): view('Libros/editar', [...])
 6 SYSTEMPATH\CodeIgniter.php(934): App\Controllers\Libros->editar('2')
 7 SYSTEMPATH\CodeIgniter.php(499): CodeIgniter\CodeIgniter->runController(Object(App\Controllers\Libros))
 8 SYSTEMPATH\CodeIgniter.php(368): CodeIgniter\CodeIgniter->handleRequest(null, Object(Config\Cache), false)
 9 FCPATH\index.php(67): CodeIgniter\CodeIgniter->run()
CRITICAL - 2023-05-20 21:51:23 --> Undefined variable $libro
in APPPATH\Views\libros\editar.php on line 3.
 1 APPPATH\Views\libros\editar.php(3): CodeIgniter\Debug\Exceptions->errorHandler(2, 'Undefined variable $libro', 'C:\\xampp\\htdocs\\crudCodenaiter\\biblioteca\\app\\Views\\libros\\editar.php', 3)
 2 SYSTEMPATH\View\View.php(213): include('C:\\xampp\\htdocs\\crudCodenaiter\\biblioteca\\app\\Views\\libros\\editar.php')
 3 SYSTEMPATH\View\View.php(216): CodeIgniter\View\View->CodeIgniter\View\{closure}()
 4 SYSTEMPATH\Common.php(1184): CodeIgniter\View\View->render('Libros/editar', [], true)
 5 APPPATH\Controllers\Libros.php(72): view('Libros/editar', [...])
 6 SYSTEMPATH\CodeIgniter.php(934): App\Controllers\Libros->editar('2')
 7 SYSTEMPATH\CodeIgniter.php(499): CodeIgniter\CodeIgniter->runController(Object(App\Controllers\Libros))
 8 SYSTEMPATH\CodeIgniter.php(368): CodeIgniter\CodeIgniter->handleRequest(null, Object(Config\Cache), false)
 9 FCPATH\index.php(67): CodeIgniter\CodeIgniter->run()
CRITICAL - 2023-05-20 21:51:24 --> Undefined variable $libro
in APPPATH\Views\libros\editar.php on line 3.
 1 APPPATH\Views\libros\editar.php(3): CodeIgniter\Debug\Exceptions->errorHandler(2, 'Undefined variable $libro', 'C:\\xampp\\htdocs\\crudCodenaiter\\biblioteca\\app\\Views\\libros\\editar.php', 3)
 2 SYSTEMPATH\View\View.php(213): include('C:\\xampp\\htdocs\\crudCodenaiter\\biblioteca\\app\\Views\\libros\\editar.php')
 3 SYSTEMPATH\View\View.php(216): CodeIgniter\View\View->CodeIgniter\View\{closure}()
 4 SYSTEMPATH\Common.php(1184): CodeIgniter\View\View->render('Libros/editar', [], true)
 5 APPPATH\Controllers\Libros.php(72): view('Libros/editar', [...])
 6 SYSTEMPATH\CodeIgniter.php(934): App\Controllers\Libros->editar('2')
 7 SYSTEMPATH\CodeIgniter.php(499): CodeIgniter\CodeIgniter->runController(Object(App\Controllers\Libros))
 8 SYSTEMPATH\CodeIgniter.php(368): CodeIgniter\CodeIgniter->handleRequest(null, Object(Config\Cache), false)
 9 FCPATH\index.php(67): CodeIgniter\CodeIgniter->run()
CRITICAL - 2023-05-20 21:51:24 --> Undefined variable $libro
in APPPATH\Views\libros\editar.php on line 3.
 1 APPPATH\Views\libros\editar.php(3): CodeIgniter\Debug\Exceptions->errorHandler(2, 'Undefined variable $libro', 'C:\\xampp\\htdocs\\crudCodenaiter\\biblioteca\\app\\Views\\libros\\editar.php', 3)
 2 SYSTEMPATH\View\View.php(213): include('C:\\xampp\\htdocs\\crudCodenaiter\\biblioteca\\app\\Views\\libros\\editar.php')
 3 SYSTEMPATH\View\View.php(216): CodeIgniter\View\View->CodeIgniter\View\{closure}()
 4 SYSTEMPATH\Common.php(1184): CodeIgniter\View\View->render('Libros/editar', [], true)
 5 APPPATH\Controllers\Libros.php(72): view('Libros/editar', [...])
 6 SYSTEMPATH\CodeIgniter.php(934): App\Controllers\Libros->editar('2')
 7 SYSTEMPATH\CodeIgniter.php(499): CodeIgniter\CodeIgniter->runController(Object(App\Controllers\Libros))
 8 SYSTEMPATH\CodeIgniter.php(368): CodeIgniter\CodeIgniter->handleRequest(null, Object(Config\Cache), false)
 9 FCPATH\index.php(67): CodeIgniter\CodeIgniter->run()
CRITICAL - 2023-05-20 21:55:06 --> Undefined variable $libro
in APPPATH\Views\libros\editar.php on line 3.
 1 APPPATH\Views\libros\editar.php(3): CodeIgniter\Debug\Exceptions->errorHandler(2, 'Undefined variable $libro', 'C:\\xampp\\htdocs\\crudCodenaiter\\biblioteca\\app\\Views\\libros\\editar.php', 3)
 2 SYSTEMPATH\View\View.php(213): include('C:\\xampp\\htdocs\\crudCodenaiter\\biblioteca\\app\\Views\\libros\\editar.php')
 3 SYSTEMPATH\View\View.php(216): CodeIgniter\View\View->CodeIgniter\View\{closure}()
 4 SYSTEMPATH\Common.php(1184): CodeIgniter\View\View->render('Libros/editar', [], true)
 5 APPPATH\Controllers\Libros.php(72): view('Libros/editar', [...])
 6 SYSTEMPATH\CodeIgniter.php(934): App\Controllers\Libros->editar('2')
 7 SYSTEMPATH\CodeIgniter.php(499): CodeIgniter\CodeIgniter->runController(Object(App\Controllers\Libros))
 8 SYSTEMPATH\CodeIgniter.php(368): CodeIgniter\CodeIgniter->handleRequest(null, Object(Config\Cache), false)
 9 FCPATH\index.php(67): CodeIgniter\CodeIgniter->run()
CRITICAL - 2023-05-20 21:55:09 --> Undefined variable $libro
in APPPATH\Views\libros\editar.php on line 3.
 1 APPPATH\Views\libros\editar.php(3): CodeIgniter\Debug\Exceptions->errorHandler(2, 'Undefined variable $libro', 'C:\\xampp\\htdocs\\crudCodenaiter\\biblioteca\\app\\Views\\libros\\editar.php', 3)
 2 SYSTEMPATH\View\View.php(213): include('C:\\xampp\\htdocs\\crudCodenaiter\\biblioteca\\app\\Views\\libros\\editar.php')
 3 SYSTEMPATH\View\View.php(216): CodeIgniter\View\View->CodeIgniter\View\{closure}()
 4 SYSTEMPATH\Common.php(1184): CodeIgniter\View\View->render('Libros/editar', [], true)
 5 APPPATH\Controllers\Libros.php(72): view('Libros/editar', [...])
 6 SYSTEMPATH\CodeIgniter.php(934): App\Controllers\Libros->editar('2')
 7 SYSTEMPATH\CodeIgniter.php(499): CodeIgniter\CodeIgniter->runController(Object(App\Controllers\Libros))
 8 SYSTEMPATH\CodeIgniter.php(368): CodeIgniter\CodeIgniter->handleRequest(null, Object(Config\Cache), false)
 9 FCPATH\index.php(67): CodeIgniter\CodeIgniter->run()
CRITICAL - 2023-05-20 21:55:19 --> Undefined variable $libros
in APPPATH\Views\libros\editar.php on line 3.
 1 APPPATH\Views\libros\editar.php(3): CodeIgniter\Debug\Exceptions->errorHandler(2, 'Undefined variable $libros', 'C:\\xampp\\htdocs\\crudCodenaiter\\biblioteca\\app\\Views\\libros\\editar.php', 3)
 2 SYSTEMPATH\View\View.php(213): include('C:\\xampp\\htdocs\\crudCodenaiter\\biblioteca\\app\\Views\\libros\\editar.php')
 3 SYSTEMPATH\View\View.php(216): CodeIgniter\View\View->CodeIgniter\View\{closure}()
 4 SYSTEMPATH\Common.php(1184): CodeIgniter\View\View->render('Libros/editar', [], true)
 5 APPPATH\Controllers\Libros.php(72): view('Libros/editar', [...])
 6 SYSTEMPATH\CodeIgniter.php(934): App\Controllers\Libros->editar('2')
 7 SYSTEMPATH\CodeIgniter.php(499): CodeIgniter\CodeIgniter->runController(Object(App\Controllers\Libros))
 8 SYSTEMPATH\CodeIgniter.php(368): CodeIgniter\CodeIgniter->handleRequest(null, Object(Config\Cache), false)
 9 FCPATH\index.php(67): CodeIgniter\CodeIgniter->run()
CRITICAL - 2023-05-20 21:55:23 --> Undefined variable $libro
in APPPATH\Views\libros\editar.php on line 3.
 1 APPPATH\Views\libros\editar.php(3): CodeIgniter\Debug\Exceptions->errorHandler(2, 'Undefined variable $libro', 'C:\\xampp\\htdocs\\crudCodenaiter\\biblioteca\\app\\Views\\libros\\editar.php', 3)
 2 SYSTEMPATH\View\View.php(213): include('C:\\xampp\\htdocs\\crudCodenaiter\\biblioteca\\app\\Views\\libros\\editar.php')
 3 SYSTEMPATH\View\View.php(216): CodeIgniter\View\View->CodeIgniter\View\{closure}()
 4 SYSTEMPATH\Common.php(1184): CodeIgniter\View\View->render('Libros/editar', [], true)
 5 APPPATH\Controllers\Libros.php(72): view('Libros/editar', [...])
 6 SYSTEMPATH\CodeIgniter.php(934): App\Controllers\Libros->editar('2')
 7 SYSTEMPATH\CodeIgniter.php(499): CodeIgniter\CodeIgniter->runController(Object(App\Controllers\Libros))
 8 SYSTEMPATH\CodeIgniter.php(368): CodeIgniter\CodeIgniter->handleRequest(null, Object(Config\Cache), false)
 9 FCPATH\index.php(67): CodeIgniter\CodeIgniter->run()
CRITICAL - 2023-05-20 21:56:12 --> Undefined variable $libro
in APPPATH\Views\libros\editar.php on line 5.
 1 APPPATH\Views\libros\editar.php(5): CodeIgniter\Debug\Exceptions->errorHandler(2, 'Undefined variable $libro', 'C:\\xampp\\htdocs\\crudCodenaiter\\biblioteca\\app\\Views\\libros\\editar.php', 5)
 2 SYSTEMPATH\View\View.php(213): include('C:\\xampp\\htdocs\\crudCodenaiter\\biblioteca\\app\\Views\\libros\\editar.php')
 3 SYSTEMPATH\View\View.php(216): CodeIgniter\View\View->CodeIgniter\View\{closure}()
 4 SYSTEMPATH\Common.php(1184): CodeIgniter\View\View->render('Libros/editar', [], true)
 5 APPPATH\Controllers\Libros.php(72): view('Libros/editar', [...])
 6 SYSTEMPATH\CodeIgniter.php(934): App\Controllers\Libros->editar('2')
 7 SYSTEMPATH\CodeIgniter.php(499): CodeIgniter\CodeIgniter->runController(Object(App\Controllers\Libros))
 8 SYSTEMPATH\CodeIgniter.php(368): CodeIgniter\CodeIgniter->handleRequest(null, Object(Config\Cache), false)
 9 FCPATH\index.php(67): CodeIgniter\CodeIgniter->run()
CRITICAL - 2023-05-20 21:56:13 --> Undefined variable $libro
in APPPATH\Views\libros\editar.php on line 5.
 1 APPPATH\Views\libros\editar.php(5): CodeIgniter\Debug\Exceptions->errorHandler(2, 'Undefined variable $libro', 'C:\\xampp\\htdocs\\crudCodenaiter\\biblioteca\\app\\Views\\libros\\editar.php', 5)
 2 SYSTEMPATH\View\View.php(213): include('C:\\xampp\\htdocs\\crudCodenaiter\\biblioteca\\app\\Views\\libros\\editar.php')
 3 SYSTEMPATH\View\View.php(216): CodeIgniter\View\View->CodeIgniter\View\{closure}()
 4 SYSTEMPATH\Common.php(1184): CodeIgniter\View\View->render('Libros/editar', [], true)
 5 APPPATH\Controllers\Libros.php(72): view('Libros/editar', [...])
 6 SYSTEMPATH\CodeIgniter.php(934): App\Controllers\Libros->editar('2')
 7 SYSTEMPATH\CodeIgniter.php(499): CodeIgniter\CodeIgniter->runController(Object(App\Controllers\Libros))
 8 SYSTEMPATH\CodeIgniter.php(368): CodeIgniter\CodeIgniter->handleRequest(null, Object(Config\Cache), false)
 9 FCPATH\index.php(67): CodeIgniter\CodeIgniter->run()
CRITICAL - 2023-05-20 21:56:18 --> Undefined variable $libro
in APPPATH\Views\libros\editar.php on line 5.
 1 APPPATH\Views\libros\editar.php(5): CodeIgniter\Debug\Exceptions->errorHandler(2, 'Undefined variable $libro', 'C:\\xampp\\htdocs\\crudCodenaiter\\biblioteca\\app\\Views\\libros\\editar.php', 5)
 2 SYSTEMPATH\View\View.php(213): include('C:\\xampp\\htdocs\\crudCodenaiter\\biblioteca\\app\\Views\\libros\\editar.php')
 3 SYSTEMPATH\View\View.php(216): CodeIgniter\View\View->CodeIgniter\View\{closure}()
 4 SYSTEMPATH\Common.php(1184): CodeIgniter\View\View->render('Libros/editar', [], true)
 5 APPPATH\Controllers\Libros.php(72): view('Libros/editar', [...])
 6 SYSTEMPATH\CodeIgniter.php(934): App\Controllers\Libros->editar('2')
 7 SYSTEMPATH\CodeIgniter.php(499): CodeIgniter\CodeIgniter->runController(Object(App\Controllers\Libros))
 8 SYSTEMPATH\CodeIgniter.php(368): CodeIgniter\CodeIgniter->handleRequest(null, Object(Config\Cache), false)
 9 FCPATH\index.php(67): CodeIgniter\CodeIgniter->run()
CRITICAL - 2023-05-20 21:59:29 --> Undefined variable $libro
in APPPATH\Views\libros\editar.php on line 5.
 1 APPPATH\Views\libros\editar.php(5): CodeIgniter\Debug\Exceptions->errorHandler(2, 'Undefined variable $libro', 'C:\\xampp\\htdocs\\crudCodenaiter\\biblioteca\\app\\Views\\libros\\editar.php', 5)
 2 SYSTEMPATH\View\View.php(213): include('C:\\xampp\\htdocs\\crudCodenaiter\\biblioteca\\app\\Views\\libros\\editar.php')
 3 SYSTEMPATH\View\View.php(216): CodeIgniter\View\View->CodeIgniter\View\{closure}()
 4 SYSTEMPATH\Common.php(1184): CodeIgniter\View\View->render('Libros/editar', [], true)
 5 APPPATH\Controllers\Libros.php(72): view('Libros/editar', [...])
 6 SYSTEMPATH\CodeIgniter.php(934): App\Controllers\Libros->editar('2')
 7 SYSTEMPATH\CodeIgniter.php(499): CodeIgniter\CodeIgniter->runController(Object(App\Controllers\Libros))
 8 SYSTEMPATH\CodeIgniter.php(368): CodeIgniter\CodeIgniter->handleRequest(null, Object(Config\Cache), false)
 9 FCPATH\index.php(67): CodeIgniter\CodeIgniter->run()
