CRITICAL - 2023-10-22 14:44:44 --> Undefined variable $clientes
in APPPATH\Views\datos\datosFalda.php on line 32.
 1 APPPATH\Views\datos\datosFalda.php(32): CodeIgniter\Debug\Exceptions->errorHandler(2, 'Undefined variable $clientes', 'C:\\xampp\\htdocs\\code4\\app\\Views\\datos\\datosFalda.php', 32)
 2 SYSTEMPATH\View\View.php(226): include('C:\\xampp\\htdocs\\code4\\app\\Views\\datos\\datosFalda.php')
 3 SYSTEMPATH\View\View.php(229): CodeIgniter\View\View->CodeIgniter\View\{closure}()
 4 SYSTEMPATH\Common.php(1188): CodeIgniter\View\View->render('datos/datosFalda', [], true)
 5 APPPATH\Controllers\Faldas.php(16): view('datos/datosFalda', [...])
 6 SYSTEMPATH\CodeIgniter.php(919): App\Controllers\Faldas->index()
 7 SYSTEMPATH\CodeIgniter.php(494): CodeIgniter\CodeIgniter->runController(Object(App\Controllers\Faldas))
 8 SYSTEMPATH\CodeIgniter.php(353): CodeIgniter\CodeIgniter->handleRequest(null, Object(Config\Cache), false)
 9 FCPATH\index.php(79): CodeIgniter\CodeIgniter->run()
CRITICAL - 2023-10-22 14:48:01 --> Undefined variable $falda
in APPPATH\Views\datos\datosFalda.php on line 32.
 1 APPPATH\Views\datos\datosFalda.php(32): CodeIgniter\Debug\Exceptions->errorHandler(2, 'Undefined variable $falda', 'C:\\xampp\\htdocs\\code4\\app\\Views\\datos\\datosFalda.php', 32)
 2 SYSTEMPATH\View\View.php(226): include('C:\\xampp\\htdocs\\code4\\app\\Views\\datos\\datosFalda.php')
 3 SYSTEMPATH\View\View.php(229): CodeIgniter\View\View->CodeIgniter\View\{closure}()
 4 SYSTEMPATH\Common.php(1188): CodeIgniter\View\View->render('datos/datosFalda', [], true)
 5 APPPATH\Controllers\Faldas.php(22): view('datos/datosFalda', [...])
 6 SYSTEMPATH\CodeIgniter.php(919): App\Controllers\Faldas->index()
 7 SYSTEMPATH\CodeIgniter.php(494): CodeIgniter\CodeIgniter->runController(Object(App\Controllers\Faldas))
 8 SYSTEMPATH\CodeIgniter.php(353): CodeIgniter\CodeIgniter->handleRequest(null, Object(Config\Cache), false)
 9 FCPATH\index.php(79): CodeIgniter\CodeIgniter->run()
CRITICAL - 2023-10-22 14:49:31 --> Undefined variable $falda
in APPPATH\Views\datos\datosFalda.php on line 32.
 1 APPPATH\Views\datos\datosFalda.php(32): CodeIgniter\Debug\Exceptions->errorHandler(2, 'Undefined variable $falda', 'C:\\xampp\\htdocs\\code4\\app\\Views\\datos\\datosFalda.php', 32)
 2 SYSTEMPATH\View\View.php(226): include('C:\\xampp\\htdocs\\code4\\app\\Views\\datos\\datosFalda.php')
 3 SYSTEMPATH\View\View.php(229): CodeIgniter\View\View->CodeIgniter\View\{closure}()
 4 SYSTEMPATH\Common.php(1188): CodeIgniter\View\View->render('datos/datosFalda', [], true)
 5 APPPATH\Controllers\Faldas.php(22): view('datos/datosFalda', [...])
 6 SYSTEMPATH\CodeIgniter.php(919): App\Controllers\Faldas->index()
 7 SYSTEMPATH\CodeIgniter.php(494): CodeIgniter\CodeIgniter->runController(Object(App\Controllers\Faldas))
 8 SYSTEMPATH\CodeIgniter.php(353): CodeIgniter\CodeIgniter->handleRequest(null, Object(Config\Cache), false)
 9 FCPATH\index.php(79): CodeIgniter\CodeIgniter->run()
CRITICAL - 2023-10-22 14:49:32 --> Undefined variable $falda
in APPPATH\Views\datos\datosFalda.php on line 32.
 1 APPPATH\Views\datos\datosFalda.php(32): CodeIgniter\Debug\Exceptions->errorHandler(2, 'Undefined variable $falda', 'C:\\xampp\\htdocs\\code4\\app\\Views\\datos\\datosFalda.php', 32)
 2 SYSTEMPATH\View\View.php(226): include('C:\\xampp\\htdocs\\code4\\app\\Views\\datos\\datosFalda.php')
 3 SYSTEMPATH\View\View.php(229): CodeIgniter\View\View->CodeIgniter\View\{closure}()
 4 SYSTEMPATH\Common.php(1188): CodeIgniter\View\View->render('datos/datosFalda', [], true)
 5 APPPATH\Controllers\Faldas.php(22): view('datos/datosFalda', [...])
 6 SYSTEMPATH\CodeIgniter.php(919): App\Controllers\Faldas->index()
 7 SYSTEMPATH\CodeIgniter.php(494): CodeIgniter\CodeIgniter->runController(Object(App\Controllers\Faldas))
 8 SYSTEMPATH\CodeIgniter.php(353): CodeIgniter\CodeIgniter->handleRequest(null, Object(Config\Cache), false)
 9 FCPATH\index.php(79): CodeIgniter\CodeIgniter->run()
CRITICAL - 2023-10-22 14:49:33 --> Undefined variable $falda
in APPPATH\Views\datos\datosFalda.php on line 32.
 1 APPPATH\Views\datos\datosFalda.php(32): CodeIgniter\Debug\Exceptions->errorHandler(2, 'Undefined variable $falda', 'C:\\xampp\\htdocs\\code4\\app\\Views\\datos\\datosFalda.php', 32)
 2 SYSTEMPATH\View\View.php(226): include('C:\\xampp\\htdocs\\code4\\app\\Views\\datos\\datosFalda.php')
 3 SYSTEMPATH\View\View.php(229): CodeIgniter\View\View->CodeIgniter\View\{closure}()
 4 SYSTEMPATH\Common.php(1188): CodeIgniter\View\View->render('datos/datosFalda', [], true)
 5 APPPATH\Controllers\Faldas.php(22): view('datos/datosFalda', [...])
 6 SYSTEMPATH\CodeIgniter.php(919): App\Controllers\Faldas->index()
 7 SYSTEMPATH\CodeIgniter.php(494): CodeIgniter\CodeIgniter->runController(Object(App\Controllers\Faldas))
 8 SYSTEMPATH\CodeIgniter.php(353): CodeIgniter\CodeIgniter->handleRequest(null, Object(Config\Cache), false)
 9 FCPATH\index.php(79): CodeIgniter\CodeIgniter->run()
CRITICAL - 2023-10-22 14:49:34 --> Undefined variable $falda
in APPPATH\Views\datos\datosFalda.php on line 32.
 1 APPPATH\Views\datos\datosFalda.php(32): CodeIgniter\Debug\Exceptions->errorHandler(2, 'Undefined variable $falda', 'C:\\xampp\\htdocs\\code4\\app\\Views\\datos\\datosFalda.php', 32)
 2 SYSTEMPATH\View\View.php(226): include('C:\\xampp\\htdocs\\code4\\app\\Views\\datos\\datosFalda.php')
 3 SYSTEMPATH\View\View.php(229): CodeIgniter\View\View->CodeIgniter\View\{closure}()
 4 SYSTEMPATH\Common.php(1188): CodeIgniter\View\View->render('datos/datosFalda', [], true)
 5 APPPATH\Controllers\Faldas.php(22): view('datos/datosFalda', [...])
 6 SYSTEMPATH\CodeIgniter.php(919): App\Controllers\Faldas->index()
 7 SYSTEMPATH\CodeIgniter.php(494): CodeIgniter\CodeIgniter->runController(Object(App\Controllers\Faldas))
 8 SYSTEMPATH\CodeIgniter.php(353): CodeIgniter\CodeIgniter->handleRequest(null, Object(Config\Cache), false)
 9 FCPATH\index.php(79): CodeIgniter\CodeIgniter->run()
ERROR - 2023-10-22 14:50:33 --> mysqli_sql_exception: Unknown column 'estado' in 'where clause' in C:\xampp\htdocs\code4\system\Database\MySQLi\Connection.php:306
Stack trace:
#0 C:\xampp\htdocs\code4\system\Database\MySQLi\Connection.php(306): mysqli->query('SELECT *\nFROM `...', 0)
#1 C:\xampp\htdocs\code4\system\Database\BaseConnection.php(692): CodeIgniter\Database\MySQLi\Connection->execute('SELECT *\nFROM `...')
#2 C:\xampp\htdocs\code4\system\Database\BaseConnection.php(606): CodeIgniter\Database\BaseConnection->simpleQuery('SELECT *\nFROM `...')
#3 C:\xampp\htdocs\code4\system\Database\BaseBuilder.php(1615): CodeIgniter\Database\BaseConnection->query('SELECT *\nFROM `...', Array, false)
#4 C:\xampp\htdocs\code4\system\Model.php(237): CodeIgniter\Database\BaseBuilder->get()
#5 C:\xampp\htdocs\code4\system\BaseModel.php(624): CodeIgniter\Model->doFindAll(0, 0)
#6 C:\xampp\htdocs\code4\app\Controllers\Faldas.php(16): CodeIgniter\BaseModel->findAll()
#7 C:\xampp\htdocs\code4\system\CodeIgniter.php(919): App\Controllers\Faldas->index()
#8 C:\xampp\htdocs\code4\system\CodeIgniter.php(494): CodeIgniter\CodeIgniter->runController(Object(App\Controllers\Faldas))
#9 C:\xampp\htdocs\code4\system\CodeIgniter.php(353): CodeIgniter\CodeIgniter->handleRequest(NULL, Object(Config\Cache), false)
#10 C:\xampp\htdocs\code4\public\index.php(79): CodeIgniter\CodeIgniter->run()
#11 {main}
CRITICAL - 2023-10-22 14:50:33 --> Unknown column 'estado' in 'where clause'
in SYSTEMPATH\Database\BaseConnection.php on line 646.
 1 SYSTEMPATH\Database\BaseBuilder.php(1615): CodeIgniter\Database\BaseConnection->query('SELECT *
FROM `falda`
WHERE `estado` = :estado:
ORDER BY `cliente_id` ASC', [...], false)
 2 SYSTEMPATH\Model.php(237): CodeIgniter\Database\BaseBuilder->get()
 3 SYSTEMPATH\BaseModel.php(624): CodeIgniter\Model->doFindAll(0, 0)
 4 APPPATH\Controllers\Faldas.php(16): CodeIgniter\BaseModel->findAll()
 5 SYSTEMPATH\CodeIgniter.php(919): App\Controllers\Faldas->index()
 6 SYSTEMPATH\CodeIgniter.php(494): CodeIgniter\CodeIgniter->runController(Object(App\Controllers\Faldas))
 7 SYSTEMPATH\CodeIgniter.php(353): CodeIgniter\CodeIgniter->handleRequest(null, Object(Config\Cache), false)
 8 FCPATH\index.php(79): CodeIgniter\CodeIgniter->run()
CRITICAL - 2023-10-22 14:50:40 --> Invalid file: "datos/datosFaldas.php"
in SYSTEMPATH\Exceptions\FrameworkException.php on line 39.
 1 SYSTEMPATH\View\View.php(214): CodeIgniter\Exceptions\FrameworkException::forInvalidFile('datos/datosFaldas.php')
 2 SYSTEMPATH\Common.php(1188): CodeIgniter\View\View->render('datos/datosFaldas', [], true)
 3 APPPATH\Controllers\Faldas.php(22): view('datos/datosFaldas', [...])
 4 SYSTEMPATH\CodeIgniter.php(919): App\Controllers\Faldas->index()
 5 SYSTEMPATH\CodeIgniter.php(494): CodeIgniter\CodeIgniter->runController(Object(App\Controllers\Faldas))
 6 SYSTEMPATH\CodeIgniter.php(353): CodeIgniter\CodeIgniter->handleRequest(null, Object(Config\Cache), false)
 7 FCPATH\index.php(79): CodeIgniter\CodeIgniter->run()
CRITICAL - 2023-10-22 14:50:55 --> Invalid file: "datos/datosFaldas.php"
in SYSTEMPATH\Exceptions\FrameworkException.php on line 39.
 1 SYSTEMPATH\View\View.php(214): CodeIgniter\Exceptions\FrameworkException::forInvalidFile('datos/datosFaldas.php')
 2 SYSTEMPATH\Common.php(1188): CodeIgniter\View\View->render('datos/datosFaldas', [], true)
 3 APPPATH\Controllers\Faldas.php(22): view('datos/datosFaldas', [...])
 4 SYSTEMPATH\CodeIgniter.php(919): App\Controllers\Faldas->index()
 5 SYSTEMPATH\CodeIgniter.php(494): CodeIgniter\CodeIgniter->runController(Object(App\Controllers\Faldas))
 6 SYSTEMPATH\CodeIgniter.php(353): CodeIgniter\CodeIgniter->handleRequest(null, Object(Config\Cache), false)
 7 FCPATH\index.php(79): CodeIgniter\CodeIgniter->run()
CRITICAL - 2023-10-22 14:50:59 --> Invalid file: "datos/datosFaldas.php"
in SYSTEMPATH\Exceptions\FrameworkException.php on line 39.
 1 SYSTEMPATH\View\View.php(214): CodeIgniter\Exceptions\FrameworkException::forInvalidFile('datos/datosFaldas.php')
 2 SYSTEMPATH\Common.php(1188): CodeIgniter\View\View->render('datos/datosFaldas', [], true)
 3 APPPATH\Controllers\Faldas.php(22): view('datos/datosFaldas', [...])
 4 SYSTEMPATH\CodeIgniter.php(919): App\Controllers\Faldas->index()
 5 SYSTEMPATH\CodeIgniter.php(494): CodeIgniter\CodeIgniter->runController(Object(App\Controllers\Faldas))
 6 SYSTEMPATH\CodeIgniter.php(353): CodeIgniter\CodeIgniter->handleRequest(null, Object(Config\Cache), false)
 7 FCPATH\index.php(79): CodeIgniter\CodeIgniter->run()
CRITICAL - 2023-10-22 14:51:05 --> Invalid file: "datos/datosFaldas.php"
in SYSTEMPATH\Exceptions\FrameworkException.php on line 39.
 1 SYSTEMPATH\View\View.php(214): CodeIgniter\Exceptions\FrameworkException::forInvalidFile('datos/datosFaldas.php')
 2 SYSTEMPATH\Common.php(1188): CodeIgniter\View\View->render('datos/datosFaldas', [], true)
 3 APPPATH\Controllers\Faldas.php(22): view('datos/datosFaldas', [...])
 4 SYSTEMPATH\CodeIgniter.php(919): App\Controllers\Faldas->index()
 5 SYSTEMPATH\CodeIgniter.php(494): CodeIgniter\CodeIgniter->runController(Object(App\Controllers\Faldas))
 6 SYSTEMPATH\CodeIgniter.php(353): CodeIgniter\CodeIgniter->handleRequest(null, Object(Config\Cache), false)
 7 FCPATH\index.php(79): CodeIgniter\CodeIgniter->run()
CRITICAL - 2023-10-22 14:53:54 --> Invalid file: "datos/datosFaldas.php"
in SYSTEMPATH\Exceptions\FrameworkException.php on line 39.
 1 SYSTEMPATH\View\View.php(214): CodeIgniter\Exceptions\FrameworkException::forInvalidFile('datos/datosFaldas.php')
 2 SYSTEMPATH\Common.php(1188): CodeIgniter\View\View->render('datos/datosFaldas', [], true)
 3 APPPATH\Controllers\Faldas.php(22): view('datos/datosFaldas', [...])
 4 SYSTEMPATH\CodeIgniter.php(919): App\Controllers\Faldas->index()
 5 SYSTEMPATH\CodeIgniter.php(494): CodeIgniter\CodeIgniter->runController(Object(App\Controllers\Faldas))
 6 SYSTEMPATH\CodeIgniter.php(353): CodeIgniter\CodeIgniter->handleRequest(null, Object(Config\Cache), false)
 7 FCPATH\index.php(79): CodeIgniter\CodeIgniter->run()
CRITICAL - 2023-10-22 14:55:18 --> Invalid file: "datos/datosFaldas.php"
in SYSTEMPATH\Exceptions\FrameworkException.php on line 39.
 1 SYSTEMPATH\View\View.php(214): CodeIgniter\Exceptions\FrameworkException::forInvalidFile('datos/datosFaldas.php')
 2 SYSTEMPATH\Common.php(1188): CodeIgniter\View\View->render('datos/datosFaldas', [], true)
 3 APPPATH\Controllers\Faldas.php(31): view('datos/datosFaldas', [...])
 4 SYSTEMPATH\CodeIgniter.php(919): App\Controllers\Faldas->index()
 5 SYSTEMPATH\CodeIgniter.php(494): CodeIgniter\CodeIgniter->runController(Object(App\Controllers\Faldas))
 6 SYSTEMPATH\CodeIgniter.php(353): CodeIgniter\CodeIgniter->handleRequest(null, Object(Config\Cache), false)
 7 FCPATH\index.php(79): CodeIgniter\CodeIgniter->run()
CRITICAL - 2023-10-22 14:56:34 --> Invalid file: "datos/datosFaldas.php"
in SYSTEMPATH\Exceptions\FrameworkException.php on line 39.
 1 SYSTEMPATH\View\View.php(214): CodeIgniter\Exceptions\FrameworkException::forInvalidFile('datos/datosFaldas.php')
 2 SYSTEMPATH\Common.php(1188): CodeIgniter\View\View->render('datos/datosFaldas', [], true)
 3 APPPATH\Controllers\Faldas.php(31): view('datos/datosFaldas', [...])
 4 SYSTEMPATH\CodeIgniter.php(919): App\Controllers\Faldas->index()
 5 SYSTEMPATH\CodeIgniter.php(494): CodeIgniter\CodeIgniter->runController(Object(App\Controllers\Faldas))
 6 SYSTEMPATH\CodeIgniter.php(353): CodeIgniter\CodeIgniter->handleRequest(null, Object(Config\Cache), false)
 7 FCPATH\index.php(79): CodeIgniter\CodeIgniter->run()
CRITICAL - 2023-10-22 14:56:35 --> Invalid file: "datos/datosFaldas.php"
in SYSTEMPATH\Exceptions\FrameworkException.php on line 39.
 1 SYSTEMPATH\View\View.php(214): CodeIgniter\Exceptions\FrameworkException::forInvalidFile('datos/datosFaldas.php')
 2 SYSTEMPATH\Common.php(1188): CodeIgniter\View\View->render('datos/datosFaldas', [], true)
 3 APPPATH\Controllers\Faldas.php(31): view('datos/datosFaldas', [...])
 4 SYSTEMPATH\CodeIgniter.php(919): App\Controllers\Faldas->index()
 5 SYSTEMPATH\CodeIgniter.php(494): CodeIgniter\CodeIgniter->runController(Object(App\Controllers\Faldas))
 6 SYSTEMPATH\CodeIgniter.php(353): CodeIgniter\CodeIgniter->handleRequest(null, Object(Config\Cache), false)
 7 FCPATH\index.php(79): CodeIgniter\CodeIgniter->run()
CRITICAL - 2023-10-22 14:56:36 --> Invalid file: "datos/datosFaldas.php"
in SYSTEMPATH\Exceptions\FrameworkException.php on line 39.
 1 SYSTEMPATH\View\View.php(214): CodeIgniter\Exceptions\FrameworkException::forInvalidFile('datos/datosFaldas.php')
 2 SYSTEMPATH\Common.php(1188): CodeIgniter\View\View->render('datos/datosFaldas', [], true)
 3 APPPATH\Controllers\Faldas.php(31): view('datos/datosFaldas', [...])
 4 SYSTEMPATH\CodeIgniter.php(919): App\Controllers\Faldas->index()
 5 SYSTEMPATH\CodeIgniter.php(494): CodeIgniter\CodeIgniter->runController(Object(App\Controllers\Faldas))
 6 SYSTEMPATH\CodeIgniter.php(353): CodeIgniter\CodeIgniter->handleRequest(null, Object(Config\Cache), false)
 7 FCPATH\index.php(79): CodeIgniter\CodeIgniter->run()
CRITICAL - 2023-10-22 14:56:36 --> Invalid file: "datos/datosFaldas.php"
in SYSTEMPATH\Exceptions\FrameworkException.php on line 39.
 1 SYSTEMPATH\View\View.php(214): CodeIgniter\Exceptions\FrameworkException::forInvalidFile('datos/datosFaldas.php')
 2 SYSTEMPATH\Common.php(1188): CodeIgniter\View\View->render('datos/datosFaldas', [], true)
 3 APPPATH\Controllers\Faldas.php(31): view('datos/datosFaldas', [...])
 4 SYSTEMPATH\CodeIgniter.php(919): App\Controllers\Faldas->index()
 5 SYSTEMPATH\CodeIgniter.php(494): CodeIgniter\CodeIgniter->runController(Object(App\Controllers\Faldas))
 6 SYSTEMPATH\CodeIgniter.php(353): CodeIgniter\CodeIgniter->handleRequest(null, Object(Config\Cache), false)
 7 FCPATH\index.php(79): CodeIgniter\CodeIgniter->run()
CRITICAL - 2023-10-22 14:57:56 --> Invalid file: "datos/datosFaldas.php"
in SYSTEMPATH\Exceptions\FrameworkException.php on line 39.
 1 SYSTEMPATH\View\View.php(214): CodeIgniter\Exceptions\FrameworkException::forInvalidFile('datos/datosFaldas.php')
 2 SYSTEMPATH\Common.php(1188): CodeIgniter\View\View->render('datos/datosFaldas', [], true)
 3 APPPATH\Controllers\Faldas.php(31): view('datos/datosFaldas', [...])
 4 SYSTEMPATH\CodeIgniter.php(919): App\Controllers\Faldas->index()
 5 SYSTEMPATH\CodeIgniter.php(494): CodeIgniter\CodeIgniter->runController(Object(App\Controllers\Faldas))
 6 SYSTEMPATH\CodeIgniter.php(353): CodeIgniter\CodeIgniter->handleRequest(null, Object(Config\Cache), false)
 7 FCPATH\index.php(79): CodeIgniter\CodeIgniter->run()
CRITICAL - 2023-10-22 14:57:56 --> Invalid file: "datos/datosFaldas.php"
in SYSTEMPATH\Exceptions\FrameworkException.php on line 39.
 1 SYSTEMPATH\View\View.php(214): CodeIgniter\Exceptions\FrameworkException::forInvalidFile('datos/datosFaldas.php')
 2 SYSTEMPATH\Common.php(1188): CodeIgniter\View\View->render('datos/datosFaldas', [], true)
 3 APPPATH\Controllers\Faldas.php(31): view('datos/datosFaldas', [...])
 4 SYSTEMPATH\CodeIgniter.php(919): App\Controllers\Faldas->index()
 5 SYSTEMPATH\CodeIgniter.php(494): CodeIgniter\CodeIgniter->runController(Object(App\Controllers\Faldas))
 6 SYSTEMPATH\CodeIgniter.php(353): CodeIgniter\CodeIgniter->handleRequest(null, Object(Config\Cache), false)
 7 FCPATH\index.php(79): CodeIgniter\CodeIgniter->run()
CRITICAL - 2023-10-22 14:57:56 --> Invalid file: "datos/datosFaldas.php"
in SYSTEMPATH\Exceptions\FrameworkException.php on line 39.
 1 SYSTEMPATH\View\View.php(214): CodeIgniter\Exceptions\FrameworkException::forInvalidFile('datos/datosFaldas.php')
 2 SYSTEMPATH\Common.php(1188): CodeIgniter\View\View->render('datos/datosFaldas', [], true)
 3 APPPATH\Controllers\Faldas.php(31): view('datos/datosFaldas', [...])
 4 SYSTEMPATH\CodeIgniter.php(919): App\Controllers\Faldas->index()
 5 SYSTEMPATH\CodeIgniter.php(494): CodeIgniter\CodeIgniter->runController(Object(App\Controllers\Faldas))
 6 SYSTEMPATH\CodeIgniter.php(353): CodeIgniter\CodeIgniter->handleRequest(null, Object(Config\Cache), false)
 7 FCPATH\index.php(79): CodeIgniter\CodeIgniter->run()
CRITICAL - 2023-10-22 14:57:57 --> Invalid file: "datos/datosFaldas.php"
in SYSTEMPATH\Exceptions\FrameworkException.php on line 39.
 1 SYSTEMPATH\View\View.php(214): CodeIgniter\Exceptions\FrameworkException::forInvalidFile('datos/datosFaldas.php')
 2 SYSTEMPATH\Common.php(1188): CodeIgniter\View\View->render('datos/datosFaldas', [], true)
 3 APPPATH\Controllers\Faldas.php(31): view('datos/datosFaldas', [...])
 4 SYSTEMPATH\CodeIgniter.php(919): App\Controllers\Faldas->index()
 5 SYSTEMPATH\CodeIgniter.php(494): CodeIgniter\CodeIgniter->runController(Object(App\Controllers\Faldas))
 6 SYSTEMPATH\CodeIgniter.php(353): CodeIgniter\CodeIgniter->handleRequest(null, Object(Config\Cache), false)
 7 FCPATH\index.php(79): CodeIgniter\CodeIgniter->run()
CRITICAL - 2023-10-22 14:58:50 --> Invalid file: "datos/datosFaldas.php"
in SYSTEMPATH\Exceptions\FrameworkException.php on line 39.
 1 SYSTEMPATH\View\View.php(214): CodeIgniter\Exceptions\FrameworkException::forInvalidFile('datos/datosFaldas.php')
 2 SYSTEMPATH\Common.php(1188): CodeIgniter\View\View->render('datos/datosFaldas', [], true)
 3 APPPATH\Controllers\Faldas.php(31): view('datos/datosFaldas', [...])
 4 SYSTEMPATH\CodeIgniter.php(919): App\Controllers\Faldas->index()
 5 SYSTEMPATH\CodeIgniter.php(494): CodeIgniter\CodeIgniter->runController(Object(App\Controllers\Faldas))
 6 SYSTEMPATH\CodeIgniter.php(353): CodeIgniter\CodeIgniter->handleRequest(null, Object(Config\Cache), false)
 7 FCPATH\index.php(79): CodeIgniter\CodeIgniter->run()
CRITICAL - 2023-10-22 15:00:01 --> Invalid file: "datos/datosFaldas.php"
in SYSTEMPATH\Exceptions\FrameworkException.php on line 39.
 1 SYSTEMPATH\View\View.php(214): CodeIgniter\Exceptions\FrameworkException::forInvalidFile('datos/datosFaldas.php')
 2 SYSTEMPATH\Common.php(1188): CodeIgniter\View\View->render('datos/datosFaldas', [], true)
 3 APPPATH\Controllers\Faldas.php(31): view('datos/datosFaldas', [...])
 4 SYSTEMPATH\CodeIgniter.php(919): App\Controllers\Faldas->index()
 5 SYSTEMPATH\CodeIgniter.php(494): CodeIgniter\CodeIgniter->runController(Object(App\Controllers\Faldas))
 6 SYSTEMPATH\CodeIgniter.php(353): CodeIgniter\CodeIgniter->handleRequest(null, Object(Config\Cache), false)
 7 FCPATH\index.php(79): CodeIgniter\CodeIgniter->run()
CRITICAL - 2023-10-22 15:00:17 --> Undefined variable $Cliente
in APPPATH\Views\datos\datosFalda.php on line 35.
 1 APPPATH\Views\datos\datosFalda.php(35): CodeIgniter\Debug\Exceptions->errorHandler(2, 'Undefined variable $Cliente', 'C:\\xampp\\htdocs\\code4\\app\\Views\\datos\\datosFalda.php', 35)
 2 SYSTEMPATH\View\View.php(226): include('C:\\xampp\\htdocs\\code4\\app\\Views\\datos\\datosFalda.php')
 3 SYSTEMPATH\View\View.php(229): CodeIgniter\View\View->CodeIgniter\View\{closure}()
 4 SYSTEMPATH\Common.php(1188): CodeIgniter\View\View->render('datos/datosFalda', [], true)
 5 APPPATH\Controllers\Faldas.php(31): view('datos/datosFalda', [...])
 6 SYSTEMPATH\CodeIgniter.php(919): App\Controllers\Faldas->index()
 7 SYSTEMPATH\CodeIgniter.php(494): CodeIgniter\CodeIgniter->runController(Object(App\Controllers\Faldas))
 8 SYSTEMPATH\CodeIgniter.php(353): CodeIgniter\CodeIgniter->handleRequest(null, Object(Config\Cache), false)
 9 FCPATH\index.php(79): CodeIgniter\CodeIgniter->run()
CRITICAL - 2023-10-22 15:04:55 --> Attempt to read property "cliente" on array
in APPPATH\Views\datos\datosFalda.php on line 26.
 1 APPPATH\Views\datos\datosFalda.php(26): CodeIgniter\Debug\Exceptions->errorHandler(2, 'Attempt to read property "cliente" on array', 'C:\\xampp\\htdocs\\code4\\app\\Views\\datos\\datosFalda.php', 26)
 2 SYSTEMPATH\View\View.php(226): include('C:\\xampp\\htdocs\\code4\\app\\Views\\datos\\datosFalda.php')
 3 SYSTEMPATH\View\View.php(229): CodeIgniter\View\View->CodeIgniter\View\{closure}()
 4 SYSTEMPATH\Common.php(1188): CodeIgniter\View\View->render('datos/datosFalda', [], true)
 5 APPPATH\Controllers\Faldas.php(31): view('datos/datosFalda', [...])
 6 SYSTEMPATH\CodeIgniter.php(919): App\Controllers\Faldas->index()
 7 SYSTEMPATH\CodeIgniter.php(494): CodeIgniter\CodeIgniter->runController(Object(App\Controllers\Faldas))
 8 SYSTEMPATH\CodeIgniter.php(353): CodeIgniter\CodeIgniter->handleRequest(null, Object(Config\Cache), false)
 9 FCPATH\index.php(79): CodeIgniter\CodeIgniter->run()
CRITICAL - 2023-10-22 15:06:00 --> Call to undefined method App\Models\Falda::with
in SYSTEMPATH\Model.php on line 873.
 1 APPPATH\Controllers\Faldas.php(25): CodeIgniter\Model->__call('with', [...])
 2 SYSTEMPATH\CodeIgniter.php(919): App\Controllers\Faldas->index()
 3 SYSTEMPATH\CodeIgniter.php(494): CodeIgniter\CodeIgniter->runController(Object(App\Controllers\Faldas))
 4 SYSTEMPATH\CodeIgniter.php(353): CodeIgniter\CodeIgniter->handleRequest(null, Object(Config\Cache), false)
 5 FCPATH\index.php(79): CodeIgniter\CodeIgniter->run()
CRITICAL - 2023-10-22 15:10:42 --> Call to undefined method App\Models\Falda::with
in SYSTEMPATH\Model.php on line 873.
 1 APPPATH\Controllers\Faldas.php(25): CodeIgniter\Model->__call('with', [...])
 2 SYSTEMPATH\CodeIgniter.php(919): App\Controllers\Faldas->index()
 3 SYSTEMPATH\CodeIgniter.php(494): CodeIgniter\CodeIgniter->runController(Object(App\Controllers\Faldas))
 4 SYSTEMPATH\CodeIgniter.php(353): CodeIgniter\CodeIgniter->handleRequest(null, Object(Config\Cache), false)
 5 FCPATH\index.php(79): CodeIgniter\CodeIgniter->run()
CRITICAL - 2023-10-22 15:10:43 --> Call to undefined method App\Models\Falda::with
in SYSTEMPATH\Model.php on line 873.
 1 APPPATH\Controllers\Faldas.php(25): CodeIgniter\Model->__call('with', [...])
 2 SYSTEMPATH\CodeIgniter.php(919): App\Controllers\Faldas->index()
 3 SYSTEMPATH\CodeIgniter.php(494): CodeIgniter\CodeIgniter->runController(Object(App\Controllers\Faldas))
 4 SYSTEMPATH\CodeIgniter.php(353): CodeIgniter\CodeIgniter->handleRequest(null, Object(Config\Cache), false)
 5 FCPATH\index.php(79): CodeIgniter\CodeIgniter->run()
CRITICAL - 2023-10-22 15:10:43 --> Call to undefined method App\Models\Falda::with
in SYSTEMPATH\Model.php on line 873.
 1 APPPATH\Controllers\Faldas.php(25): CodeIgniter\Model->__call('with', [...])
 2 SYSTEMPATH\CodeIgniter.php(919): App\Controllers\Faldas->index()
 3 SYSTEMPATH\CodeIgniter.php(494): CodeIgniter\CodeIgniter->runController(Object(App\Controllers\Faldas))
 4 SYSTEMPATH\CodeIgniter.php(353): CodeIgniter\CodeIgniter->handleRequest(null, Object(Config\Cache), false)
 5 FCPATH\index.php(79): CodeIgniter\CodeIgniter->run()
CRITICAL - 2023-10-22 15:10:44 --> Call to undefined method App\Models\Falda::with
in SYSTEMPATH\Model.php on line 873.
 1 APPPATH\Controllers\Faldas.php(25): CodeIgniter\Model->__call('with', [...])
 2 SYSTEMPATH\CodeIgniter.php(919): App\Controllers\Faldas->index()
 3 SYSTEMPATH\CodeIgniter.php(494): CodeIgniter\CodeIgniter->runController(Object(App\Controllers\Faldas))
 4 SYSTEMPATH\CodeIgniter.php(353): CodeIgniter\CodeIgniter->handleRequest(null, Object(Config\Cache), false)
 5 FCPATH\index.php(79): CodeIgniter\CodeIgniter->run()
CRITICAL - 2023-10-22 15:11:49 --> Call to undefined method App\Models\Falda::with
in SYSTEMPATH\Model.php on line 873.
 1 APPPATH\Controllers\Faldas.php(25): CodeIgniter\Model->__call('with', [...])
 2 SYSTEMPATH\CodeIgniter.php(919): App\Controllers\Faldas->index()
 3 SYSTEMPATH\CodeIgniter.php(494): CodeIgniter\CodeIgniter->runController(Object(App\Controllers\Faldas))
 4 SYSTEMPATH\CodeIgniter.php(353): CodeIgniter\CodeIgniter->handleRequest(null, Object(Config\Cache), false)
 5 FCPATH\index.php(79): CodeIgniter\CodeIgniter->run()
CRITICAL - 2023-10-22 15:11:50 --> Call to undefined method App\Models\Falda::with
in SYSTEMPATH\Model.php on line 873.
 1 APPPATH\Controllers\Faldas.php(25): CodeIgniter\Model->__call('with', [...])
 2 SYSTEMPATH\CodeIgniter.php(919): App\Controllers\Faldas->index()
 3 SYSTEMPATH\CodeIgniter.php(494): CodeIgniter\CodeIgniter->runController(Object(App\Controllers\Faldas))
 4 SYSTEMPATH\CodeIgniter.php(353): CodeIgniter\CodeIgniter->handleRequest(null, Object(Config\Cache), false)
 5 FCPATH\index.php(79): CodeIgniter\CodeIgniter->run()
CRITICAL - 2023-10-22 15:11:50 --> Call to undefined method App\Models\Falda::with
in SYSTEMPATH\Model.php on line 873.
 1 APPPATH\Controllers\Faldas.php(25): CodeIgniter\Model->__call('with', [...])
 2 SYSTEMPATH\CodeIgniter.php(919): App\Controllers\Faldas->index()
 3 SYSTEMPATH\CodeIgniter.php(494): CodeIgniter\CodeIgniter->runController(Object(App\Controllers\Faldas))
 4 SYSTEMPATH\CodeIgniter.php(353): CodeIgniter\CodeIgniter->handleRequest(null, Object(Config\Cache), false)
 5 FCPATH\index.php(79): CodeIgniter\CodeIgniter->run()
CRITICAL - 2023-10-22 15:11:50 --> Call to undefined method App\Models\Falda::with
in SYSTEMPATH\Model.php on line 873.
 1 APPPATH\Controllers\Faldas.php(25): CodeIgniter\Model->__call('with', [...])
 2 SYSTEMPATH\CodeIgniter.php(919): App\Controllers\Faldas->index()
 3 SYSTEMPATH\CodeIgniter.php(494): CodeIgniter\CodeIgniter->runController(Object(App\Controllers\Faldas))
 4 SYSTEMPATH\CodeIgniter.php(353): CodeIgniter\CodeIgniter->handleRequest(null, Object(Config\Cache), false)
 5 FCPATH\index.php(79): CodeIgniter\CodeIgniter->run()
CRITICAL - 2023-10-22 15:11:51 --> Call to undefined method App\Models\Falda::with
in SYSTEMPATH\Model.php on line 873.
 1 APPPATH\Controllers\Faldas.php(25): CodeIgniter\Model->__call('with', [...])
 2 SYSTEMPATH\CodeIgniter.php(919): App\Controllers\Faldas->index()
 3 SYSTEMPATH\CodeIgniter.php(494): CodeIgniter\CodeIgniter->runController(Object(App\Controllers\Faldas))
 4 SYSTEMPATH\CodeIgniter.php(353): CodeIgniter\CodeIgniter->handleRequest(null, Object(Config\Cache), false)
 5 FCPATH\index.php(79): CodeIgniter\CodeIgniter->run()
CRITICAL - 2023-10-22 15:12:42 --> Invalid file: "datos/datosFaldas.php"
in SYSTEMPATH\Exceptions\FrameworkException.php on line 39.
 1 SYSTEMPATH\View\View.php(214): CodeIgniter\Exceptions\FrameworkException::forInvalidFile('datos/datosFaldas.php')
 2 SYSTEMPATH\Common.php(1188): CodeIgniter\View\View->render('datos/datosFaldas', [], true)
 3 APPPATH\Controllers\Faldas.php(30): view('datos/datosFaldas', [...])
 4 SYSTEMPATH\CodeIgniter.php(919): App\Controllers\Faldas->index()
 5 SYSTEMPATH\CodeIgniter.php(494): CodeIgniter\CodeIgniter->runController(Object(App\Controllers\Faldas))
 6 SYSTEMPATH\CodeIgniter.php(353): CodeIgniter\CodeIgniter->handleRequest(null, Object(Config\Cache), false)
 7 FCPATH\index.php(79): CodeIgniter\CodeIgniter->run()
CRITICAL - 2023-10-22 15:12:51 --> Attempt to read property "cliente" on array
in APPPATH\Views\datos\datosFalda.php on line 26.
 1 APPPATH\Views\datos\datosFalda.php(26): CodeIgniter\Debug\Exceptions->errorHandler(2, 'Attempt to read property "cliente" on array', 'C:\\xampp\\htdocs\\code4\\app\\Views\\datos\\datosFalda.php', 26)
 2 SYSTEMPATH\View\View.php(226): include('C:\\xampp\\htdocs\\code4\\app\\Views\\datos\\datosFalda.php')
 3 SYSTEMPATH\View\View.php(229): CodeIgniter\View\View->CodeIgniter\View\{closure}()
 4 SYSTEMPATH\Common.php(1188): CodeIgniter\View\View->render('datos/datosFalda', [], true)
 5 APPPATH\Controllers\Faldas.php(30): view('datos/datosFalda', [...])
 6 SYSTEMPATH\CodeIgniter.php(919): App\Controllers\Faldas->index()
 7 SYSTEMPATH\CodeIgniter.php(494): CodeIgniter\CodeIgniter->runController(Object(App\Controllers\Faldas))
 8 SYSTEMPATH\CodeIgniter.php(353): CodeIgniter\CodeIgniter->handleRequest(null, Object(Config\Cache), false)
 9 FCPATH\index.php(79): CodeIgniter\CodeIgniter->run()
CRITICAL - 2023-10-22 15:13:39 --> Call to undefined method App\Models\Falda::with
in SYSTEMPATH\Model.php on line 873.
 1 APPPATH\Controllers\Faldas.php(24): CodeIgniter\Model->__call('with', [...])
 2 SYSTEMPATH\CodeIgniter.php(919): App\Controllers\Faldas->index()
 3 SYSTEMPATH\CodeIgniter.php(494): CodeIgniter\CodeIgniter->runController(Object(App\Controllers\Faldas))
 4 SYSTEMPATH\CodeIgniter.php(353): CodeIgniter\CodeIgniter->handleRequest(null, Object(Config\Cache), false)
 5 FCPATH\index.php(79): CodeIgniter\CodeIgniter->run()
CRITICAL - 2023-10-22 15:14:08 --> Invalid file: "datos/datosFaldas.php"
in SYSTEMPATH\Exceptions\FrameworkException.php on line 39.
 1 SYSTEMPATH\View\View.php(214): CodeIgniter\Exceptions\FrameworkException::forInvalidFile('datos/datosFaldas.php')
 2 SYSTEMPATH\Common.php(1188): CodeIgniter\View\View->render('datos/datosFaldas', [], true)
 3 APPPATH\Controllers\Faldas.php(30): view('datos/datosFaldas', [...])
 4 SYSTEMPATH\CodeIgniter.php(919): App\Controllers\Faldas->index()
 5 SYSTEMPATH\CodeIgniter.php(494): CodeIgniter\CodeIgniter->runController(Object(App\Controllers\Faldas))
 6 SYSTEMPATH\CodeIgniter.php(353): CodeIgniter\CodeIgniter->handleRequest(null, Object(Config\Cache), false)
 7 FCPATH\index.php(79): CodeIgniter\CodeIgniter->run()
CRITICAL - 2023-10-22 15:14:19 --> Attempt to read property "cliente" on array
in APPPATH\Views\datos\datosFalda.php on line 26.
 1 APPPATH\Views\datos\datosFalda.php(26): CodeIgniter\Debug\Exceptions->errorHandler(2, 'Attempt to read property "cliente" on array', 'C:\\xampp\\htdocs\\code4\\app\\Views\\datos\\datosFalda.php', 26)
 2 SYSTEMPATH\View\View.php(226): include('C:\\xampp\\htdocs\\code4\\app\\Views\\datos\\datosFalda.php')
 3 SYSTEMPATH\View\View.php(229): CodeIgniter\View\View->CodeIgniter\View\{closure}()
 4 SYSTEMPATH\Common.php(1188): CodeIgniter\View\View->render('datos/datosFalda', [], true)
 5 APPPATH\Controllers\Faldas.php(30): view('datos/datosFalda', [...])
 6 SYSTEMPATH\CodeIgniter.php(919): App\Controllers\Faldas->index()
 7 SYSTEMPATH\CodeIgniter.php(494): CodeIgniter\CodeIgniter->runController(Object(App\Controllers\Faldas))
 8 SYSTEMPATH\CodeIgniter.php(353): CodeIgniter\CodeIgniter->handleRequest(null, Object(Config\Cache), false)
 9 FCPATH\index.php(79): CodeIgniter\CodeIgniter->run()
CRITICAL - 2023-10-22 15:15:44 --> Attempt to read property "cliente" on array
in APPPATH\Views\datos\datosFalda.php on line 26.
 1 APPPATH\Views\datos\datosFalda.php(26): CodeIgniter\Debug\Exceptions->errorHandler(2, 'Attempt to read property "cliente" on array', 'C:\\xampp\\htdocs\\code4\\app\\Views\\datos\\datosFalda.php', 26)
 2 SYSTEMPATH\View\View.php(226): include('C:\\xampp\\htdocs\\code4\\app\\Views\\datos\\datosFalda.php')
 3 SYSTEMPATH\View\View.php(229): CodeIgniter\View\View->CodeIgniter\View\{closure}()
 4 SYSTEMPATH\Common.php(1188): CodeIgniter\View\View->render('datos/datosFalda', [], true)
 5 APPPATH\Controllers\Faldas.php(30): view('datos/datosFalda', [...])
 6 SYSTEMPATH\CodeIgniter.php(919): App\Controllers\Faldas->index()
 7 SYSTEMPATH\CodeIgniter.php(494): CodeIgniter\CodeIgniter->runController(Object(App\Controllers\Faldas))
 8 SYSTEMPATH\CodeIgniter.php(353): CodeIgniter\CodeIgniter->handleRequest(null, Object(Config\Cache), false)
 9 FCPATH\index.php(79): CodeIgniter\CodeIgniter->run()
CRITICAL - 2023-10-22 15:15:45 --> Attempt to read property "cliente" on array
in APPPATH\Views\datos\datosFalda.php on line 26.
 1 APPPATH\Views\datos\datosFalda.php(26): CodeIgniter\Debug\Exceptions->errorHandler(2, 'Attempt to read property "cliente" on array', 'C:\\xampp\\htdocs\\code4\\app\\Views\\datos\\datosFalda.php', 26)
 2 SYSTEMPATH\View\View.php(226): include('C:\\xampp\\htdocs\\code4\\app\\Views\\datos\\datosFalda.php')
 3 SYSTEMPATH\View\View.php(229): CodeIgniter\View\View->CodeIgniter\View\{closure}()
 4 SYSTEMPATH\Common.php(1188): CodeIgniter\View\View->render('datos/datosFalda', [], true)
 5 APPPATH\Controllers\Faldas.php(30): view('datos/datosFalda', [...])
 6 SYSTEMPATH\CodeIgniter.php(919): App\Controllers\Faldas->index()
 7 SYSTEMPATH\CodeIgniter.php(494): CodeIgniter\CodeIgniter->runController(Object(App\Controllers\Faldas))
 8 SYSTEMPATH\CodeIgniter.php(353): CodeIgniter\CodeIgniter->handleRequest(null, Object(Config\Cache), false)
 9 FCPATH\index.php(79): CodeIgniter\CodeIgniter->run()
CRITICAL - 2023-10-22 15:16:41 --> Call to undefined method App\Models\Falda::with
in SYSTEMPATH\Model.php on line 873.
 1 APPPATH\Controllers\Faldas.php(24): CodeIgniter\Model->__call('with', [...])
 2 SYSTEMPATH\CodeIgniter.php(919): App\Controllers\Faldas->index()
 3 SYSTEMPATH\CodeIgniter.php(494): CodeIgniter\CodeIgniter->runController(Object(App\Controllers\Faldas))
 4 SYSTEMPATH\CodeIgniter.php(353): CodeIgniter\CodeIgniter->handleRequest(null, Object(Config\Cache), false)
 5 FCPATH\index.php(79): CodeIgniter\CodeIgniter->run()
CRITICAL - 2023-10-22 15:17:11 --> Invalid file: "datos/datosFaldas.php"
in SYSTEMPATH\Exceptions\FrameworkException.php on line 39.
 1 SYSTEMPATH\View\View.php(214): CodeIgniter\Exceptions\FrameworkException::forInvalidFile('datos/datosFaldas.php')
 2 SYSTEMPATH\Common.php(1188): CodeIgniter\View\View->render('datos/datosFaldas', [], true)
 3 APPPATH\Controllers\Faldas.php(29): view('datos/datosFaldas', [...])
 4 SYSTEMPATH\CodeIgniter.php(919): App\Controllers\Faldas->index()
 5 SYSTEMPATH\CodeIgniter.php(494): CodeIgniter\CodeIgniter->runController(Object(App\Controllers\Faldas))
 6 SYSTEMPATH\CodeIgniter.php(353): CodeIgniter\CodeIgniter->handleRequest(null, Object(Config\Cache), false)
 7 FCPATH\index.php(79): CodeIgniter\CodeIgniter->run()
CRITICAL - 2023-10-22 15:17:16 --> Attempt to read property "cliente" on array
in APPPATH\Views\datos\datosFalda.php on line 26.
 1 APPPATH\Views\datos\datosFalda.php(26): CodeIgniter\Debug\Exceptions->errorHandler(2, 'Attempt to read property "cliente" on array', 'C:\\xampp\\htdocs\\code4\\app\\Views\\datos\\datosFalda.php', 26)
 2 SYSTEMPATH\View\View.php(226): include('C:\\xampp\\htdocs\\code4\\app\\Views\\datos\\datosFalda.php')
 3 SYSTEMPATH\View\View.php(229): CodeIgniter\View\View->CodeIgniter\View\{closure}()
 4 SYSTEMPATH\Common.php(1188): CodeIgniter\View\View->render('datos/datosFalda', [], true)
 5 APPPATH\Controllers\Faldas.php(29): view('datos/datosFalda', [...])
 6 SYSTEMPATH\CodeIgniter.php(919): App\Controllers\Faldas->index()
 7 SYSTEMPATH\CodeIgniter.php(494): CodeIgniter\CodeIgniter->runController(Object(App\Controllers\Faldas))
 8 SYSTEMPATH\CodeIgniter.php(353): CodeIgniter\CodeIgniter->handleRequest(null, Object(Config\Cache), false)
 9 FCPATH\index.php(79): CodeIgniter\CodeIgniter->run()
CRITICAL - 2023-10-22 15:19:13 --> Attempt to read property "cliente" on array
in APPPATH\Views\datos\datosFalda.php on line 26.
 1 APPPATH\Views\datos\datosFalda.php(26): CodeIgniter\Debug\Exceptions->errorHandler(2, 'Attempt to read property "cliente" on array', 'C:\\xampp\\htdocs\\code4\\app\\Views\\datos\\datosFalda.php', 26)
 2 SYSTEMPATH\View\View.php(226): include('C:\\xampp\\htdocs\\code4\\app\\Views\\datos\\datosFalda.php')
 3 SYSTEMPATH\View\View.php(229): CodeIgniter\View\View->CodeIgniter\View\{closure}()
 4 SYSTEMPATH\Common.php(1188): CodeIgniter\View\View->render('datos/datosFalda', [], true)
 5 APPPATH\Controllers\Faldas.php(29): view('datos/datosFalda', [...])
 6 SYSTEMPATH\CodeIgniter.php(919): App\Controllers\Faldas->index()
 7 SYSTEMPATH\CodeIgniter.php(494): CodeIgniter\CodeIgniter->runController(Object(App\Controllers\Faldas))
 8 SYSTEMPATH\CodeIgniter.php(353): CodeIgniter\CodeIgniter->handleRequest(null, Object(Config\Cache), false)
 9 FCPATH\index.php(79): CodeIgniter\CodeIgniter->run()
CRITICAL - 2023-10-22 15:20:44 --> Call to undefined method App\Models\Falda::with
in SYSTEMPATH\Model.php on line 873.
 1 APPPATH\Controllers\Faldas.php(24): CodeIgniter\Model->__call('with', [...])
 2 SYSTEMPATH\CodeIgniter.php(919): App\Controllers\Faldas->index()
 3 SYSTEMPATH\CodeIgniter.php(494): CodeIgniter\CodeIgniter->runController(Object(App\Controllers\Faldas))
 4 SYSTEMPATH\CodeIgniter.php(353): CodeIgniter\CodeIgniter->handleRequest(null, Object(Config\Cache), false)
 5 FCPATH\index.php(79): CodeIgniter\CodeIgniter->run()
CRITICAL - 2023-10-22 15:21:31 --> Invalid file: "datos/datosFaldas.php"
in SYSTEMPATH\Exceptions\FrameworkException.php on line 39.
 1 SYSTEMPATH\View\View.php(214): CodeIgniter\Exceptions\FrameworkException::forInvalidFile('datos/datosFaldas.php')
 2 SYSTEMPATH\Common.php(1188): CodeIgniter\View\View->render('datos/datosFaldas', [], true)
 3 APPPATH\Controllers\Faldas.php(28): view('datos/datosFaldas', [...])
 4 SYSTEMPATH\CodeIgniter.php(919): App\Controllers\Faldas->index()
 5 SYSTEMPATH\CodeIgniter.php(494): CodeIgniter\CodeIgniter->runController(Object(App\Controllers\Faldas))
 6 SYSTEMPATH\CodeIgniter.php(353): CodeIgniter\CodeIgniter->handleRequest(null, Object(Config\Cache), false)
 7 FCPATH\index.php(79): CodeIgniter\CodeIgniter->run()
CRITICAL - 2023-10-22 15:21:41 --> Attempt to read property "cliente" on array
in APPPATH\Views\datos\datosFalda.php on line 26.
 1 APPPATH\Views\datos\datosFalda.php(26): CodeIgniter\Debug\Exceptions->errorHandler(2, 'Attempt to read property "cliente" on array', 'C:\\xampp\\htdocs\\code4\\app\\Views\\datos\\datosFalda.php', 26)
 2 SYSTEMPATH\View\View.php(226): include('C:\\xampp\\htdocs\\code4\\app\\Views\\datos\\datosFalda.php')
 3 SYSTEMPATH\View\View.php(229): CodeIgniter\View\View->CodeIgniter\View\{closure}()
 4 SYSTEMPATH\Common.php(1188): CodeIgniter\View\View->render('datos/datosFalda', [], true)
 5 APPPATH\Controllers\Faldas.php(28): view('datos/datosFalda', [...])
 6 SYSTEMPATH\CodeIgniter.php(919): App\Controllers\Faldas->index()
 7 SYSTEMPATH\CodeIgniter.php(494): CodeIgniter\CodeIgniter->runController(Object(App\Controllers\Faldas))
 8 SYSTEMPATH\CodeIgniter.php(353): CodeIgniter\CodeIgniter->handleRequest(null, Object(Config\Cache), false)
 9 FCPATH\index.php(79): CodeIgniter\CodeIgniter->run()
CRITICAL - 2023-10-22 15:31:48 --> Call to undefined method App\Models\Falda::with
in SYSTEMPATH\Model.php on line 873.
 1 APPPATH\Controllers\Faldas.php(23): CodeIgniter\Model->__call('with', [...])
 2 SYSTEMPATH\CodeIgniter.php(919): App\Controllers\Faldas->index()
 3 SYSTEMPATH\CodeIgniter.php(494): CodeIgniter\CodeIgniter->runController(Object(App\Controllers\Faldas))
 4 SYSTEMPATH\CodeIgniter.php(353): CodeIgniter\CodeIgniter->handleRequest(null, Object(Config\Cache), false)
 5 FCPATH\index.php(79): CodeIgniter\CodeIgniter->run()
CRITICAL - 2023-10-22 15:31:49 --> Call to undefined method App\Models\Falda::with
in SYSTEMPATH\Model.php on line 873.
 1 APPPATH\Controllers\Faldas.php(23): CodeIgniter\Model->__call('with', [...])
 2 SYSTEMPATH\CodeIgniter.php(919): App\Controllers\Faldas->index()
 3 SYSTEMPATH\CodeIgniter.php(494): CodeIgniter\CodeIgniter->runController(Object(App\Controllers\Faldas))
 4 SYSTEMPATH\CodeIgniter.php(353): CodeIgniter\CodeIgniter->handleRequest(null, Object(Config\Cache), false)
 5 FCPATH\index.php(79): CodeIgniter\CodeIgniter->run()
CRITICAL - 2023-10-22 15:31:50 --> Call to undefined method App\Models\Falda::with
in SYSTEMPATH\Model.php on line 873.
 1 APPPATH\Controllers\Faldas.php(23): CodeIgniter\Model->__call('with', [...])
 2 SYSTEMPATH\CodeIgniter.php(919): App\Controllers\Faldas->index()
 3 SYSTEMPATH\CodeIgniter.php(494): CodeIgniter\CodeIgniter->runController(Object(App\Controllers\Faldas))
 4 SYSTEMPATH\CodeIgniter.php(353): CodeIgniter\CodeIgniter->handleRequest(null, Object(Config\Cache), false)
 5 FCPATH\index.php(79): CodeIgniter\CodeIgniter->run()
CRITICAL - 2023-10-22 15:31:50 --> Call to undefined method App\Models\Falda::with
in SYSTEMPATH\Model.php on line 873.
 1 APPPATH\Controllers\Faldas.php(23): CodeIgniter\Model->__call('with', [...])
 2 SYSTEMPATH\CodeIgniter.php(919): App\Controllers\Faldas->index()
 3 SYSTEMPATH\CodeIgniter.php(494): CodeIgniter\CodeIgniter->runController(Object(App\Controllers\Faldas))
 4 SYSTEMPATH\CodeIgniter.php(353): CodeIgniter\CodeIgniter->handleRequest(null, Object(Config\Cache), false)
 5 FCPATH\index.php(79): CodeIgniter\CodeIgniter->run()
CRITICAL - 2023-10-22 15:32:19 --> Call to undefined method App\Models\Falda::with
in SYSTEMPATH\Model.php on line 873.
 1 APPPATH\Controllers\Faldas.php(23): CodeIgniter\Model->__call('with', [...])
 2 SYSTEMPATH\CodeIgniter.php(919): App\Controllers\Faldas->index()
 3 SYSTEMPATH\CodeIgniter.php(494): CodeIgniter\CodeIgniter->runController(Object(App\Controllers\Faldas))
 4 SYSTEMPATH\CodeIgniter.php(353): CodeIgniter\CodeIgniter->handleRequest(null, Object(Config\Cache), false)
 5 FCPATH\index.php(79): CodeIgniter\CodeIgniter->run()
CRITICAL - 2023-10-22 15:32:56 --> Undefined variable $falda
in APPPATH\Views\datos\datosFalda.php on line 23.
 1 APPPATH\Views\datos\datosFalda.php(23): CodeIgniter\Debug\Exceptions->errorHandler(2, 'Undefined variable $falda', 'C:\\xampp\\htdocs\\code4\\app\\Views\\datos\\datosFalda.php', 23)
 2 SYSTEMPATH\View\View.php(226): include('C:\\xampp\\htdocs\\code4\\app\\Views\\datos\\datosFalda.php')
 3 SYSTEMPATH\View\View.php(229): CodeIgniter\View\View->CodeIgniter\View\{closure}()
 4 SYSTEMPATH\Common.php(1188): CodeIgniter\View\View->render('datos/datosFalda', [], true)
 5 APPPATH\Controllers\Faldas.php(32): view('datos/datosFalda', [...])
 6 SYSTEMPATH\CodeIgniter.php(919): App\Controllers\Faldas->index()
 7 SYSTEMPATH\CodeIgniter.php(494): CodeIgniter\CodeIgniter->runController(Object(App\Controllers\Faldas))
 8 SYSTEMPATH\CodeIgniter.php(353): CodeIgniter\CodeIgniter->handleRequest(null, Object(Config\Cache), false)
 9 FCPATH\index.php(79): CodeIgniter\CodeIgniter->run()
CRITICAL - 2023-10-22 15:34:04 --> Undefined variable $falda
in APPPATH\Views\datos\datosFalda.php on line 23.
 1 APPPATH\Views\datos\datosFalda.php(23): CodeIgniter\Debug\Exceptions->errorHandler(2, 'Undefined variable $falda', 'C:\\xampp\\htdocs\\code4\\app\\Views\\datos\\datosFalda.php', 23)
 2 SYSTEMPATH\View\View.php(226): include('C:\\xampp\\htdocs\\code4\\app\\Views\\datos\\datosFalda.php')
 3 SYSTEMPATH\View\View.php(229): CodeIgniter\View\View->CodeIgniter\View\{closure}()
 4 SYSTEMPATH\Common.php(1188): CodeIgniter\View\View->render('datos/datosFalda', [], true)
 5 APPPATH\Controllers\Faldas.php(32): view('datos/datosFalda', [...])
 6 SYSTEMPATH\CodeIgniter.php(919): App\Controllers\Faldas->index()
 7 SYSTEMPATH\CodeIgniter.php(494): CodeIgniter\CodeIgniter->runController(Object(App\Controllers\Faldas))
 8 SYSTEMPATH\CodeIgniter.php(353): CodeIgniter\CodeIgniter->handleRequest(null, Object(Config\Cache), false)
 9 FCPATH\index.php(79): CodeIgniter\CodeIgniter->run()
CRITICAL - 2023-10-22 15:34:05 --> Undefined variable $falda
in APPPATH\Views\datos\datosFalda.php on line 23.
 1 APPPATH\Views\datos\datosFalda.php(23): CodeIgniter\Debug\Exceptions->errorHandler(2, 'Undefined variable $falda', 'C:\\xampp\\htdocs\\code4\\app\\Views\\datos\\datosFalda.php', 23)
 2 SYSTEMPATH\View\View.php(226): include('C:\\xampp\\htdocs\\code4\\app\\Views\\datos\\datosFalda.php')
 3 SYSTEMPATH\View\View.php(229): CodeIgniter\View\View->CodeIgniter\View\{closure}()
 4 SYSTEMPATH\Common.php(1188): CodeIgniter\View\View->render('datos/datosFalda', [], true)
 5 APPPATH\Controllers\Faldas.php(32): view('datos/datosFalda', [...])
 6 SYSTEMPATH\CodeIgniter.php(919): App\Controllers\Faldas->index()
 7 SYSTEMPATH\CodeIgniter.php(494): CodeIgniter\CodeIgniter->runController(Object(App\Controllers\Faldas))
 8 SYSTEMPATH\CodeIgniter.php(353): CodeIgniter\CodeIgniter->handleRequest(null, Object(Config\Cache), false)
 9 FCPATH\index.php(79): CodeIgniter\CodeIgniter->run()
CRITICAL - 2023-10-22 15:34:39 --> Undefined variable $falda
in APPPATH\Views\datos\datosFalda.php on line 23.
 1 APPPATH\Views\datos\datosFalda.php(23): CodeIgniter\Debug\Exceptions->errorHandler(2, 'Undefined variable $falda', 'C:\\xampp\\htdocs\\code4\\app\\Views\\datos\\datosFalda.php', 23)
 2 SYSTEMPATH\View\View.php(226): include('C:\\xampp\\htdocs\\code4\\app\\Views\\datos\\datosFalda.php')
 3 SYSTEMPATH\View\View.php(229): CodeIgniter\View\View->CodeIgniter\View\{closure}()
 4 SYSTEMPATH\Common.php(1188): CodeIgniter\View\View->render('datos/datosFalda', [], true)
 5 APPPATH\Controllers\Faldas.php(32): view('datos/datosFalda', [...])
 6 SYSTEMPATH\CodeIgniter.php(919): App\Controllers\Faldas->index()
 7 SYSTEMPATH\CodeIgniter.php(494): CodeIgniter\CodeIgniter->runController(Object(App\Controllers\Faldas))
 8 SYSTEMPATH\CodeIgniter.php(353): CodeIgniter\CodeIgniter->handleRequest(null, Object(Config\Cache), false)
 9 FCPATH\index.php(79): CodeIgniter\CodeIgniter->run()
CRITICAL - 2023-10-22 15:35:09 --> Attempt to read property "cliente" on array
in APPPATH\Views\datos\datosFalda.php on line 26.
 1 APPPATH\Views\datos\datosFalda.php(26): CodeIgniter\Debug\Exceptions->errorHandler(2, 'Attempt to read property "cliente" on array', 'C:\\xampp\\htdocs\\code4\\app\\Views\\datos\\datosFalda.php', 26)
 2 SYSTEMPATH\View\View.php(226): include('C:\\xampp\\htdocs\\code4\\app\\Views\\datos\\datosFalda.php')
 3 SYSTEMPATH\View\View.php(229): CodeIgniter\View\View->CodeIgniter\View\{closure}()
 4 SYSTEMPATH\Common.php(1188): CodeIgniter\View\View->render('datos/datosFalda', [], true)
 5 APPPATH\Controllers\Faldas.php(32): view('datos/datosFalda', [...])
 6 SYSTEMPATH\CodeIgniter.php(919): App\Controllers\Faldas->index()
 7 SYSTEMPATH\CodeIgniter.php(494): CodeIgniter\CodeIgniter->runController(Object(App\Controllers\Faldas))
 8 SYSTEMPATH\CodeIgniter.php(353): CodeIgniter\CodeIgniter->handleRequest(null, Object(Config\Cache), false)
 9 FCPATH\index.php(79): CodeIgniter\CodeIgniter->run()
CRITICAL - 2023-10-22 15:35:45 --> Call to undefined method App\Models\Falda::with
in SYSTEMPATH\Model.php on line 873.
 1 APPPATH\Controllers\Faldas.php(23): CodeIgniter\Model->__call('with', [...])
 2 SYSTEMPATH\CodeIgniter.php(919): App\Controllers\Faldas->index()
 3 SYSTEMPATH\CodeIgniter.php(494): CodeIgniter\CodeIgniter->runController(Object(App\Controllers\Faldas))
 4 SYSTEMPATH\CodeIgniter.php(353): CodeIgniter\CodeIgniter->handleRequest(null, Object(Config\Cache), false)
 5 FCPATH\index.php(79): CodeIgniter\CodeIgniter->run()
CRITICAL - 2023-10-22 15:35:45 --> Call to undefined method App\Models\Falda::with
in SYSTEMPATH\Model.php on line 873.
 1 APPPATH\Controllers\Faldas.php(23): CodeIgniter\Model->__call('with', [...])
 2 SYSTEMPATH\CodeIgniter.php(919): App\Controllers\Faldas->index()
 3 SYSTEMPATH\CodeIgniter.php(494): CodeIgniter\CodeIgniter->runController(Object(App\Controllers\Faldas))
 4 SYSTEMPATH\CodeIgniter.php(353): CodeIgniter\CodeIgniter->handleRequest(null, Object(Config\Cache), false)
 5 FCPATH\index.php(79): CodeIgniter\CodeIgniter->run()
CRITICAL - 2023-10-22 15:36:13 --> Call to undefined method App\Models\Falda::with
in SYSTEMPATH\Model.php on line 873.
 1 APPPATH\Controllers\Faldas.php(23): CodeIgniter\Model->__call('with', [...])
 2 SYSTEMPATH\CodeIgniter.php(919): App\Controllers\Faldas->index()
 3 SYSTEMPATH\CodeIgniter.php(494): CodeIgniter\CodeIgniter->runController(Object(App\Controllers\Faldas))
 4 SYSTEMPATH\CodeIgniter.php(353): CodeIgniter\CodeIgniter->handleRequest(null, Object(Config\Cache), false)
 5 FCPATH\index.php(79): CodeIgniter\CodeIgniter->run()
CRITICAL - 2023-10-22 15:36:14 --> Call to undefined method App\Models\Falda::with
in SYSTEMPATH\Model.php on line 873.
 1 APPPATH\Controllers\Faldas.php(23): CodeIgniter\Model->__call('with', [...])
 2 SYSTEMPATH\CodeIgniter.php(919): App\Controllers\Faldas->index()
 3 SYSTEMPATH\CodeIgniter.php(494): CodeIgniter\CodeIgniter->runController(Object(App\Controllers\Faldas))
 4 SYSTEMPATH\CodeIgniter.php(353): CodeIgniter\CodeIgniter->handleRequest(null, Object(Config\Cache), false)
 5 FCPATH\index.php(79): CodeIgniter\CodeIgniter->run()
CRITICAL - 2023-10-22 15:36:14 --> Call to undefined method App\Models\Falda::with
in SYSTEMPATH\Model.php on line 873.
 1 APPPATH\Controllers\Faldas.php(23): CodeIgniter\Model->__call('with', [...])
 2 SYSTEMPATH\CodeIgniter.php(919): App\Controllers\Faldas->index()
 3 SYSTEMPATH\CodeIgniter.php(494): CodeIgniter\CodeIgniter->runController(Object(App\Controllers\Faldas))
 4 SYSTEMPATH\CodeIgniter.php(353): CodeIgniter\CodeIgniter->handleRequest(null, Object(Config\Cache), false)
 5 FCPATH\index.php(79): CodeIgniter\CodeIgniter->run()
CRITICAL - 2023-10-22 15:36:14 --> Call to undefined method App\Models\Falda::with
in SYSTEMPATH\Model.php on line 873.
 1 APPPATH\Controllers\Faldas.php(23): CodeIgniter\Model->__call('with', [...])
 2 SYSTEMPATH\CodeIgniter.php(919): App\Controllers\Faldas->index()
 3 SYSTEMPATH\CodeIgniter.php(494): CodeIgniter\CodeIgniter->runController(Object(App\Controllers\Faldas))
 4 SYSTEMPATH\CodeIgniter.php(353): CodeIgniter\CodeIgniter->handleRequest(null, Object(Config\Cache), false)
 5 FCPATH\index.php(79): CodeIgniter\CodeIgniter->run()
CRITICAL - 2023-10-22 15:36:15 --> Call to undefined method App\Models\Falda::with
in SYSTEMPATH\Model.php on line 873.
 1 APPPATH\Controllers\Faldas.php(23): CodeIgniter\Model->__call('with', [...])
 2 SYSTEMPATH\CodeIgniter.php(919): App\Controllers\Faldas->index()
 3 SYSTEMPATH\CodeIgniter.php(494): CodeIgniter\CodeIgniter->runController(Object(App\Controllers\Faldas))
 4 SYSTEMPATH\CodeIgniter.php(353): CodeIgniter\CodeIgniter->handleRequest(null, Object(Config\Cache), false)
 5 FCPATH\index.php(79): CodeIgniter\CodeIgniter->run()
CRITICAL - 2023-10-22 15:36:15 --> Call to undefined method App\Models\Falda::with
in SYSTEMPATH\Model.php on line 873.
 1 APPPATH\Controllers\Faldas.php(23): CodeIgniter\Model->__call('with', [...])
 2 SYSTEMPATH\CodeIgniter.php(919): App\Controllers\Faldas->index()
 3 SYSTEMPATH\CodeIgniter.php(494): CodeIgniter\CodeIgniter->runController(Object(App\Controllers\Faldas))
 4 SYSTEMPATH\CodeIgniter.php(353): CodeIgniter\CodeIgniter->handleRequest(null, Object(Config\Cache), false)
 5 FCPATH\index.php(79): CodeIgniter\CodeIgniter->run()
CRITICAL - 2023-10-22 15:36:15 --> Call to undefined method App\Models\Falda::with
in SYSTEMPATH\Model.php on line 873.
 1 APPPATH\Controllers\Faldas.php(23): CodeIgniter\Model->__call('with', [...])
 2 SYSTEMPATH\CodeIgniter.php(919): App\Controllers\Faldas->index()
 3 SYSTEMPATH\CodeIgniter.php(494): CodeIgniter\CodeIgniter->runController(Object(App\Controllers\Faldas))
 4 SYSTEMPATH\CodeIgniter.php(353): CodeIgniter\CodeIgniter->handleRequest(null, Object(Config\Cache), false)
 5 FCPATH\index.php(79): CodeIgniter\CodeIgniter->run()
CRITICAL - 2023-10-22 15:38:26 --> Attempt to read property "cliente" on array
in APPPATH\Views\datos\datosFalda.php on line 26.
 1 APPPATH\Views\datos\datosFalda.php(26): CodeIgniter\Debug\Exceptions->errorHandler(2, 'Attempt to read property "cliente" on array', 'C:\\xampp\\htdocs\\code4\\app\\Views\\datos\\datosFalda.php', 26)
 2 SYSTEMPATH\View\View.php(226): include('C:\\xampp\\htdocs\\code4\\app\\Views\\datos\\datosFalda.php')
 3 SYSTEMPATH\View\View.php(229): CodeIgniter\View\View->CodeIgniter\View\{closure}()
 4 SYSTEMPATH\Common.php(1188): CodeIgniter\View\View->render('datos/datosFalda', [], true)
 5 APPPATH\Controllers\Faldas.php(33): view('datos/datosFalda', [...])
 6 SYSTEMPATH\CodeIgniter.php(919): App\Controllers\Faldas->index()
 7 SYSTEMPATH\CodeIgniter.php(494): CodeIgniter\CodeIgniter->runController(Object(App\Controllers\Faldas))
 8 SYSTEMPATH\CodeIgniter.php(353): CodeIgniter\CodeIgniter->handleRequest(null, Object(Config\Cache), false)
 9 FCPATH\index.php(79): CodeIgniter\CodeIgniter->run()
CRITICAL - 2023-10-22 23:00:07 --> Undefined variable $cabecera
in APPPATH\Views\bddclientes\crear.php on line 1.
 1 APPPATH\Views\bddclientes\crear.php(1): CodeIgniter\Debug\Exceptions->errorHandler(2, 'Undefined variable $cabecera', 'C:\\xampp\\htdocs\\code4\\app\\Views\\bddclientes\\crear.php', 1)
 2 SYSTEMPATH\View\View.php(226): include('C:\\xampp\\htdocs\\code4\\app\\Views\\bddclientes\\crear.php')
 3 SYSTEMPATH\View\View.php(229): CodeIgniter\View\View->CodeIgniter\View\{closure}()
 4 SYSTEMPATH\Common.php(1188): CodeIgniter\View\View->render('bddclientes/crear', [], true)
 5 APPPATH\Controllers\Faldas.php(47): view('bddclientes/crear', [...])
 6 SYSTEMPATH\CodeIgniter.php(919): App\Controllers\Faldas->guardar()
 7 SYSTEMPATH\CodeIgniter.php(494): CodeIgniter\CodeIgniter->runController(Object(App\Controllers\Faldas))
 8 SYSTEMPATH\CodeIgniter.php(353): CodeIgniter\CodeIgniter->handleRequest(null, Object(Config\Cache), false)
 9 FCPATH\index.php(79): CodeIgniter\CodeIgniter->run()
ERROR - 2023-10-22 23:00:37 --> mysqli_sql_exception: Duplicate entry '5' for key 'falda.PRIMARY' in C:\xampp\htdocs\code4\system\Database\MySQLi\Connection.php:306
Stack trace:
#0 C:\xampp\htdocs\code4\system\Database\MySQLi\Connection.php(306): mysqli->query('INSERT INTO `fa...', 0)
#1 C:\xampp\htdocs\code4\system\Database\BaseConnection.php(692): CodeIgniter\Database\MySQLi\Connection->execute('INSERT INTO `fa...')
#2 C:\xampp\htdocs\code4\system\Database\BaseConnection.php(606): CodeIgniter\Database\BaseConnection->simpleQuery('INSERT INTO `fa...')
#3 C:\xampp\htdocs\code4\system\Database\BaseBuilder.php(2308): CodeIgniter\Database\BaseConnection->query('INSERT INTO `fa...', Array, false)
#4 C:\xampp\htdocs\code4\system\Model.php(319): CodeIgniter\Database\BaseBuilder->insert()
#5 C:\xampp\htdocs\code4\system\BaseModel.php(788): CodeIgniter\Model->doInsert(Array)
#6 C:\xampp\htdocs\code4\system\Model.php(715): CodeIgniter\BaseModel->insert(Array, true)
#7 C:\xampp\htdocs\code4\app\Controllers\Faldas.php(46): CodeIgniter\Model->insert(Array)
#8 C:\xampp\htdocs\code4\system\CodeIgniter.php(919): App\Controllers\Faldas->guardar()
#9 C:\xampp\htdocs\code4\system\CodeIgniter.php(494): CodeIgniter\CodeIgniter->runController(Object(App\Controllers\Faldas))
#10 C:\xampp\htdocs\code4\system\CodeIgniter.php(353): CodeIgniter\CodeIgniter->handleRequest(NULL, Object(Config\Cache), false)
#11 C:\xampp\htdocs\code4\public\index.php(79): CodeIgniter\CodeIgniter->run()
#12 {main}
CRITICAL - 2023-10-22 23:00:37 --> Duplicate entry '5' for key 'falda.PRIMARY'
in SYSTEMPATH\Database\BaseConnection.php on line 646.
 1 SYSTEMPATH\Database\BaseBuilder.php(2308): CodeIgniter\Database\BaseConnection->query('INSERT INTO `falda` (`cliente_id`, `largo`, `cintura`, `cadera`) VALUES (:cliente_id:, :largo:, :cintura:, :cadera:)', [...], false)
 2 SYSTEMPATH\Model.php(319): CodeIgniter\Database\BaseBuilder->insert()
 3 SYSTEMPATH\BaseModel.php(788): CodeIgniter\Model->doInsert([...])
 4 SYSTEMPATH\Model.php(715): CodeIgniter\BaseModel->insert([...], true)
 5 APPPATH\Controllers\Faldas.php(46): CodeIgniter\Model->insert([...])
 6 SYSTEMPATH\CodeIgniter.php(919): App\Controllers\Faldas->guardar()
 7 SYSTEMPATH\CodeIgniter.php(494): CodeIgniter\CodeIgniter->runController(Object(App\Controllers\Faldas))
 8 SYSTEMPATH\CodeIgniter.php(353): CodeIgniter\CodeIgniter->handleRequest(null, Object(Config\Cache), false)
 9 FCPATH\index.php(79): CodeIgniter\CodeIgniter->run()
ERROR - 2023-10-22 23:01:47 --> mysqli_sql_exception: Duplicate entry '5' for key 'falda.PRIMARY' in C:\xampp\htdocs\code4\system\Database\MySQLi\Connection.php:306
Stack trace:
#0 C:\xampp\htdocs\code4\system\Database\MySQLi\Connection.php(306): mysqli->query('INSERT INTO `fa...', 0)
#1 C:\xampp\htdocs\code4\system\Database\BaseConnection.php(692): CodeIgniter\Database\MySQLi\Connection->execute('INSERT INTO `fa...')
#2 C:\xampp\htdocs\code4\system\Database\BaseConnection.php(606): CodeIgniter\Database\BaseConnection->simpleQuery('INSERT INTO `fa...')
#3 C:\xampp\htdocs\code4\system\Database\BaseBuilder.php(2308): CodeIgniter\Database\BaseConnection->query('INSERT INTO `fa...', Array, false)
#4 C:\xampp\htdocs\code4\system\Model.php(319): CodeIgniter\Database\BaseBuilder->insert()
#5 C:\xampp\htdocs\code4\system\BaseModel.php(788): CodeIgniter\Model->doInsert(Array)
#6 C:\xampp\htdocs\code4\system\Model.php(715): CodeIgniter\BaseModel->insert(Array, true)
#7 C:\xampp\htdocs\code4\app\Controllers\Faldas.php(46): CodeIgniter\Model->insert(Array)
#8 C:\xampp\htdocs\code4\system\CodeIgniter.php(919): App\Controllers\Faldas->guardar()
#9 C:\xampp\htdocs\code4\system\CodeIgniter.php(494): CodeIgniter\CodeIgniter->runController(Object(App\Controllers\Faldas))
#10 C:\xampp\htdocs\code4\system\CodeIgniter.php(353): CodeIgniter\CodeIgniter->handleRequest(NULL, Object(Config\Cache), false)
#11 C:\xampp\htdocs\code4\public\index.php(79): CodeIgniter\CodeIgniter->run()
#12 {main}
CRITICAL - 2023-10-22 23:01:47 --> Duplicate entry '5' for key 'falda.PRIMARY'
in SYSTEMPATH\Database\BaseConnection.php on line 646.
 1 SYSTEMPATH\Database\BaseBuilder.php(2308): CodeIgniter\Database\BaseConnection->query('INSERT INTO `falda` (`cliente_id`, `largo`, `cintura`, `cadera`) VALUES (:cliente_id:, :largo:, :cintura:, :cadera:)', [...], false)
 2 SYSTEMPATH\Model.php(319): CodeIgniter\Database\BaseBuilder->insert()
 3 SYSTEMPATH\BaseModel.php(788): CodeIgniter\Model->doInsert([...])
 4 SYSTEMPATH\Model.php(715): CodeIgniter\BaseModel->insert([...], true)
 5 APPPATH\Controllers\Faldas.php(46): CodeIgniter\Model->insert([...])
 6 SYSTEMPATH\CodeIgniter.php(919): App\Controllers\Faldas->guardar()
 7 SYSTEMPATH\CodeIgniter.php(494): CodeIgniter\CodeIgniter->runController(Object(App\Controllers\Faldas))
 8 SYSTEMPATH\CodeIgniter.php(353): CodeIgniter\CodeIgniter->handleRequest(null, Object(Config\Cache), false)
 9 FCPATH\index.php(79): CodeIgniter\CodeIgniter->run()
CRITICAL - 2023-10-22 23:07:37 --> Undefined array key "nombre"
in APPPATH\Views\datos\datosFalda.php on line 26.
 1 APPPATH\Views\datos\datosFalda.php(26): CodeIgniter\Debug\Exceptions->errorHandler(2, 'Undefined array key "nombre"', 'C:\\xampp\\htdocs\\code4\\app\\Views\\datos\\datosFalda.php', 26)
 2 SYSTEMPATH\View\View.php(226): include('C:\\xampp\\htdocs\\code4\\app\\Views\\datos\\datosFalda.php')
 3 SYSTEMPATH\View\View.php(229): CodeIgniter\View\View->CodeIgniter\View\{closure}()
 4 SYSTEMPATH\Common.php(1188): CodeIgniter\View\View->render('datos/datosFalda', [], true)
 5 APPPATH\Controllers\Faldas.php(33): view('datos/datosFalda', [...])
 6 SYSTEMPATH\CodeIgniter.php(919): App\Controllers\Faldas->index()
 7 SYSTEMPATH\CodeIgniter.php(494): CodeIgniter\CodeIgniter->runController(Object(App\Controllers\Faldas))
 8 SYSTEMPATH\CodeIgniter.php(353): CodeIgniter\CodeIgniter->handleRequest(null, Object(Config\Cache), false)
 9 FCPATH\index.php(79): CodeIgniter\CodeIgniter->run()
