CRITICAL - 2023-05-01 18:18:52 --> Invalid file: "libros/listars.php"
in SYSTEMPATH\Exceptions\FrameworkException.php on line 33.
 1 SYSTEMPATH\View\View.php(201): CodeIgniter\Exceptions\FrameworkException::forInvalidFile('libros/listars.php')
 2 SYSTEMPATH\Common.php(1184): CodeIgniter\View\View->render('libros/listars', [], true)
 3 APPPATH\Controllers\Libros.php(10): view('libros/listars')
 4 SYSTEMPATH\CodeIgniter.php(934): App\Controllers\Libros->index()
 5 SYSTEMPATH\CodeIgniter.php(499): CodeIgniter\CodeIgniter->runController(Object(App\Controllers\Libros))
 6 SYSTEMPATH\CodeIgniter.php(368): CodeIgniter\CodeIgniter->handleRequest(null, Object(Config\Cache), false)
 7 FCPATH\index.php(67): CodeIgniter\CodeIgniter->run()
CRITICAL - 2023-05-01 18:19:05 --> Invalid file: "libros/listars.php"
in SYSTEMPATH\Exceptions\FrameworkException.php on line 33.
 1 SYSTEMPATH\View\View.php(201): CodeIgniter\Exceptions\FrameworkException::forInvalidFile('libros/listars.php')
 2 SYSTEMPATH\Common.php(1184): CodeIgniter\View\View->render('libros/listars', [], true)
 3 APPPATH\Controllers\Home.php(9): view('libros/listars')
 4 SYSTEMPATH\CodeIgniter.php(934): App\Controllers\Home->index()
 5 SYSTEMPATH\CodeIgniter.php(499): CodeIgniter\CodeIgniter->runController(Object(App\Controllers\Home))
 6 SYSTEMPATH\CodeIgniter.php(368): CodeIgniter\CodeIgniter->handleRequest(null, Object(Config\Cache), false)
 7 FCPATH\index.php(67): CodeIgniter\CodeIgniter->run()
CRITICAL - 2023-05-01 18:19:08 --> Invalid file: "libros/listars.php"
in SYSTEMPATH\Exceptions\FrameworkException.php on line 33.
 1 SYSTEMPATH\View\View.php(201): CodeIgniter\Exceptions\FrameworkException::forInvalidFile('libros/listars.php')
 2 SYSTEMPATH\Common.php(1184): CodeIgniter\View\View->render('libros/listars', [], true)
 3 APPPATH\Controllers\Home.php(9): view('libros/listars')
 4 SYSTEMPATH\CodeIgniter.php(934): App\Controllers\Home->index()
 5 SYSTEMPATH\CodeIgniter.php(499): CodeIgniter\CodeIgniter->runController(Object(App\Controllers\Home))
 6 SYSTEMPATH\CodeIgniter.php(368): CodeIgniter\CodeIgniter->handleRequest(null, Object(Config\Cache), false)
 7 FCPATH\index.php(67): CodeIgniter\CodeIgniter->run()
CRITICAL - 2023-05-01 18:19:08 --> Invalid file: "libros/listars.php"
in SYSTEMPATH\Exceptions\FrameworkException.php on line 33.
 1 SYSTEMPATH\View\View.php(201): CodeIgniter\Exceptions\FrameworkException::forInvalidFile('libros/listars.php')
 2 SYSTEMPATH\Common.php(1184): CodeIgniter\View\View->render('libros/listars', [], true)
 3 APPPATH\Controllers\Home.php(9): view('libros/listars')
 4 SYSTEMPATH\CodeIgniter.php(934): App\Controllers\Home->index()
 5 SYSTEMPATH\CodeIgniter.php(499): CodeIgniter\CodeIgniter->runController(Object(App\Controllers\Home))
 6 SYSTEMPATH\CodeIgniter.php(368): CodeIgniter\CodeIgniter->handleRequest(null, Object(Config\Cache), false)
 7 FCPATH\index.php(67): CodeIgniter\CodeIgniter->run()
CRITICAL - 2023-05-01 19:10:16 --> syntax error, unexpected token "endforeach", expecting end of file
in APPPATH\Views\libros\listar.php on line 36.
 1 SYSTEMPATH\View\View.php(216): CodeIgniter\View\View->CodeIgniter\View\{closure}()
 2 SYSTEMPATH\Common.php(1184): CodeIgniter\View\View->render('libros/listar', [], true)
 3 APPPATH\Controllers\Libros.php(13): view('libros/listar', [...])
 4 SYSTEMPATH\CodeIgniter.php(934): App\Controllers\Libros->index()
 5 SYSTEMPATH\CodeIgniter.php(499): CodeIgniter\CodeIgniter->runController(Object(App\Controllers\Libros))
 6 SYSTEMPATH\CodeIgniter.php(368): CodeIgniter\CodeIgniter->handleRequest(null, Object(Config\Cache), false)
 7 FCPATH\index.php(67): CodeIgniter\CodeIgniter->run()
CRITICAL - 2023-05-01 19:10:30 --> syntax error, unexpected token "endforeach", expecting end of file
in APPPATH\Views\libros\listar.php on line 36.
 1 SYSTEMPATH\View\View.php(216): CodeIgniter\View\View->CodeIgniter\View\{closure}()
 2 SYSTEMPATH\Common.php(1184): CodeIgniter\View\View->render('libros/listar', [], true)
 3 APPPATH\Controllers\Libros.php(13): view('libros/listar', [...])
 4 SYSTEMPATH\CodeIgniter.php(934): App\Controllers\Libros->index()
 5 SYSTEMPATH\CodeIgniter.php(499): CodeIgniter\CodeIgniter->runController(Object(App\Controllers\Libros))
 6 SYSTEMPATH\CodeIgniter.php(368): CodeIgniter\CodeIgniter->handleRequest(null, Object(Config\Cache), false)
 7 FCPATH\index.php(67): CodeIgniter\CodeIgniter->run()
CRITICAL - 2023-05-01 19:10:53 --> syntax error, unexpected token "endforeach", expecting end of file
in APPPATH\Views\libros\listar.php on line 36.
 1 SYSTEMPATH\View\View.php(216): CodeIgniter\View\View->CodeIgniter\View\{closure}()
 2 SYSTEMPATH\Common.php(1184): CodeIgniter\View\View->render('libros/listar', [], true)
 3 APPPATH\Controllers\Libros.php(13): view('libros/listar', [...])
 4 SYSTEMPATH\CodeIgniter.php(934): App\Controllers\Libros->index()
 5 SYSTEMPATH\CodeIgniter.php(499): CodeIgniter\CodeIgniter->runController(Object(App\Controllers\Libros))
 6 SYSTEMPATH\CodeIgniter.php(368): CodeIgniter\CodeIgniter->handleRequest(null, Object(Config\Cache), false)
 7 FCPATH\index.php(67): CodeIgniter\CodeIgniter->run()
CRITICAL - 2023-05-01 19:10:54 --> syntax error, unexpected token "endforeach", expecting end of file
in APPPATH\Views\libros\listar.php on line 36.
 1 SYSTEMPATH\View\View.php(216): CodeIgniter\View\View->CodeIgniter\View\{closure}()
 2 SYSTEMPATH\Common.php(1184): CodeIgniter\View\View->render('libros/listar', [], true)
 3 APPPATH\Controllers\Libros.php(13): view('libros/listar', [...])
 4 SYSTEMPATH\CodeIgniter.php(934): App\Controllers\Libros->index()
 5 SYSTEMPATH\CodeIgniter.php(499): CodeIgniter\CodeIgniter->runController(Object(App\Controllers\Libros))
 6 SYSTEMPATH\CodeIgniter.php(368): CodeIgniter\CodeIgniter->handleRequest(null, Object(Config\Cache), false)
 7 FCPATH\index.php(67): CodeIgniter\CodeIgniter->run()
CRITICAL - 2023-05-01 19:10:54 --> syntax error, unexpected token "endforeach", expecting end of file
in APPPATH\Views\libros\listar.php on line 36.
 1 SYSTEMPATH\View\View.php(216): CodeIgniter\View\View->CodeIgniter\View\{closure}()
 2 SYSTEMPATH\Common.php(1184): CodeIgniter\View\View->render('libros/listar', [], true)
 3 APPPATH\Controllers\Libros.php(13): view('libros/listar', [...])
 4 SYSTEMPATH\CodeIgniter.php(934): App\Controllers\Libros->index()
 5 SYSTEMPATH\CodeIgniter.php(499): CodeIgniter\CodeIgniter->runController(Object(App\Controllers\Libros))
 6 SYSTEMPATH\CodeIgniter.php(368): CodeIgniter\CodeIgniter->handleRequest(null, Object(Config\Cache), false)
 7 FCPATH\index.php(67): CodeIgniter\CodeIgniter->run()
CRITICAL - 2023-05-01 19:10:55 --> syntax error, unexpected token "endforeach", expecting end of file
in APPPATH\Views\libros\listar.php on line 36.
 1 SYSTEMPATH\View\View.php(216): CodeIgniter\View\View->CodeIgniter\View\{closure}()
 2 SYSTEMPATH\Common.php(1184): CodeIgniter\View\View->render('libros/listar', [], true)
 3 APPPATH\Controllers\Libros.php(13): view('libros/listar', [...])
 4 SYSTEMPATH\CodeIgniter.php(934): App\Controllers\Libros->index()
 5 SYSTEMPATH\CodeIgniter.php(499): CodeIgniter\CodeIgniter->runController(Object(App\Controllers\Libros))
 6 SYSTEMPATH\CodeIgniter.php(368): CodeIgniter\CodeIgniter->handleRequest(null, Object(Config\Cache), false)
 7 FCPATH\index.php(67): CodeIgniter\CodeIgniter->run()
CRITICAL - 2023-05-01 20:01:56 --> Undefined variable $libros
in APPPATH\Views\libros\listar.php on line 26.
 1 APPPATH\Views\libros\listar.php(26): CodeIgniter\Debug\Exceptions->errorHandler(2, 'Undefined variable $libros', 'C:\\xampp\\htdocs\\crudCodenaiter\\biblioteca\\app\\Views\\libros\\listar.php', 26)
 2 SYSTEMPATH\View\View.php(213): include('C:\\xampp\\htdocs\\crudCodenaiter\\biblioteca\\app\\Views\\libros\\listar.php')
 3 SYSTEMPATH\View\View.php(216): CodeIgniter\View\View->CodeIgniter\View\{closure}()
 4 SYSTEMPATH\Common.php(1184): CodeIgniter\View\View->render('libros/listar', [], true)
 5 APPPATH\Controllers\Home.php(9): view('libros/listar')
 6 SYSTEMPATH\CodeIgniter.php(934): App\Controllers\Home->index()
 7 SYSTEMPATH\CodeIgniter.php(499): CodeIgniter\CodeIgniter->runController(Object(App\Controllers\Home))
 8 SYSTEMPATH\CodeIgniter.php(368): CodeIgniter\CodeIgniter->handleRequest(null, Object(Config\Cache), false)
 9 FCPATH\index.php(67): CodeIgniter\CodeIgniter->run()
CRITICAL - 2023-05-01 22:53:32 --> Undefined variable $libros
in APPPATH\Views\libros\listar.php on line 26.
 1 APPPATH\Views\libros\listar.php(26): CodeIgniter\Debug\Exceptions->errorHandler(2, 'Undefined variable $libros', 'C:\\xampp\\htdocs\\crudCodenaiter\\biblioteca\\app\\Views\\libros\\listar.php', 26)
 2 SYSTEMPATH\View\View.php(213): include('C:\\xampp\\htdocs\\crudCodenaiter\\biblioteca\\app\\Views\\libros\\listar.php')
 3 SYSTEMPATH\View\View.php(216): CodeIgniter\View\View->CodeIgniter\View\{closure}()
 4 SYSTEMPATH\Common.php(1184): CodeIgniter\View\View->render('libros/listar', [], true)
 5 APPPATH\Controllers\Home.php(9): view('libros/listar')
 6 SYSTEMPATH\CodeIgniter.php(934): App\Controllers\Home->index()
 7 SYSTEMPATH\CodeIgniter.php(499): CodeIgniter\CodeIgniter->runController(Object(App\Controllers\Home))
 8 SYSTEMPATH\CodeIgniter.php(368): CodeIgniter\CodeIgniter->handleRequest(null, Object(Config\Cache), false)
 9 FCPATH\index.php(67): CodeIgniter\CodeIgniter->run()
CRITICAL - 2023-05-01 22:53:33 --> Undefined variable $libros
in APPPATH\Views\libros\listar.php on line 26.
 1 APPPATH\Views\libros\listar.php(26): CodeIgniter\Debug\Exceptions->errorHandler(2, 'Undefined variable $libros', 'C:\\xampp\\htdocs\\crudCodenaiter\\biblioteca\\app\\Views\\libros\\listar.php', 26)
 2 SYSTEMPATH\View\View.php(213): include('C:\\xampp\\htdocs\\crudCodenaiter\\biblioteca\\app\\Views\\libros\\listar.php')
 3 SYSTEMPATH\View\View.php(216): CodeIgniter\View\View->CodeIgniter\View\{closure}()
 4 SYSTEMPATH\Common.php(1184): CodeIgniter\View\View->render('libros/listar', [], true)
 5 APPPATH\Controllers\Home.php(9): view('libros/listar')
 6 SYSTEMPATH\CodeIgniter.php(934): App\Controllers\Home->index()
 7 SYSTEMPATH\CodeIgniter.php(499): CodeIgniter\CodeIgniter->runController(Object(App\Controllers\Home))
 8 SYSTEMPATH\CodeIgniter.php(368): CodeIgniter\CodeIgniter->handleRequest(null, Object(Config\Cache), false)
 9 FCPATH\index.php(67): CodeIgniter\CodeIgniter->run()
CRITICAL - 2023-05-01 22:53:34 --> Undefined variable $libros
in APPPATH\Views\libros\listar.php on line 26.
 1 APPPATH\Views\libros\listar.php(26): CodeIgniter\Debug\Exceptions->errorHandler(2, 'Undefined variable $libros', 'C:\\xampp\\htdocs\\crudCodenaiter\\biblioteca\\app\\Views\\libros\\listar.php', 26)
 2 SYSTEMPATH\View\View.php(213): include('C:\\xampp\\htdocs\\crudCodenaiter\\biblioteca\\app\\Views\\libros\\listar.php')
 3 SYSTEMPATH\View\View.php(216): CodeIgniter\View\View->CodeIgniter\View\{closure}()
 4 SYSTEMPATH\Common.php(1184): CodeIgniter\View\View->render('libros/listar', [], true)
 5 APPPATH\Controllers\Home.php(9): view('libros/listar')
 6 SYSTEMPATH\CodeIgniter.php(934): App\Controllers\Home->index()
 7 SYSTEMPATH\CodeIgniter.php(499): CodeIgniter\CodeIgniter->runController(Object(App\Controllers\Home))
 8 SYSTEMPATH\CodeIgniter.php(368): CodeIgniter\CodeIgniter->handleRequest(null, Object(Config\Cache), false)
 9 FCPATH\index.php(67): CodeIgniter\CodeIgniter->run()
CRITICAL - 2023-05-01 22:53:35 --> Undefined variable $libros
in APPPATH\Views\libros\listar.php on line 26.
 1 APPPATH\Views\libros\listar.php(26): CodeIgniter\Debug\Exceptions->errorHandler(2, 'Undefined variable $libros', 'C:\\xampp\\htdocs\\crudCodenaiter\\biblioteca\\app\\Views\\libros\\listar.php', 26)
 2 SYSTEMPATH\View\View.php(213): include('C:\\xampp\\htdocs\\crudCodenaiter\\biblioteca\\app\\Views\\libros\\listar.php')
 3 SYSTEMPATH\View\View.php(216): CodeIgniter\View\View->CodeIgniter\View\{closure}()
 4 SYSTEMPATH\Common.php(1184): CodeIgniter\View\View->render('libros/listar', [], true)
 5 APPPATH\Controllers\Home.php(9): view('libros/listar')
 6 SYSTEMPATH\CodeIgniter.php(934): App\Controllers\Home->index()
 7 SYSTEMPATH\CodeIgniter.php(499): CodeIgniter\CodeIgniter->runController(Object(App\Controllers\Home))
 8 SYSTEMPATH\CodeIgniter.php(368): CodeIgniter\CodeIgniter->handleRequest(null, Object(Config\Cache), false)
 9 FCPATH\index.php(67): CodeIgniter\CodeIgniter->run()
CRITICAL - 2023-05-01 23:07:53 --> Undefined variable $libros
in APPPATH\Views\libros\listar.php on line 26.
 1 APPPATH\Views\libros\listar.php(26): CodeIgniter\Debug\Exceptions->errorHandler(2, 'Undefined variable $libros', 'C:\\xampp\\htdocs\\crudCodenaiter\\biblioteca\\app\\Views\\libros\\listar.php', 26)
 2 SYSTEMPATH\View\View.php(213): include('C:\\xampp\\htdocs\\crudCodenaiter\\biblioteca\\app\\Views\\libros\\listar.php')
 3 SYSTEMPATH\View\View.php(216): CodeIgniter\View\View->CodeIgniter\View\{closure}()
 4 SYSTEMPATH\Common.php(1184): CodeIgniter\View\View->render('libros/listar', [], true)
 5 APPPATH\Controllers\Home.php(9): view('libros/listar')
 6 SYSTEMPATH\CodeIgniter.php(934): App\Controllers\Home->index()
 7 SYSTEMPATH\CodeIgniter.php(499): CodeIgniter\CodeIgniter->runController(Object(App\Controllers\Home))
 8 SYSTEMPATH\CodeIgniter.php(368): CodeIgniter\CodeIgniter->handleRequest(null, Object(Config\Cache), false)
 9 FCPATH\index.php(67): CodeIgniter\CodeIgniter->run()
CRITICAL - 2023-05-01 23:08:41 --> Undefined variable $libros
in APPPATH\Views\libros\listar.php on line 26.
 1 APPPATH\Views\libros\listar.php(26): CodeIgniter\Debug\Exceptions->errorHandler(2, 'Undefined variable $libros', 'C:\\xampp\\htdocs\\crudCodenaiter\\biblioteca\\app\\Views\\libros\\listar.php', 26)
 2 SYSTEMPATH\View\View.php(213): include('C:\\xampp\\htdocs\\crudCodenaiter\\biblioteca\\app\\Views\\libros\\listar.php')
 3 SYSTEMPATH\View\View.php(216): CodeIgniter\View\View->CodeIgniter\View\{closure}()
 4 SYSTEMPATH\Common.php(1184): CodeIgniter\View\View->render('libros/listar', [], true)
 5 APPPATH\Controllers\Home.php(9): view('libros/listar')
 6 SYSTEMPATH\CodeIgniter.php(934): App\Controllers\Home->index()
 7 SYSTEMPATH\CodeIgniter.php(499): CodeIgniter\CodeIgniter->runController(Object(App\Controllers\Home))
 8 SYSTEMPATH\CodeIgniter.php(368): CodeIgniter\CodeIgniter->handleRequest(null, Object(Config\Cache), false)
 9 FCPATH\index.php(67): CodeIgniter\CodeIgniter->run()
CRITICAL - 2023-05-01 23:08:42 --> Undefined variable $libros
in APPPATH\Views\libros\listar.php on line 26.
 1 APPPATH\Views\libros\listar.php(26): CodeIgniter\Debug\Exceptions->errorHandler(2, 'Undefined variable $libros', 'C:\\xampp\\htdocs\\crudCodenaiter\\biblioteca\\app\\Views\\libros\\listar.php', 26)
 2 SYSTEMPATH\View\View.php(213): include('C:\\xampp\\htdocs\\crudCodenaiter\\biblioteca\\app\\Views\\libros\\listar.php')
 3 SYSTEMPATH\View\View.php(216): CodeIgniter\View\View->CodeIgniter\View\{closure}()
 4 SYSTEMPATH\Common.php(1184): CodeIgniter\View\View->render('libros/listar', [], true)
 5 APPPATH\Controllers\Home.php(9): view('libros/listar')
 6 SYSTEMPATH\CodeIgniter.php(934): App\Controllers\Home->index()
 7 SYSTEMPATH\CodeIgniter.php(499): CodeIgniter\CodeIgniter->runController(Object(App\Controllers\Home))
 8 SYSTEMPATH\CodeIgniter.php(368): CodeIgniter\CodeIgniter->handleRequest(null, Object(Config\Cache), false)
 9 FCPATH\index.php(67): CodeIgniter\CodeIgniter->run()
CRITICAL - 2023-05-01 23:08:43 --> Undefined variable $libros
in APPPATH\Views\libros\listar.php on line 26.
 1 APPPATH\Views\libros\listar.php(26): CodeIgniter\Debug\Exceptions->errorHandler(2, 'Undefined variable $libros', 'C:\\xampp\\htdocs\\crudCodenaiter\\biblioteca\\app\\Views\\libros\\listar.php', 26)
 2 SYSTEMPATH\View\View.php(213): include('C:\\xampp\\htdocs\\crudCodenaiter\\biblioteca\\app\\Views\\libros\\listar.php')
 3 SYSTEMPATH\View\View.php(216): CodeIgniter\View\View->CodeIgniter\View\{closure}()
 4 SYSTEMPATH\Common.php(1184): CodeIgniter\View\View->render('libros/listar', [], true)
 5 APPPATH\Controllers\Home.php(9): view('libros/listar')
 6 SYSTEMPATH\CodeIgniter.php(934): App\Controllers\Home->index()
 7 SYSTEMPATH\CodeIgniter.php(499): CodeIgniter\CodeIgniter->runController(Object(App\Controllers\Home))
 8 SYSTEMPATH\CodeIgniter.php(368): CodeIgniter\CodeIgniter->handleRequest(null, Object(Config\Cache), false)
 9 FCPATH\index.php(67): CodeIgniter\CodeIgniter->run()
CRITICAL - 2023-05-01 23:08:44 --> Undefined variable $libros
in APPPATH\Views\libros\listar.php on line 26.
 1 APPPATH\Views\libros\listar.php(26): CodeIgniter\Debug\Exceptions->errorHandler(2, 'Undefined variable $libros', 'C:\\xampp\\htdocs\\crudCodenaiter\\biblioteca\\app\\Views\\libros\\listar.php', 26)
 2 SYSTEMPATH\View\View.php(213): include('C:\\xampp\\htdocs\\crudCodenaiter\\biblioteca\\app\\Views\\libros\\listar.php')
 3 SYSTEMPATH\View\View.php(216): CodeIgniter\View\View->CodeIgniter\View\{closure}()
 4 SYSTEMPATH\Common.php(1184): CodeIgniter\View\View->render('libros/listar', [], true)
 5 APPPATH\Controllers\Home.php(9): view('libros/listar')
 6 SYSTEMPATH\CodeIgniter.php(934): App\Controllers\Home->index()
 7 SYSTEMPATH\CodeIgniter.php(499): CodeIgniter\CodeIgniter->runController(Object(App\Controllers\Home))
 8 SYSTEMPATH\CodeIgniter.php(368): CodeIgniter\CodeIgniter->handleRequest(null, Object(Config\Cache), false)
 9 FCPATH\index.php(67): CodeIgniter\CodeIgniter->run()
CRITICAL - 2023-05-01 23:09:21 --> Undefined variable $libros
in APPPATH\Views\libros\listar.php on line 26.
 1 APPPATH\Views\libros\listar.php(26): CodeIgniter\Debug\Exceptions->errorHandler(2, 'Undefined variable $libros', 'C:\\xampp\\htdocs\\crudCodenaiter\\biblioteca\\app\\Views\\libros\\listar.php', 26)
 2 SYSTEMPATH\View\View.php(213): include('C:\\xampp\\htdocs\\crudCodenaiter\\biblioteca\\app\\Views\\libros\\listar.php')
 3 SYSTEMPATH\View\View.php(216): CodeIgniter\View\View->CodeIgniter\View\{closure}()
 4 SYSTEMPATH\Common.php(1184): CodeIgniter\View\View->render('libros/listar', [], true)
 5 APPPATH\Controllers\Home.php(9): view('libros/listar')
 6 SYSTEMPATH\CodeIgniter.php(934): App\Controllers\Home->index()
 7 SYSTEMPATH\CodeIgniter.php(499): CodeIgniter\CodeIgniter->runController(Object(App\Controllers\Home))
 8 SYSTEMPATH\CodeIgniter.php(368): CodeIgniter\CodeIgniter->handleRequest(null, Object(Config\Cache), false)
 9 FCPATH\index.php(67): CodeIgniter\CodeIgniter->run()
CRITICAL - 2023-05-01 23:09:22 --> Undefined variable $libros
in APPPATH\Views\libros\listar.php on line 26.
 1 APPPATH\Views\libros\listar.php(26): CodeIgniter\Debug\Exceptions->errorHandler(2, 'Undefined variable $libros', 'C:\\xampp\\htdocs\\crudCodenaiter\\biblioteca\\app\\Views\\libros\\listar.php', 26)
 2 SYSTEMPATH\View\View.php(213): include('C:\\xampp\\htdocs\\crudCodenaiter\\biblioteca\\app\\Views\\libros\\listar.php')
 3 SYSTEMPATH\View\View.php(216): CodeIgniter\View\View->CodeIgniter\View\{closure}()
 4 SYSTEMPATH\Common.php(1184): CodeIgniter\View\View->render('libros/listar', [], true)
 5 APPPATH\Controllers\Home.php(9): view('libros/listar')
 6 SYSTEMPATH\CodeIgniter.php(934): App\Controllers\Home->index()
 7 SYSTEMPATH\CodeIgniter.php(499): CodeIgniter\CodeIgniter->runController(Object(App\Controllers\Home))
 8 SYSTEMPATH\CodeIgniter.php(368): CodeIgniter\CodeIgniter->handleRequest(null, Object(Config\Cache), false)
 9 FCPATH\index.php(67): CodeIgniter\CodeIgniter->run()
CRITICAL - 2023-05-01 23:09:23 --> Undefined variable $libros
in APPPATH\Views\libros\listar.php on line 26.
 1 APPPATH\Views\libros\listar.php(26): CodeIgniter\Debug\Exceptions->errorHandler(2, 'Undefined variable $libros', 'C:\\xampp\\htdocs\\crudCodenaiter\\biblioteca\\app\\Views\\libros\\listar.php', 26)
 2 SYSTEMPATH\View\View.php(213): include('C:\\xampp\\htdocs\\crudCodenaiter\\biblioteca\\app\\Views\\libros\\listar.php')
 3 SYSTEMPATH\View\View.php(216): CodeIgniter\View\View->CodeIgniter\View\{closure}()
 4 SYSTEMPATH\Common.php(1184): CodeIgniter\View\View->render('libros/listar', [], true)
 5 APPPATH\Controllers\Home.php(9): view('libros/listar')
 6 SYSTEMPATH\CodeIgniter.php(934): App\Controllers\Home->index()
 7 SYSTEMPATH\CodeIgniter.php(499): CodeIgniter\CodeIgniter->runController(Object(App\Controllers\Home))
 8 SYSTEMPATH\CodeIgniter.php(368): CodeIgniter\CodeIgniter->handleRequest(null, Object(Config\Cache), false)
 9 FCPATH\index.php(67): CodeIgniter\CodeIgniter->run()
CRITICAL - 2023-05-01 23:09:23 --> Undefined variable $libros
in APPPATH\Views\libros\listar.php on line 26.
 1 APPPATH\Views\libros\listar.php(26): CodeIgniter\Debug\Exceptions->errorHandler(2, 'Undefined variable $libros', 'C:\\xampp\\htdocs\\crudCodenaiter\\biblioteca\\app\\Views\\libros\\listar.php', 26)
 2 SYSTEMPATH\View\View.php(213): include('C:\\xampp\\htdocs\\crudCodenaiter\\biblioteca\\app\\Views\\libros\\listar.php')
 3 SYSTEMPATH\View\View.php(216): CodeIgniter\View\View->CodeIgniter\View\{closure}()
 4 SYSTEMPATH\Common.php(1184): CodeIgniter\View\View->render('libros/listar', [], true)
 5 APPPATH\Controllers\Home.php(9): view('libros/listar')
 6 SYSTEMPATH\CodeIgniter.php(934): App\Controllers\Home->index()
 7 SYSTEMPATH\CodeIgniter.php(499): CodeIgniter\CodeIgniter->runController(Object(App\Controllers\Home))
 8 SYSTEMPATH\CodeIgniter.php(368): CodeIgniter\CodeIgniter->handleRequest(null, Object(Config\Cache), false)
 9 FCPATH\index.php(67): CodeIgniter\CodeIgniter->run()
CRITICAL - 2023-05-01 23:09:24 --> Undefined variable $libros
in APPPATH\Views\libros\listar.php on line 26.
 1 APPPATH\Views\libros\listar.php(26): CodeIgniter\Debug\Exceptions->errorHandler(2, 'Undefined variable $libros', 'C:\\xampp\\htdocs\\crudCodenaiter\\biblioteca\\app\\Views\\libros\\listar.php', 26)
 2 SYSTEMPATH\View\View.php(213): include('C:\\xampp\\htdocs\\crudCodenaiter\\biblioteca\\app\\Views\\libros\\listar.php')
 3 SYSTEMPATH\View\View.php(216): CodeIgniter\View\View->CodeIgniter\View\{closure}()
 4 SYSTEMPATH\Common.php(1184): CodeIgniter\View\View->render('libros/listar', [], true)
 5 APPPATH\Controllers\Home.php(9): view('libros/listar')
 6 SYSTEMPATH\CodeIgniter.php(934): App\Controllers\Home->index()
 7 SYSTEMPATH\CodeIgniter.php(499): CodeIgniter\CodeIgniter->runController(Object(App\Controllers\Home))
 8 SYSTEMPATH\CodeIgniter.php(368): CodeIgniter\CodeIgniter->handleRequest(null, Object(Config\Cache), false)
 9 FCPATH\index.php(67): CodeIgniter\CodeIgniter->run()
CRITICAL - 2023-05-01 23:09:27 --> Undefined variable $libros
in APPPATH\Views\libros\listar.php on line 26.
 1 APPPATH\Views\libros\listar.php(26): CodeIgniter\Debug\Exceptions->errorHandler(2, 'Undefined variable $libros', 'C:\\xampp\\htdocs\\crudCodenaiter\\biblioteca\\app\\Views\\libros\\listar.php', 26)
 2 SYSTEMPATH\View\View.php(213): include('C:\\xampp\\htdocs\\crudCodenaiter\\biblioteca\\app\\Views\\libros\\listar.php')
 3 SYSTEMPATH\View\View.php(216): CodeIgniter\View\View->CodeIgniter\View\{closure}()
 4 SYSTEMPATH\Common.php(1184): CodeIgniter\View\View->render('libros/listar', [], true)
 5 APPPATH\Controllers\Home.php(9): view('libros/listar')
 6 SYSTEMPATH\CodeIgniter.php(934): App\Controllers\Home->index()
 7 SYSTEMPATH\CodeIgniter.php(499): CodeIgniter\CodeIgniter->runController(Object(App\Controllers\Home))
 8 SYSTEMPATH\CodeIgniter.php(368): CodeIgniter\CodeIgniter->handleRequest(null, Object(Config\Cache), false)
 9 FCPATH\index.php(67): CodeIgniter\CodeIgniter->run()
ERROR - 2023-05-01 23:09:36 --> Error connecting to the database: mysqli_sql_exception: No se puede establecer una conexión ya que el equipo de destino denegó expresamente dicha conexión in C:\xampp\htdocs\crudCodenaiter\biblioteca\system\Database\MySQLi\Connection.php:173
Stack trace:
#0 C:\xampp\htdocs\crudCodenaiter\biblioteca\system\Database\MySQLi\Connection.php(173): mysqli->real_connect('localhost:3308', 'root', Object(SensitiveParameterValue), 'bibliotecas', 3308, '', 0)
#1 C:\xampp\htdocs\crudCodenaiter\biblioteca\system\Database\BaseConnection.php(391): CodeIgniter\Database\MySQLi\Connection->connect(false)
#2 C:\xampp\htdocs\crudCodenaiter\biblioteca\system\Database\BaseConnection.php(574): CodeIgniter\Database\BaseConnection->initialize()
#3 C:\xampp\htdocs\crudCodenaiter\biblioteca\system\Database\BaseBuilder.php(1616): CodeIgniter\Database\BaseConnection->query('SELECT *\nFROM `...', Array, false)
#4 C:\xampp\htdocs\crudCodenaiter\biblioteca\system\Model.php(241): CodeIgniter\Database\BaseBuilder->get()
#5 C:\xampp\htdocs\crudCodenaiter\biblioteca\system\BaseModel.php(618): CodeIgniter\Model->doFindAll(0, 0)
#6 C:\xampp\htdocs\crudCodenaiter\biblioteca\app\Controllers\Libros.php(11): CodeIgniter\BaseModel->findAll()
#7 C:\xampp\htdocs\crudCodenaiter\biblioteca\system\CodeIgniter.php(934): App\Controllers\Libros->index()
#8 C:\xampp\htdocs\crudCodenaiter\biblioteca\system\CodeIgniter.php(499): CodeIgniter\CodeIgniter->runController(Object(App\Controllers\Libros))
#9 C:\xampp\htdocs\crudCodenaiter\biblioteca\system\CodeIgniter.php(368): CodeIgniter\CodeIgniter->handleRequest(NULL, Object(Config\Cache), false)
#10 C:\xampp\htdocs\crudCodenaiter\biblioteca\public\index.php(67): CodeIgniter\CodeIgniter->run()
#11 {main}

Next CodeIgniter\Database\Exceptions\DatabaseException: No se puede establecer una conexión ya que el equipo de destino denegó expresamente dicha conexión in C:\xampp\htdocs\crudCodenaiter\biblioteca\system\Database\MySQLi\Connection.php:218
Stack trace:
#0 C:\xampp\htdocs\crudCodenaiter\biblioteca\system\Database\BaseConnection.php(391): CodeIgniter\Database\MySQLi\Connection->connect(false)
#1 C:\xampp\htdocs\crudCodenaiter\biblioteca\system\Database\BaseConnection.php(574): CodeIgniter\Database\BaseConnection->initialize()
#2 C:\xampp\htdocs\crudCodenaiter\biblioteca\system\Database\BaseBuilder.php(1616): CodeIgniter\Database\BaseConnection->query('SELECT *\nFROM `...', Array, false)
#3 C:\xampp\htdocs\crudCodenaiter\biblioteca\system\Model.php(241): CodeIgniter\Database\BaseBuilder->get()
#4 C:\xampp\htdocs\crudCodenaiter\biblioteca\system\BaseModel.php(618): CodeIgniter\Model->doFindAll(0, 0)
#5 C:\xampp\htdocs\crudCodenaiter\biblioteca\app\Controllers\Libros.php(11): CodeIgniter\BaseModel->findAll()
#6 C:\xampp\htdocs\crudCodenaiter\biblioteca\system\CodeIgniter.php(934): App\Controllers\Libros->index()
#7 C:\xampp\htdocs\crudCodenaiter\biblioteca\system\CodeIgniter.php(499): CodeIgniter\CodeIgniter->runController(Object(App\Controllers\Libros))
#8 C:\xampp\htdocs\crudCodenaiter\biblioteca\system\CodeIgniter.php(368): CodeIgniter\CodeIgniter->handleRequest(NULL, Object(Config\Cache), false)
#9 C:\xampp\htdocs\crudCodenaiter\biblioteca\public\index.php(67): CodeIgniter\CodeIgniter->run()
#10 {main}
CRITICAL - 2023-05-01 23:09:36 --> Unable to connect to the database.
Main connection [MySQLi]: No se puede establecer una conexión ya que el equipo de destino denegó expresamente dicha conexión
in SYSTEMPATH\Database\BaseConnection.php on line 427.
 1 SYSTEMPATH\Database\BaseConnection.php(574): CodeIgniter\Database\BaseConnection->initialize()
 2 SYSTEMPATH\Database\BaseBuilder.php(1616): CodeIgniter\Database\BaseConnection->query('SELECT *
FROM `libros`
ORDER BY `id` ASC', [], false)
 3 SYSTEMPATH\Model.php(241): CodeIgniter\Database\BaseBuilder->get()
 4 SYSTEMPATH\BaseModel.php(618): CodeIgniter\Model->doFindAll(0, 0)
 5 APPPATH\Controllers\Libros.php(11): CodeIgniter\BaseModel->findAll()
 6 SYSTEMPATH\CodeIgniter.php(934): App\Controllers\Libros->index()
 7 SYSTEMPATH\CodeIgniter.php(499): CodeIgniter\CodeIgniter->runController(Object(App\Controllers\Libros))
 8 SYSTEMPATH\CodeIgniter.php(368): CodeIgniter\CodeIgniter->handleRequest(null, Object(Config\Cache), false)
 9 FCPATH\index.php(67): CodeIgniter\CodeIgniter->run()
ERROR - 2023-05-01 23:09:39 --> Error connecting to the database: mysqli_sql_exception: No se puede establecer una conexión ya que el equipo de destino denegó expresamente dicha conexión in C:\xampp\htdocs\crudCodenaiter\biblioteca\system\Database\MySQLi\Connection.php:173
Stack trace:
#0 C:\xampp\htdocs\crudCodenaiter\biblioteca\system\Database\MySQLi\Connection.php(173): mysqli->real_connect('localhost:3308', 'root', Object(SensitiveParameterValue), 'bibliotecas', 3308, '', 0)
#1 C:\xampp\htdocs\crudCodenaiter\biblioteca\system\Database\BaseConnection.php(391): CodeIgniter\Database\MySQLi\Connection->connect(false)
#2 C:\xampp\htdocs\crudCodenaiter\biblioteca\system\Database\BaseConnection.php(574): CodeIgniter\Database\BaseConnection->initialize()
#3 C:\xampp\htdocs\crudCodenaiter\biblioteca\system\Database\BaseBuilder.php(1616): CodeIgniter\Database\BaseConnection->query('SELECT *\nFROM `...', Array, false)
#4 C:\xampp\htdocs\crudCodenaiter\biblioteca\system\Model.php(241): CodeIgniter\Database\BaseBuilder->get()
#5 C:\xampp\htdocs\crudCodenaiter\biblioteca\system\BaseModel.php(618): CodeIgniter\Model->doFindAll(0, 0)
#6 C:\xampp\htdocs\crudCodenaiter\biblioteca\app\Controllers\Libros.php(11): CodeIgniter\BaseModel->findAll()
#7 C:\xampp\htdocs\crudCodenaiter\biblioteca\system\CodeIgniter.php(934): App\Controllers\Libros->index()
#8 C:\xampp\htdocs\crudCodenaiter\biblioteca\system\CodeIgniter.php(499): CodeIgniter\CodeIgniter->runController(Object(App\Controllers\Libros))
#9 C:\xampp\htdocs\crudCodenaiter\biblioteca\system\CodeIgniter.php(368): CodeIgniter\CodeIgniter->handleRequest(NULL, Object(Config\Cache), false)
#10 C:\xampp\htdocs\crudCodenaiter\biblioteca\public\index.php(67): CodeIgniter\CodeIgniter->run()
#11 {main}

Next CodeIgniter\Database\Exceptions\DatabaseException: No se puede establecer una conexión ya que el equipo de destino denegó expresamente dicha conexión in C:\xampp\htdocs\crudCodenaiter\biblioteca\system\Database\MySQLi\Connection.php:218
Stack trace:
#0 C:\xampp\htdocs\crudCodenaiter\biblioteca\system\Database\BaseConnection.php(391): CodeIgniter\Database\MySQLi\Connection->connect(false)
#1 C:\xampp\htdocs\crudCodenaiter\biblioteca\system\Database\BaseConnection.php(574): CodeIgniter\Database\BaseConnection->initialize()
#2 C:\xampp\htdocs\crudCodenaiter\biblioteca\system\Database\BaseBuilder.php(1616): CodeIgniter\Database\BaseConnection->query('SELECT *\nFROM `...', Array, false)
#3 C:\xampp\htdocs\crudCodenaiter\biblioteca\system\Model.php(241): CodeIgniter\Database\BaseBuilder->get()
#4 C:\xampp\htdocs\crudCodenaiter\biblioteca\system\BaseModel.php(618): CodeIgniter\Model->doFindAll(0, 0)
#5 C:\xampp\htdocs\crudCodenaiter\biblioteca\app\Controllers\Libros.php(11): CodeIgniter\BaseModel->findAll()
#6 C:\xampp\htdocs\crudCodenaiter\biblioteca\system\CodeIgniter.php(934): App\Controllers\Libros->index()
#7 C:\xampp\htdocs\crudCodenaiter\biblioteca\system\CodeIgniter.php(499): CodeIgniter\CodeIgniter->runController(Object(App\Controllers\Libros))
#8 C:\xampp\htdocs\crudCodenaiter\biblioteca\system\CodeIgniter.php(368): CodeIgniter\CodeIgniter->handleRequest(NULL, Object(Config\Cache), false)
#9 C:\xampp\htdocs\crudCodenaiter\biblioteca\public\index.php(67): CodeIgniter\CodeIgniter->run()
#10 {main}
CRITICAL - 2023-05-01 23:09:39 --> Unable to connect to the database.
Main connection [MySQLi]: No se puede establecer una conexión ya que el equipo de destino denegó expresamente dicha conexión
in SYSTEMPATH\Database\BaseConnection.php on line 427.
 1 SYSTEMPATH\Database\BaseConnection.php(574): CodeIgniter\Database\BaseConnection->initialize()
 2 SYSTEMPATH\Database\BaseBuilder.php(1616): CodeIgniter\Database\BaseConnection->query('SELECT *
FROM `libros`
ORDER BY `id` ASC', [], false)
 3 SYSTEMPATH\Model.php(241): CodeIgniter\Database\BaseBuilder->get()
 4 SYSTEMPATH\BaseModel.php(618): CodeIgniter\Model->doFindAll(0, 0)
 5 APPPATH\Controllers\Libros.php(11): CodeIgniter\BaseModel->findAll()
 6 SYSTEMPATH\CodeIgniter.php(934): App\Controllers\Libros->index()
 7 SYSTEMPATH\CodeIgniter.php(499): CodeIgniter\CodeIgniter->runController(Object(App\Controllers\Libros))
 8 SYSTEMPATH\CodeIgniter.php(368): CodeIgniter\CodeIgniter->handleRequest(null, Object(Config\Cache), false)
 9 FCPATH\index.php(67): CodeIgniter\CodeIgniter->run()
ERROR - 2023-05-01 23:09:48 --> Error connecting to the database: mysqli_sql_exception: No se puede establecer una conexión ya que el equipo de destino denegó expresamente dicha conexión in C:\xampp\htdocs\crudCodenaiter\biblioteca\system\Database\MySQLi\Connection.php:173
Stack trace:
#0 C:\xampp\htdocs\crudCodenaiter\biblioteca\system\Database\MySQLi\Connection.php(173): mysqli->real_connect('localhost:3308', 'root', Object(SensitiveParameterValue), 'bibliotecas', 3308, '', 0)
#1 C:\xampp\htdocs\crudCodenaiter\biblioteca\system\Database\BaseConnection.php(391): CodeIgniter\Database\MySQLi\Connection->connect(false)
#2 C:\xampp\htdocs\crudCodenaiter\biblioteca\system\Database\BaseConnection.php(574): CodeIgniter\Database\BaseConnection->initialize()
#3 C:\xampp\htdocs\crudCodenaiter\biblioteca\system\Database\BaseBuilder.php(1616): CodeIgniter\Database\BaseConnection->query('SELECT *\nFROM `...', Array, false)
#4 C:\xampp\htdocs\crudCodenaiter\biblioteca\system\Model.php(241): CodeIgniter\Database\BaseBuilder->get()
#5 C:\xampp\htdocs\crudCodenaiter\biblioteca\system\BaseModel.php(618): CodeIgniter\Model->doFindAll(0, 0)
#6 C:\xampp\htdocs\crudCodenaiter\biblioteca\app\Controllers\Libros.php(11): CodeIgniter\BaseModel->findAll()
#7 C:\xampp\htdocs\crudCodenaiter\biblioteca\system\CodeIgniter.php(934): App\Controllers\Libros->index()
#8 C:\xampp\htdocs\crudCodenaiter\biblioteca\system\CodeIgniter.php(499): CodeIgniter\CodeIgniter->runController(Object(App\Controllers\Libros))
#9 C:\xampp\htdocs\crudCodenaiter\biblioteca\system\CodeIgniter.php(368): CodeIgniter\CodeIgniter->handleRequest(NULL, Object(Config\Cache), false)
#10 C:\xampp\htdocs\crudCodenaiter\biblioteca\public\index.php(67): CodeIgniter\CodeIgniter->run()
#11 {main}

Next CodeIgniter\Database\Exceptions\DatabaseException: No se puede establecer una conexión ya que el equipo de destino denegó expresamente dicha conexión in C:\xampp\htdocs\crudCodenaiter\biblioteca\system\Database\MySQLi\Connection.php:218
Stack trace:
#0 C:\xampp\htdocs\crudCodenaiter\biblioteca\system\Database\BaseConnection.php(391): CodeIgniter\Database\MySQLi\Connection->connect(false)
#1 C:\xampp\htdocs\crudCodenaiter\biblioteca\system\Database\BaseConnection.php(574): CodeIgniter\Database\BaseConnection->initialize()
#2 C:\xampp\htdocs\crudCodenaiter\biblioteca\system\Database\BaseBuilder.php(1616): CodeIgniter\Database\BaseConnection->query('SELECT *\nFROM `...', Array, false)
#3 C:\xampp\htdocs\crudCodenaiter\biblioteca\system\Model.php(241): CodeIgniter\Database\BaseBuilder->get()
#4 C:\xampp\htdocs\crudCodenaiter\biblioteca\system\BaseModel.php(618): CodeIgniter\Model->doFindAll(0, 0)
#5 C:\xampp\htdocs\crudCodenaiter\biblioteca\app\Controllers\Libros.php(11): CodeIgniter\BaseModel->findAll()
#6 C:\xampp\htdocs\crudCodenaiter\biblioteca\system\CodeIgniter.php(934): App\Controllers\Libros->index()
#7 C:\xampp\htdocs\crudCodenaiter\biblioteca\system\CodeIgniter.php(499): CodeIgniter\CodeIgniter->runController(Object(App\Controllers\Libros))
#8 C:\xampp\htdocs\crudCodenaiter\biblioteca\system\CodeIgniter.php(368): CodeIgniter\CodeIgniter->handleRequest(NULL, Object(Config\Cache), false)
#9 C:\xampp\htdocs\crudCodenaiter\biblioteca\public\index.php(67): CodeIgniter\CodeIgniter->run()
#10 {main}
CRITICAL - 2023-05-01 23:09:48 --> Unable to connect to the database.
Main connection [MySQLi]: No se puede establecer una conexión ya que el equipo de destino denegó expresamente dicha conexión
in SYSTEMPATH\Database\BaseConnection.php on line 427.
 1 SYSTEMPATH\Database\BaseConnection.php(574): CodeIgniter\Database\BaseConnection->initialize()
 2 SYSTEMPATH\Database\BaseBuilder.php(1616): CodeIgniter\Database\BaseConnection->query('SELECT *
FROM `libros`
ORDER BY `id` ASC', [], false)
 3 SYSTEMPATH\Model.php(241): CodeIgniter\Database\BaseBuilder->get()
 4 SYSTEMPATH\BaseModel.php(618): CodeIgniter\Model->doFindAll(0, 0)
 5 APPPATH\Controllers\Libros.php(11): CodeIgniter\BaseModel->findAll()
 6 SYSTEMPATH\CodeIgniter.php(934): App\Controllers\Libros->index()
 7 SYSTEMPATH\CodeIgniter.php(499): CodeIgniter\CodeIgniter->runController(Object(App\Controllers\Libros))
 8 SYSTEMPATH\CodeIgniter.php(368): CodeIgniter\CodeIgniter->handleRequest(null, Object(Config\Cache), false)
 9 FCPATH\index.php(67): CodeIgniter\CodeIgniter->run()
CRITICAL - 2023-05-01 23:32:12 --> Undefined variable $libros
in APPPATH\Views\libros\listar.php on line 26.
 1 APPPATH\Views\libros\listar.php(26): CodeIgniter\Debug\Exceptions->errorHandler(2, 'Undefined variable $libros', 'C:\\xampp\\htdocs\\crudCodenaiter\\biblioteca\\app\\Views\\libros\\listar.php', 26)
 2 SYSTEMPATH\View\View.php(213): include('C:\\xampp\\htdocs\\crudCodenaiter\\biblioteca\\app\\Views\\libros\\listar.php')
 3 SYSTEMPATH\View\View.php(216): CodeIgniter\View\View->CodeIgniter\View\{closure}()
 4 SYSTEMPATH\Common.php(1184): CodeIgniter\View\View->render('libros/listar', [], true)
 5 APPPATH\Controllers\Home.php(9): view('libros/listar')
 6 SYSTEMPATH\CodeIgniter.php(934): App\Controllers\Home->index()
 7 SYSTEMPATH\CodeIgniter.php(499): CodeIgniter\CodeIgniter->runController(Object(App\Controllers\Home))
 8 SYSTEMPATH\CodeIgniter.php(368): CodeIgniter\CodeIgniter->handleRequest(null, Object(Config\Cache), false)
 9 FCPATH\index.php(67): CodeIgniter\CodeIgniter->run()
CRITICAL - 2023-05-01 23:32:45 --> Undefined variable $libros
in APPPATH\Views\libros\listar.php on line 26.
 1 APPPATH\Views\libros\listar.php(26): CodeIgniter\Debug\Exceptions->errorHandler(2, 'Undefined variable $libros', 'C:\\xampp\\htdocs\\crudCodenaiter\\biblioteca\\app\\Views\\libros\\listar.php', 26)
 2 SYSTEMPATH\View\View.php(213): include('C:\\xampp\\htdocs\\crudCodenaiter\\biblioteca\\app\\Views\\libros\\listar.php')
 3 SYSTEMPATH\View\View.php(216): CodeIgniter\View\View->CodeIgniter\View\{closure}()
 4 SYSTEMPATH\Common.php(1184): CodeIgniter\View\View->render('libros/listar', [], true)
 5 APPPATH\Controllers\Home.php(9): view('libros/listar')
 6 SYSTEMPATH\CodeIgniter.php(934): App\Controllers\Home->index()
 7 SYSTEMPATH\CodeIgniter.php(499): CodeIgniter\CodeIgniter->runController(Object(App\Controllers\Home))
 8 SYSTEMPATH\CodeIgniter.php(368): CodeIgniter\CodeIgniter->handleRequest(null, Object(Config\Cache), false)
 9 FCPATH\index.php(67): CodeIgniter\CodeIgniter->run()
CRITICAL - 2023-05-01 23:32:46 --> Undefined variable $libros
in APPPATH\Views\libros\listar.php on line 26.
 1 APPPATH\Views\libros\listar.php(26): CodeIgniter\Debug\Exceptions->errorHandler(2, 'Undefined variable $libros', 'C:\\xampp\\htdocs\\crudCodenaiter\\biblioteca\\app\\Views\\libros\\listar.php', 26)
 2 SYSTEMPATH\View\View.php(213): include('C:\\xampp\\htdocs\\crudCodenaiter\\biblioteca\\app\\Views\\libros\\listar.php')
 3 SYSTEMPATH\View\View.php(216): CodeIgniter\View\View->CodeIgniter\View\{closure}()
 4 SYSTEMPATH\Common.php(1184): CodeIgniter\View\View->render('libros/listar', [], true)
 5 APPPATH\Controllers\Home.php(9): view('libros/listar')
 6 SYSTEMPATH\CodeIgniter.php(934): App\Controllers\Home->index()
 7 SYSTEMPATH\CodeIgniter.php(499): CodeIgniter\CodeIgniter->runController(Object(App\Controllers\Home))
 8 SYSTEMPATH\CodeIgniter.php(368): CodeIgniter\CodeIgniter->handleRequest(null, Object(Config\Cache), false)
 9 FCPATH\index.php(67): CodeIgniter\CodeIgniter->run()
CRITICAL - 2023-05-01 23:35:16 --> Undefined variable $libros
in APPPATH\Views\libros\listar.php on line 26.
 1 APPPATH\Views\libros\listar.php(26): CodeIgniter\Debug\Exceptions->errorHandler(2, 'Undefined variable $libros', 'C:\\xampp\\htdocs\\crudCodenaiter\\biblioteca\\app\\Views\\libros\\listar.php', 26)
 2 SYSTEMPATH\View\View.php(213): include('C:\\xampp\\htdocs\\crudCodenaiter\\biblioteca\\app\\Views\\libros\\listar.php')
 3 SYSTEMPATH\View\View.php(216): CodeIgniter\View\View->CodeIgniter\View\{closure}()
 4 SYSTEMPATH\Common.php(1184): CodeIgniter\View\View->render('libros/listar', [], true)
 5 APPPATH\Controllers\Home.php(9): view('libros/listar')
 6 SYSTEMPATH\CodeIgniter.php(934): App\Controllers\Home->index()
 7 SYSTEMPATH\CodeIgniter.php(499): CodeIgniter\CodeIgniter->runController(Object(App\Controllers\Home))
 8 SYSTEMPATH\CodeIgniter.php(368): CodeIgniter\CodeIgniter->handleRequest(null, Object(Config\Cache), false)
 9 FCPATH\index.php(67): CodeIgniter\CodeIgniter->run()
CRITICAL - 2023-05-01 23:35:17 --> Undefined variable $libros
in APPPATH\Views\libros\listar.php on line 26.
 1 APPPATH\Views\libros\listar.php(26): CodeIgniter\Debug\Exceptions->errorHandler(2, 'Undefined variable $libros', 'C:\\xampp\\htdocs\\crudCodenaiter\\biblioteca\\app\\Views\\libros\\listar.php', 26)
 2 SYSTEMPATH\View\View.php(213): include('C:\\xampp\\htdocs\\crudCodenaiter\\biblioteca\\app\\Views\\libros\\listar.php')
 3 SYSTEMPATH\View\View.php(216): CodeIgniter\View\View->CodeIgniter\View\{closure}()
 4 SYSTEMPATH\Common.php(1184): CodeIgniter\View\View->render('libros/listar', [], true)
 5 APPPATH\Controllers\Home.php(9): view('libros/listar')
 6 SYSTEMPATH\CodeIgniter.php(934): App\Controllers\Home->index()
 7 SYSTEMPATH\CodeIgniter.php(499): CodeIgniter\CodeIgniter->runController(Object(App\Controllers\Home))
 8 SYSTEMPATH\CodeIgniter.php(368): CodeIgniter\CodeIgniter->handleRequest(null, Object(Config\Cache), false)
 9 FCPATH\index.php(67): CodeIgniter\CodeIgniter->run()
CRITICAL - 2023-05-01 23:35:17 --> Undefined variable $libros
in APPPATH\Views\libros\listar.php on line 26.
 1 APPPATH\Views\libros\listar.php(26): CodeIgniter\Debug\Exceptions->errorHandler(2, 'Undefined variable $libros', 'C:\\xampp\\htdocs\\crudCodenaiter\\biblioteca\\app\\Views\\libros\\listar.php', 26)
 2 SYSTEMPATH\View\View.php(213): include('C:\\xampp\\htdocs\\crudCodenaiter\\biblioteca\\app\\Views\\libros\\listar.php')
 3 SYSTEMPATH\View\View.php(216): CodeIgniter\View\View->CodeIgniter\View\{closure}()
 4 SYSTEMPATH\Common.php(1184): CodeIgniter\View\View->render('libros/listar', [], true)
 5 APPPATH\Controllers\Home.php(9): view('libros/listar')
 6 SYSTEMPATH\CodeIgniter.php(934): App\Controllers\Home->index()
 7 SYSTEMPATH\CodeIgniter.php(499): CodeIgniter\CodeIgniter->runController(Object(App\Controllers\Home))
 8 SYSTEMPATH\CodeIgniter.php(368): CodeIgniter\CodeIgniter->handleRequest(null, Object(Config\Cache), false)
 9 FCPATH\index.php(67): CodeIgniter\CodeIgniter->run()
CRITICAL - 2023-05-01 23:35:18 --> Undefined variable $libros
in APPPATH\Views\libros\listar.php on line 26.
 1 APPPATH\Views\libros\listar.php(26): CodeIgniter\Debug\Exceptions->errorHandler(2, 'Undefined variable $libros', 'C:\\xampp\\htdocs\\crudCodenaiter\\biblioteca\\app\\Views\\libros\\listar.php', 26)
 2 SYSTEMPATH\View\View.php(213): include('C:\\xampp\\htdocs\\crudCodenaiter\\biblioteca\\app\\Views\\libros\\listar.php')
 3 SYSTEMPATH\View\View.php(216): CodeIgniter\View\View->CodeIgniter\View\{closure}()
 4 SYSTEMPATH\Common.php(1184): CodeIgniter\View\View->render('libros/listar', [], true)
 5 APPPATH\Controllers\Home.php(9): view('libros/listar')
 6 SYSTEMPATH\CodeIgniter.php(934): App\Controllers\Home->index()
 7 SYSTEMPATH\CodeIgniter.php(499): CodeIgniter\CodeIgniter->runController(Object(App\Controllers\Home))
 8 SYSTEMPATH\CodeIgniter.php(368): CodeIgniter\CodeIgniter->handleRequest(null, Object(Config\Cache), false)
 9 FCPATH\index.php(67): CodeIgniter\CodeIgniter->run()
CRITICAL - 2023-05-01 23:35:18 --> Undefined variable $libros
in APPPATH\Views\libros\listar.php on line 26.
 1 APPPATH\Views\libros\listar.php(26): CodeIgniter\Debug\Exceptions->errorHandler(2, 'Undefined variable $libros', 'C:\\xampp\\htdocs\\crudCodenaiter\\biblioteca\\app\\Views\\libros\\listar.php', 26)
 2 SYSTEMPATH\View\View.php(213): include('C:\\xampp\\htdocs\\crudCodenaiter\\biblioteca\\app\\Views\\libros\\listar.php')
 3 SYSTEMPATH\View\View.php(216): CodeIgniter\View\View->CodeIgniter\View\{closure}()
 4 SYSTEMPATH\Common.php(1184): CodeIgniter\View\View->render('libros/listar', [], true)
 5 APPPATH\Controllers\Home.php(9): view('libros/listar')
 6 SYSTEMPATH\CodeIgniter.php(934): App\Controllers\Home->index()
 7 SYSTEMPATH\CodeIgniter.php(499): CodeIgniter\CodeIgniter->runController(Object(App\Controllers\Home))
 8 SYSTEMPATH\CodeIgniter.php(368): CodeIgniter\CodeIgniter->handleRequest(null, Object(Config\Cache), false)
 9 FCPATH\index.php(67): CodeIgniter\CodeIgniter->run()
CRITICAL - 2023-05-01 23:35:18 --> Undefined variable $libros
in APPPATH\Views\libros\listar.php on line 26.
 1 APPPATH\Views\libros\listar.php(26): CodeIgniter\Debug\Exceptions->errorHandler(2, 'Undefined variable $libros', 'C:\\xampp\\htdocs\\crudCodenaiter\\biblioteca\\app\\Views\\libros\\listar.php', 26)
 2 SYSTEMPATH\View\View.php(213): include('C:\\xampp\\htdocs\\crudCodenaiter\\biblioteca\\app\\Views\\libros\\listar.php')
 3 SYSTEMPATH\View\View.php(216): CodeIgniter\View\View->CodeIgniter\View\{closure}()
 4 SYSTEMPATH\Common.php(1184): CodeIgniter\View\View->render('libros/listar', [], true)
 5 APPPATH\Controllers\Home.php(9): view('libros/listar')
 6 SYSTEMPATH\CodeIgniter.php(934): App\Controllers\Home->index()
 7 SYSTEMPATH\CodeIgniter.php(499): CodeIgniter\CodeIgniter->runController(Object(App\Controllers\Home))
 8 SYSTEMPATH\CodeIgniter.php(368): CodeIgniter\CodeIgniter->handleRequest(null, Object(Config\Cache), false)
 9 FCPATH\index.php(67): CodeIgniter\CodeIgniter->run()
CRITICAL - 2023-05-01 23:35:18 --> Undefined variable $libros
in APPPATH\Views\libros\listar.php on line 26.
 1 APPPATH\Views\libros\listar.php(26): CodeIgniter\Debug\Exceptions->errorHandler(2, 'Undefined variable $libros', 'C:\\xampp\\htdocs\\crudCodenaiter\\biblioteca\\app\\Views\\libros\\listar.php', 26)
 2 SYSTEMPATH\View\View.php(213): include('C:\\xampp\\htdocs\\crudCodenaiter\\biblioteca\\app\\Views\\libros\\listar.php')
 3 SYSTEMPATH\View\View.php(216): CodeIgniter\View\View->CodeIgniter\View\{closure}()
 4 SYSTEMPATH\Common.php(1184): CodeIgniter\View\View->render('libros/listar', [], true)
 5 APPPATH\Controllers\Home.php(9): view('libros/listar')
 6 SYSTEMPATH\CodeIgniter.php(934): App\Controllers\Home->index()
 7 SYSTEMPATH\CodeIgniter.php(499): CodeIgniter\CodeIgniter->runController(Object(App\Controllers\Home))
 8 SYSTEMPATH\CodeIgniter.php(368): CodeIgniter\CodeIgniter->handleRequest(null, Object(Config\Cache), false)
 9 FCPATH\index.php(67): CodeIgniter\CodeIgniter->run()
CRITICAL - 2023-05-01 23:35:18 --> Undefined variable $libros
in APPPATH\Views\libros\listar.php on line 26.
 1 APPPATH\Views\libros\listar.php(26): CodeIgniter\Debug\Exceptions->errorHandler(2, 'Undefined variable $libros', 'C:\\xampp\\htdocs\\crudCodenaiter\\biblioteca\\app\\Views\\libros\\listar.php', 26)
 2 SYSTEMPATH\View\View.php(213): include('C:\\xampp\\htdocs\\crudCodenaiter\\biblioteca\\app\\Views\\libros\\listar.php')
 3 SYSTEMPATH\View\View.php(216): CodeIgniter\View\View->CodeIgniter\View\{closure}()
 4 SYSTEMPATH\Common.php(1184): CodeIgniter\View\View->render('libros/listar', [], true)
 5 APPPATH\Controllers\Home.php(9): view('libros/listar')
 6 SYSTEMPATH\CodeIgniter.php(934): App\Controllers\Home->index()
 7 SYSTEMPATH\CodeIgniter.php(499): CodeIgniter\CodeIgniter->runController(Object(App\Controllers\Home))
 8 SYSTEMPATH\CodeIgniter.php(368): CodeIgniter\CodeIgniter->handleRequest(null, Object(Config\Cache), false)
 9 FCPATH\index.php(67): CodeIgniter\CodeIgniter->run()
CRITICAL - 2023-05-01 23:35:19 --> Undefined variable $libros
in APPPATH\Views\libros\listar.php on line 26.
 1 APPPATH\Views\libros\listar.php(26): CodeIgniter\Debug\Exceptions->errorHandler(2, 'Undefined variable $libros', 'C:\\xampp\\htdocs\\crudCodenaiter\\biblioteca\\app\\Views\\libros\\listar.php', 26)
 2 SYSTEMPATH\View\View.php(213): include('C:\\xampp\\htdocs\\crudCodenaiter\\biblioteca\\app\\Views\\libros\\listar.php')
 3 SYSTEMPATH\View\View.php(216): CodeIgniter\View\View->CodeIgniter\View\{closure}()
 4 SYSTEMPATH\Common.php(1184): CodeIgniter\View\View->render('libros/listar', [], true)
 5 APPPATH\Controllers\Home.php(9): view('libros/listar')
 6 SYSTEMPATH\CodeIgniter.php(934): App\Controllers\Home->index()
 7 SYSTEMPATH\CodeIgniter.php(499): CodeIgniter\CodeIgniter->runController(Object(App\Controllers\Home))
 8 SYSTEMPATH\CodeIgniter.php(368): CodeIgniter\CodeIgniter->handleRequest(null, Object(Config\Cache), false)
 9 FCPATH\index.php(67): CodeIgniter\CodeIgniter->run()
CRITICAL - 2023-05-01 23:35:19 --> Undefined variable $libros
in APPPATH\Views\libros\listar.php on line 26.
 1 APPPATH\Views\libros\listar.php(26): CodeIgniter\Debug\Exceptions->errorHandler(2, 'Undefined variable $libros', 'C:\\xampp\\htdocs\\crudCodenaiter\\biblioteca\\app\\Views\\libros\\listar.php', 26)
 2 SYSTEMPATH\View\View.php(213): include('C:\\xampp\\htdocs\\crudCodenaiter\\biblioteca\\app\\Views\\libros\\listar.php')
 3 SYSTEMPATH\View\View.php(216): CodeIgniter\View\View->CodeIgniter\View\{closure}()
 4 SYSTEMPATH\Common.php(1184): CodeIgniter\View\View->render('libros/listar', [], true)
 5 APPPATH\Controllers\Home.php(9): view('libros/listar')
 6 SYSTEMPATH\CodeIgniter.php(934): App\Controllers\Home->index()
 7 SYSTEMPATH\CodeIgniter.php(499): CodeIgniter\CodeIgniter->runController(Object(App\Controllers\Home))
 8 SYSTEMPATH\CodeIgniter.php(368): CodeIgniter\CodeIgniter->handleRequest(null, Object(Config\Cache), false)
 9 FCPATH\index.php(67): CodeIgniter\CodeIgniter->run()
CRITICAL - 2023-05-01 23:35:21 --> Undefined variable $libros
in APPPATH\Views\libros\listar.php on line 26.
 1 APPPATH\Views\libros\listar.php(26): CodeIgniter\Debug\Exceptions->errorHandler(2, 'Undefined variable $libros', 'C:\\xampp\\htdocs\\crudCodenaiter\\biblioteca\\app\\Views\\libros\\listar.php', 26)
 2 SYSTEMPATH\View\View.php(213): include('C:\\xampp\\htdocs\\crudCodenaiter\\biblioteca\\app\\Views\\libros\\listar.php')
 3 SYSTEMPATH\View\View.php(216): CodeIgniter\View\View->CodeIgniter\View\{closure}()
 4 SYSTEMPATH\Common.php(1184): CodeIgniter\View\View->render('libros/listar', [], true)
 5 APPPATH\Controllers\Home.php(9): view('libros/listar')
 6 SYSTEMPATH\CodeIgniter.php(934): App\Controllers\Home->index()
 7 SYSTEMPATH\CodeIgniter.php(499): CodeIgniter\CodeIgniter->runController(Object(App\Controllers\Home))
 8 SYSTEMPATH\CodeIgniter.php(368): CodeIgniter\CodeIgniter->handleRequest(null, Object(Config\Cache), false)
 9 FCPATH\index.php(67): CodeIgniter\CodeIgniter->run()
CRITICAL - 2023-05-01 23:35:59 --> Undefined variable $libros
in APPPATH\Views\libros\listar.php on line 26.
 1 APPPATH\Views\libros\listar.php(26): CodeIgniter\Debug\Exceptions->errorHandler(2, 'Undefined variable $libros', 'C:\\xampp\\htdocs\\crudCodenaiter\\biblioteca\\app\\Views\\libros\\listar.php', 26)
 2 SYSTEMPATH\View\View.php(213): include('C:\\xampp\\htdocs\\crudCodenaiter\\biblioteca\\app\\Views\\libros\\listar.php')
 3 SYSTEMPATH\View\View.php(216): CodeIgniter\View\View->CodeIgniter\View\{closure}()
 4 SYSTEMPATH\Common.php(1184): CodeIgniter\View\View->render('libros/listar', [], true)
 5 APPPATH\Controllers\Home.php(9): view('libros/listar')
 6 SYSTEMPATH\CodeIgniter.php(934): App\Controllers\Home->index()
 7 SYSTEMPATH\CodeIgniter.php(499): CodeIgniter\CodeIgniter->runController(Object(App\Controllers\Home))
 8 SYSTEMPATH\CodeIgniter.php(368): CodeIgniter\CodeIgniter->handleRequest(null, Object(Config\Cache), false)
 9 FCPATH\index.php(67): CodeIgniter\CodeIgniter->run()
CRITICAL - 2023-05-01 23:36:00 --> Undefined variable $libros
in APPPATH\Views\libros\listar.php on line 26.
 1 APPPATH\Views\libros\listar.php(26): CodeIgniter\Debug\Exceptions->errorHandler(2, 'Undefined variable $libros', 'C:\\xampp\\htdocs\\crudCodenaiter\\biblioteca\\app\\Views\\libros\\listar.php', 26)
 2 SYSTEMPATH\View\View.php(213): include('C:\\xampp\\htdocs\\crudCodenaiter\\biblioteca\\app\\Views\\libros\\listar.php')
 3 SYSTEMPATH\View\View.php(216): CodeIgniter\View\View->CodeIgniter\View\{closure}()
 4 SYSTEMPATH\Common.php(1184): CodeIgniter\View\View->render('libros/listar', [], true)
 5 APPPATH\Controllers\Home.php(9): view('libros/listar')
 6 SYSTEMPATH\CodeIgniter.php(934): App\Controllers\Home->index()
 7 SYSTEMPATH\CodeIgniter.php(499): CodeIgniter\CodeIgniter->runController(Object(App\Controllers\Home))
 8 SYSTEMPATH\CodeIgniter.php(368): CodeIgniter\CodeIgniter->handleRequest(null, Object(Config\Cache), false)
 9 FCPATH\index.php(67): CodeIgniter\CodeIgniter->run()
CRITICAL - 2023-05-01 23:36:01 --> Undefined variable $libros
in APPPATH\Views\libros\listar.php on line 26.
 1 APPPATH\Views\libros\listar.php(26): CodeIgniter\Debug\Exceptions->errorHandler(2, 'Undefined variable $libros', 'C:\\xampp\\htdocs\\crudCodenaiter\\biblioteca\\app\\Views\\libros\\listar.php', 26)
 2 SYSTEMPATH\View\View.php(213): include('C:\\xampp\\htdocs\\crudCodenaiter\\biblioteca\\app\\Views\\libros\\listar.php')
 3 SYSTEMPATH\View\View.php(216): CodeIgniter\View\View->CodeIgniter\View\{closure}()
 4 SYSTEMPATH\Common.php(1184): CodeIgniter\View\View->render('libros/listar', [], true)
 5 APPPATH\Controllers\Home.php(9): view('libros/listar')
 6 SYSTEMPATH\CodeIgniter.php(934): App\Controllers\Home->index()
 7 SYSTEMPATH\CodeIgniter.php(499): CodeIgniter\CodeIgniter->runController(Object(App\Controllers\Home))
 8 SYSTEMPATH\CodeIgniter.php(368): CodeIgniter\CodeIgniter->handleRequest(null, Object(Config\Cache), false)
 9 FCPATH\index.php(67): CodeIgniter\CodeIgniter->run()
CRITICAL - 2023-05-01 23:39:02 --> Undefined variable $libros
in APPPATH\Views\index.php on line 26.
 1 APPPATH\Views\index.php(26): CodeIgniter\Debug\Exceptions->errorHandler(2, 'Undefined variable $libros', 'C:\\xampp\\htdocs\\crudCodenaiter\\biblioteca\\app\\Views\\index.php', 26)
 2 SYSTEMPATH\View\View.php(213): include('C:\\xampp\\htdocs\\crudCodenaiter\\biblioteca\\app\\Views\\index.php')
 3 SYSTEMPATH\View\View.php(216): CodeIgniter\View\View->CodeIgniter\View\{closure}()
 4 SYSTEMPATH\Common.php(1184): CodeIgniter\View\View->render('index', [], true)
 5 APPPATH\Controllers\Home.php(9): view('index')
 6 SYSTEMPATH\CodeIgniter.php(934): App\Controllers\Home->index()
 7 SYSTEMPATH\CodeIgniter.php(499): CodeIgniter\CodeIgniter->runController(Object(App\Controllers\Home))
 8 SYSTEMPATH\CodeIgniter.php(368): CodeIgniter\CodeIgniter->handleRequest(null, Object(Config\Cache), false)
 9 FCPATH\index.php(67): CodeIgniter\CodeIgniter->run()
CRITICAL - 2023-05-01 23:39:03 --> Undefined variable $libros
in APPPATH\Views\index.php on line 26.
 1 APPPATH\Views\index.php(26): CodeIgniter\Debug\Exceptions->errorHandler(2, 'Undefined variable $libros', 'C:\\xampp\\htdocs\\crudCodenaiter\\biblioteca\\app\\Views\\index.php', 26)
 2 SYSTEMPATH\View\View.php(213): include('C:\\xampp\\htdocs\\crudCodenaiter\\biblioteca\\app\\Views\\index.php')
 3 SYSTEMPATH\View\View.php(216): CodeIgniter\View\View->CodeIgniter\View\{closure}()
 4 SYSTEMPATH\Common.php(1184): CodeIgniter\View\View->render('index', [], true)
 5 APPPATH\Controllers\Home.php(9): view('index')
 6 SYSTEMPATH\CodeIgniter.php(934): App\Controllers\Home->index()
 7 SYSTEMPATH\CodeIgniter.php(499): CodeIgniter\CodeIgniter->runController(Object(App\Controllers\Home))
 8 SYSTEMPATH\CodeIgniter.php(368): CodeIgniter\CodeIgniter->handleRequest(null, Object(Config\Cache), false)
 9 FCPATH\index.php(67): CodeIgniter\CodeIgniter->run()
CRITICAL - 2023-05-01 23:39:04 --> Undefined variable $libros
in APPPATH\Views\index.php on line 26.
 1 APPPATH\Views\index.php(26): CodeIgniter\Debug\Exceptions->errorHandler(2, 'Undefined variable $libros', 'C:\\xampp\\htdocs\\crudCodenaiter\\biblioteca\\app\\Views\\index.php', 26)
 2 SYSTEMPATH\View\View.php(213): include('C:\\xampp\\htdocs\\crudCodenaiter\\biblioteca\\app\\Views\\index.php')
 3 SYSTEMPATH\View\View.php(216): CodeIgniter\View\View->CodeIgniter\View\{closure}()
 4 SYSTEMPATH\Common.php(1184): CodeIgniter\View\View->render('index', [], true)
 5 APPPATH\Controllers\Home.php(9): view('index')
 6 SYSTEMPATH\CodeIgniter.php(934): App\Controllers\Home->index()
 7 SYSTEMPATH\CodeIgniter.php(499): CodeIgniter\CodeIgniter->runController(Object(App\Controllers\Home))
 8 SYSTEMPATH\CodeIgniter.php(368): CodeIgniter\CodeIgniter->handleRequest(null, Object(Config\Cache), false)
 9 FCPATH\index.php(67): CodeIgniter\CodeIgniter->run()
CRITICAL - 2023-05-01 23:39:04 --> Undefined variable $libros
in APPPATH\Views\index.php on line 26.
 1 APPPATH\Views\index.php(26): CodeIgniter\Debug\Exceptions->errorHandler(2, 'Undefined variable $libros', 'C:\\xampp\\htdocs\\crudCodenaiter\\biblioteca\\app\\Views\\index.php', 26)
 2 SYSTEMPATH\View\View.php(213): include('C:\\xampp\\htdocs\\crudCodenaiter\\biblioteca\\app\\Views\\index.php')
 3 SYSTEMPATH\View\View.php(216): CodeIgniter\View\View->CodeIgniter\View\{closure}()
 4 SYSTEMPATH\Common.php(1184): CodeIgniter\View\View->render('index', [], true)
 5 APPPATH\Controllers\Home.php(9): view('index')
 6 SYSTEMPATH\CodeIgniter.php(934): App\Controllers\Home->index()
 7 SYSTEMPATH\CodeIgniter.php(499): CodeIgniter\CodeIgniter->runController(Object(App\Controllers\Home))
 8 SYSTEMPATH\CodeIgniter.php(368): CodeIgniter\CodeIgniter->handleRequest(null, Object(Config\Cache), false)
 9 FCPATH\index.php(67): CodeIgniter\CodeIgniter->run()
